[ 2018-03-05T09:03:24+08:00 ] 127.0.0.1 /tp/shop/index.php/Index/__MODULE__/User/register
INFO: [ app_init ] --START--
INFO: Run Behavior\BuildLiteBehavior [ RunTime:0.000093s ]
INFO: [ app_init ] --END-- [ RunTime:0.013026s ]
INFO: [ app_begin ] --START--
INFO: Run Behavior\ReadHtmlCacheBehavior [ RunTime:0.034309s ]
INFO: [ app_begin ] --END-- [ RunTime:0.034727s ]
ERR: 非法操作:__MODULE__

[ 2018-03-05T09:03:27+08:00 ] 127.0.0.1 /tp/shop/index.php/Index/data/flashdata/dynfocus/cycle_image.js
INFO: [ app_init ] --START--
INFO: Run Behavior\BuildLiteBehavior [ RunTime:0.000061s ]
INFO: [ app_init ] --END-- [ RunTime:0.001361s ]
INFO: [ app_begin ] --START--
INFO: Run Behavior\ReadHtmlCacheBehavior [ RunTime:0.001142s ]
INFO: [ app_begin ] --END-- [ RunTime:0.001298s ]
ERR: 非法操作:data

[ 2018-03-05T09:03:28+08:00 ] 127.0.0.1 /tp/shop/index.php/Index/api/cron.php?t=1516068215
INFO: [ app_init ] --START--
INFO: Run Behavior\BuildLiteBehavior [ RunTime:0.000060s ]
INFO: [ app_init ] --END-- [ RunTime:0.001375s ]
INFO: [ app_begin ] --START--
INFO: Run Behavior\ReadHtmlCacheBehavior [ RunTime:0.000891s ]
INFO: [ app_begin ] --END-- [ RunTime:0.001117s ]
ERR: 非法操作:api

[ 2018-03-05T09:03:28+08:00 ] 127.0.0.1 /tp/shop/index.php/Index/data/flashdata/dynfocus/skin/layer.css
INFO: [ app_init ] --START--
INFO: Run Behavior\BuildLiteBehavior [ RunTime:0.000031s ]
INFO: [ app_init ] --END-- [ RunTime:0.000550s ]
INFO: [ app_begin ] --START--
INFO: Run Behavior\ReadHtmlCacheBehavior [ RunTime:0.000928s ]
INFO: [ app_begin ] --END-- [ RunTime:0.001116s ]
ERR: 非法操作:data

[ 2018-03-05T09:06:13+08:00 ] 127.0.0.1 /tp/shop/index.php/Index/index.html
INFO: [ app_init ] --START--
INFO: Run Behavior\BuildLiteBehavior [ RunTime:0.000030s ]
INFO: [ app_init ] --END-- [ RunTime:0.000645s ]
INFO: [ app_begin ] --START--
INFO: Run Behavior\ReadHtmlCacheBehavior [ RunTime:0.001003s ]
INFO: [ app_begin ] --END-- [ RunTime:0.001177s ]
INFO: [ view_parse ] --START--
NOTIC: [8] Use of undefined constant HOME_JS_URL - assumed 'HOME_JS_URL' C:\wamp\www\tp\shop\Runtime\Cache\00a2269647449e690a158e5b4f1627e69fb01266.file.index.html.php 第 43 行.
NOTIC: [8] Use of undefined constant HOME_JS_URL - assumed 'HOME_JS_URL' C:\wamp\www\tp\shop\Runtime\Cache\00a2269647449e690a158e5b4f1627e69fb01266.file.index.html.php 第 55 行.
NOTIC: [8] Use of undefined constant HOME_JS_URL - assumed 'HOME_JS_URL' C:\wamp\www\tp\shop\Runtime\Cache\00a2269647449e690a158e5b4f1627e69fb01266.file.index.html.php 第 56 行.
NOTIC: [8] Undefined index: lang C:\wamp\www\tp\shop\Runtime\Cache\00a2269647449e690a158e5b4f1627e69fb01266.file.index.html.php 第 292 行.
NOTIC: [8] Trying to get property of non-object C:\wamp\www\tp\shop\Runtime\Cache\00a2269647449e690a158e5b4f1627e69fb01266.file.index.html.php 第 292 行.
NOTIC: [8] Undefined index: vote C:\wamp\www\tp\shop\Runtime\Cache\00a2269647449e690a158e5b4f1627e69fb01266.file.index.html.php 第 297 行.
NOTIC: [8] Trying to get property of non-object C:\wamp\www\tp\shop\Runtime\Cache\00a2269647449e690a158e5b4f1627e69fb01266.file.index.html.php 第 297 行.
NOTIC: [8] Undefined index: vote C:\wamp\www\tp\shop\Runtime\Cache\00a2269647449e690a158e5b4f1627e69fb01266.file.index.html.php 第 308 行.
NOTIC: [8] Trying to get property of non-object C:\wamp\www\tp\shop\Runtime\Cache\00a2269647449e690a158e5b4f1627e69fb01266.file.index.html.php 第 308 行.
NOTIC: [8] Undefined index: vote_id C:\wamp\www\tp\shop\Runtime\Cache\00a2269647449e690a158e5b4f1627e69fb01266.file.index.html.php 第 334 行.
NOTIC: [8] Trying to get property of non-object C:\wamp\www\tp\shop\Runtime\Cache\00a2269647449e690a158e5b4f1627e69fb01266.file.index.html.php 第 334 行.
NOTIC: [8] Undefined index: lang C:\wamp\www\tp\shop\Runtime\Cache\00a2269647449e690a158e5b4f1627e69fb01266.file.index.html.php 第 336 行.
NOTIC: [8] Trying to get property of non-object C:\wamp\www\tp\shop\Runtime\Cache\00a2269647449e690a158e5b4f1627e69fb01266.file.index.html.php 第 336 行.
NOTIC: [8] Undefined index: lang C:\wamp\www\tp\shop\Runtime\Cache\00a2269647449e690a158e5b4f1627e69fb01266.file.index.html.php 第 338 行.
NOTIC: [8] Trying to get property of non-object C:\wamp\www\tp\shop\Runtime\Cache\00a2269647449e690a158e5b4f1627e69fb01266.file.index.html.php 第 338 行.
INFO: Run Behavior\ParseTemplateBehavior [ RunTime:1.728545s ]
INFO: [ view_parse ] --END-- [ RunTime:1.728763s ]
INFO: [ view_filter ] --START--
INFO: Run Behavior\WriteHtmlCacheBehavior [ RunTime:0.018083s ]
INFO: [ view_filter ] --END-- [ RunTime:0.018236s ]
INFO: [ app_end ] --START--
INFO: Run Behavior\ShowPageTraceBehavior [ RunTime:0.006947s ]
INFO: [ app_end ] --END-- [ RunTime:0.007337s ]

[ 2018-03-05T09:06:13+08:00 ] 127.0.0.1 /tp/shop/index.php/Index/HOME_JS_URL/common.js
INFO: [ app_init ] --START--
INFO: Run Behavior\BuildLiteBehavior [ RunTime:0.000062s ]
INFO: [ app_init ] --END-- [ RunTime:0.001065s ]
INFO: [ app_begin ] --START--
INFO: Run Behavior\ReadHtmlCacheBehavior [ RunTime:0.000935s ]
INFO: [ app_begin ] --END-- [ RunTime:0.001091s ]
ERR: 非法操作:HOME_JS_URL

[ 2018-03-05T09:06:13+08:00 ] 127.0.0.1 /tp/shop/index.php/Index/HOME_JS_URL/transport.js
INFO: [ app_init ] --START--
INFO: Run Behavior\BuildLiteBehavior [ RunTime:0.000037s ]
INFO: [ app_init ] --END-- [ RunTime:0.001339s ]
INFO: [ app_begin ] --START--
INFO: Run Behavior\ReadHtmlCacheBehavior [ RunTime:0.002084s ]
INFO: [ app_begin ] --END-- [ RunTime:0.002350s ]
ERR: 非法操作:HOME_JS_URL

[ 2018-03-05T09:06:13+08:00 ] 127.0.0.1 /tp/shop/index.php/Index/HOME_JS_URL/utils.js
INFO: [ app_init ] --START--
INFO: Run Behavior\BuildLiteBehavior [ RunTime:0.000059s ]
INFO: [ app_init ] --END-- [ RunTime:0.001007s ]
INFO: [ app_begin ] --START--
INFO: Run Behavior\ReadHtmlCacheBehavior [ RunTime:0.001302s ]
INFO: [ app_begin ] --END-- [ RunTime:0.001611s ]
ERR: 非法操作:HOME_JS_URL

[ 2018-03-05T09:06:13+08:00 ] 127.0.0.1 /tp/shop/index.php/Index/data/flashdata/dynfocus/cycle_image.js
INFO: [ app_init ] --START--
INFO: Run Behavior\BuildLiteBehavior [ RunTime:0.000075s ]
INFO: [ app_init ] --END-- [ RunTime:0.000929s ]
INFO: [ app_begin ] --START--
INFO: Run Behavior\ReadHtmlCacheBehavior [ RunTime:0.001353s ]
INFO: [ app_begin ] --END-- [ RunTime:0.001577s ]
ERR: 非法操作:data

[ 2018-03-05T09:06:13+08:00 ] 127.0.0.1 /tp/shop/index.php/Index/data/brandlogo/1240803062307572427.gif
INFO: [ app_init ] --START--
INFO: Run Behavior\BuildLiteBehavior [ RunTime:0.000062s ]
INFO: [ app_init ] --END-- [ RunTime:0.001149s ]

[ 2018-03-05T09:06:13+08:00 ] 127.0.0.1 /tp/shop/index.php/Index/data/brandlogo/1240803412367015368.gif
INFO: [ app_init ] --START--
INFO: Run Behavior\BuildLiteBehavior [ RunTime:0.000059s ]
INFO: [ app_init ] --END-- [ RunTime:0.000942s ]

[ 2018-03-05T09:06:13+08:00 ] 127.0.0.1 /tp/shop/index.php/Index/data/brandlogo/1240803144788047486.gif
INFO: [ app_init ] --START--
INFO: Run Behavior\BuildLiteBehavior [ RunTime:0.000225s ]
INFO: [ app_init ] --END-- [ RunTime:0.002101s ]

[ 2018-03-05T09:06:13+08:00 ] 127.0.0.1 /tp/shop/index.php/Index/data/brandlogo/1240803352280856940.gif
INFO: [ app_init ] --START--
INFO: Run Behavior\BuildLiteBehavior [ RunTime:0.000054s ]
INFO: [ app_init ] --END-- [ RunTime:0.000958s ]

[ 2018-03-05T09:06:13+08:00 ] 127.0.0.1 /tp/shop/index.php/Index/data/brandlogo/1240803247838195732.gif
INFO: [ app_init ] --START--
INFO: Run Behavior\BuildLiteBehavior [ RunTime:0.000098s ]
INFO: [ app_init ] --END-- [ RunTime:0.001528s ]

[ 2018-03-05T09:06:13+08:00 ] 127.0.0.1 /tp/shop/index.php/Index/data/brandlogo/1240803482283160654.gif
INFO: [ app_init ] --START--
INFO: Run Behavior\BuildLiteBehavior [ RunTime:0.000056s ]
INFO: [ app_init ] --END-- [ RunTime:0.000935s ]

[ 2018-03-05T09:06:13+08:00 ] 127.0.0.1 /tp/shop/index.php/Index/data/brandlogo/1240803578417877983.gif
INFO: [ app_init ] --START--
INFO: Run Behavior\BuildLiteBehavior [ RunTime:0.000059s ]
INFO: [ app_init ] --END-- [ RunTime:0.001257s ]

[ 2018-03-05T09:06:13+08:00 ] 127.0.0.1 /tp/shop/index.php/Index/data/brandlogo/1240802922410634065.gif
INFO: [ app_init ] --START--
INFO: Run Behavior\BuildLiteBehavior [ RunTime:0.000082s ]
INFO: [ app_init ] --END-- [ RunTime:0.001174s ]

[ 2018-03-05T09:06:13+08:00 ] 127.0.0.1 /tp/shop/index.php/Index/data/brandlogo/1240803526904622792.gif
INFO: [ app_init ] --START--
INFO: Run Behavior\BuildLiteBehavior [ RunTime:0.000060s ]
INFO: [ app_init ] --END-- [ RunTime:0.001123s ]

[ 2018-03-05T09:06:14+08:00 ] 127.0.0.1 /tp/shop/index.php/Index/api/cron.php?t=1516068215
INFO: [ app_init ] --START--
INFO: Run Behavior\BuildLiteBehavior [ RunTime:0.000032s ]
INFO: [ app_init ] --END-- [ RunTime:0.000589s ]
INFO: [ app_begin ] --START--
INFO: Run Behavior\ReadHtmlCacheBehavior [ RunTime:0.003937s ]
INFO: [ app_begin ] --END-- [ RunTime:0.004275s ]
ERR: 非法操作:api

[ 2018-03-05T09:06:14+08:00 ] 127.0.0.1 /tp/shop/index.php/Index/data/flashdata/dynfocus/skin/layer.css
INFO: [ app_init ] --START--
INFO: Run Behavior\BuildLiteBehavior [ RunTime:0.000034s ]
INFO: [ app_init ] --END-- [ RunTime:0.000659s ]
INFO: [ app_begin ] --START--
INFO: Run Behavior\ReadHtmlCacheBehavior [ RunTime:0.000787s ]
INFO: [ app_begin ] --END-- [ RunTime:0.000944s ]
ERR: 非法操作:data

[ 2018-03-05T09:06:32+08:00 ] 127.0.0.1 /tp/shop/index.php/Index/__MODULE__/User/login
INFO: [ app_init ] --START--
INFO: Run Behavior\BuildLiteBehavior [ RunTime:0.000036s ]
INFO: [ app_init ] --END-- [ RunTime:0.000638s ]
INFO: [ app_begin ] --START--
INFO: Run Behavior\ReadHtmlCacheBehavior [ RunTime:0.000859s ]
INFO: [ app_begin ] --END-- [ RunTime:0.001038s ]
ERR: 非法操作:__MODULE__

[ 2018-03-05T09:06:36+08:00 ] 127.0.0.1 /tp/shop/index.php/Index/HOME_JS_URL/common.js
INFO: [ app_init ] --START--
INFO: Run Behavior\BuildLiteBehavior [ RunTime:0.000032s ]
INFO: [ app_init ] --END-- [ RunTime:0.000555s ]
INFO: [ app_begin ] --START--
INFO: Run Behavior\ReadHtmlCacheBehavior [ RunTime:0.001065s ]
INFO: [ app_begin ] --END-- [ RunTime:0.001275s ]
ERR: 非法操作:HOME_JS_URL

[ 2018-03-05T09:06:36+08:00 ] 127.0.0.1 /tp/shop/index.php/Index/HOME_JS_URL/transport.js
INFO: [ app_init ] --START--
INFO: Run Behavior\BuildLiteBehavior [ RunTime:0.000030s ]
INFO: [ app_init ] --END-- [ RunTime:0.000582s ]
INFO: [ app_begin ] --START--
INFO: Run Behavior\ReadHtmlCacheBehavior [ RunTime:0.000727s ]
INFO: [ app_begin ] --END-- [ RunTime:0.000876s ]
ERR: 非法操作:HOME_JS_URL

[ 2018-03-05T09:06:36+08:00 ] 127.0.0.1 /tp/shop/index.php/Index/data/flashdata/dynfocus/cycle_image.js
INFO: [ app_init ] --START--
INFO: Run Behavior\BuildLiteBehavior [ RunTime:0.000032s ]
INFO: [ app_init ] --END-- [ RunTime:0.000559s ]
INFO: [ app_begin ] --START--
INFO: Run Behavior\ReadHtmlCacheBehavior [ RunTime:0.001583s ]
INFO: [ app_begin ] --END-- [ RunTime:0.001892s ]
ERR: 非法操作:data

[ 2018-03-05T09:06:36+08:00 ] 127.0.0.1 /tp/shop/index.php/Index/HOME_JS_URL/utils.js
INFO: [ app_init ] --START--
INFO: Run Behavior\BuildLiteBehavior [ RunTime:0.000036s ]
INFO: [ app_init ] --END-- [ RunTime:0.000575s ]
INFO: [ app_begin ] --START--
INFO: Run Behavior\ReadHtmlCacheBehavior [ RunTime:0.000768s ]
INFO: [ app_begin ] --END-- [ RunTime:0.000925s ]
ERR: 非法操作:HOME_JS_URL

[ 2018-03-05T09:06:36+08:00 ] 127.0.0.1 /tp/shop/index.php/Index/api/cron.php?t=1516068215
INFO: [ app_init ] --START--
INFO: Run Behavior\BuildLiteBehavior [ RunTime:0.000059s ]
INFO: [ app_init ] --END-- [ RunTime:0.001010s ]
INFO: [ app_begin ] --START--
INFO: Run Behavior\ReadHtmlCacheBehavior [ RunTime:0.000794s ]
INFO: [ app_begin ] --END-- [ RunTime:0.001007s ]
ERR: 非法操作:api

[ 2018-03-05T09:06:36+08:00 ] 127.0.0.1 /tp/shop/index.php/Index/data/flashdata/dynfocus/cycle_image.js
INFO: [ app_init ] --START--
INFO: Run Behavior\BuildLiteBehavior [ RunTime:0.000059s ]
INFO: [ app_init ] --END-- [ RunTime:0.000959s ]
INFO: [ app_begin ] --START--
INFO: Run Behavior\ReadHtmlCacheBehavior [ RunTime:0.001208s ]
INFO: [ app_begin ] --END-- [ RunTime:0.001498s ]
ERR: 非法操作:data

[ 2018-03-05T09:06:36+08:00 ] 127.0.0.1 /tp/shop/index.php/Index/data/flashdata/dynfocus/skin/layer.css
INFO: [ app_init ] --START--
INFO: Run Behavior\BuildLiteBehavior [ RunTime:0.000032s ]
INFO: [ app_init ] --END-- [ RunTime:0.000567s ]
INFO: [ app_begin ] --START--
INFO: Run Behavior\ReadHtmlCacheBehavior [ RunTime:0.000725s ]
INFO: [ app_begin ] --END-- [ RunTime:0.000874s ]
ERR: 非法操作:data

[ 2018-03-05T09:07:11+08:00 ] 127.0.0.1 /tp/shop/index.php/Index/index.html
INFO: [ app_init ] --START--
INFO: Run Behavior\BuildLiteBehavior [ RunTime:0.000035s ]
INFO: [ app_init ] --END-- [ RunTime:0.001164s ]
INFO: [ app_begin ] --START--
INFO: Run Behavior\ReadHtmlCacheBehavior [ RunTime:0.000738s ]
INFO: [ app_begin ] --END-- [ RunTime:0.000893s ]
INFO: [ view_parse ] --START--
NOTIC: [8] Use of undefined constant HOME_JS_URL - assumed 'HOME_JS_URL' C:\wamp\www\tp\shop\Runtime\Cache\00a2269647449e690a158e5b4f1627e69fb01266.file.index.html.php 第 43 行.
NOTIC: [8] Use of undefined constant HOME_JS_URL - assumed 'HOME_JS_URL' C:\wamp\www\tp\shop\Runtime\Cache\00a2269647449e690a158e5b4f1627e69fb01266.file.index.html.php 第 55 行.
NOTIC: [8] Use of undefined constant HOME_JS_URL - assumed 'HOME_JS_URL' C:\wamp\www\tp\shop\Runtime\Cache\00a2269647449e690a158e5b4f1627e69fb01266.file.index.html.php 第 56 行.
NOTIC: [8] Use of undefined constant __MOFULE__ - assumed '__MOFULE__' C:\wamp\www\tp\shop\Runtime\Cache\00a2269647449e690a158e5b4f1627e69fb01266.file.index.html.php 第 59 行.
NOTIC: [8] Use of undefined constant __MOFULE__ - assumed '__MOFULE__' C:\wamp\www\tp\shop\Runtime\Cache\00a2269647449e690a158e5b4f1627e69fb01266.file.index.html.php 第 62 行.
NOTIC: [8] Undefined index: lang C:\wamp\www\tp\shop\Runtime\Cache\00a2269647449e690a158e5b4f1627e69fb01266.file.index.html.php 第 294 行.
NOTIC: [8] Trying to get property of non-object C:\wamp\www\tp\shop\Runtime\Cache\00a2269647449e690a158e5b4f1627e69fb01266.file.index.html.php 第 294 行.
NOTIC: [8] Undefined index: vote C:\wamp\www\tp\shop\Runtime\Cache\00a2269647449e690a158e5b4f1627e69fb01266.file.index.html.php 第 299 行.
NOTIC: [8] Trying to get property of non-object C:\wamp\www\tp\shop\Runtime\Cache\00a2269647449e690a158e5b4f1627e69fb01266.file.index.html.php 第 299 行.
NOTIC: [8] Undefined index: vote C:\wamp\www\tp\shop\Runtime\Cache\00a2269647449e690a158e5b4f1627e69fb01266.file.index.html.php 第 310 行.
NOTIC: [8] Trying to get property of non-object C:\wamp\www\tp\shop\Runtime\Cache\00a2269647449e690a158e5b4f1627e69fb01266.file.index.html.php 第 310 行.
NOTIC: [8] Undefined index: vote_id C:\wamp\www\tp\shop\Runtime\Cache\00a2269647449e690a158e5b4f1627e69fb01266.file.index.html.php 第 336 行.
NOTIC: [8] Trying to get property of non-object C:\wamp\www\tp\shop\Runtime\Cache\00a2269647449e690a158e5b4f1627e69fb01266.file.index.html.php 第 336 行.
NOTIC: [8] Undefined index: lang C:\wamp\www\tp\shop\Runtime\Cache\00a2269647449e690a158e5b4f1627e69fb01266.file.index.html.php 第 338 行.
NOTIC: [8] Trying to get property of non-object C:\wamp\www\tp\shop\Runtime\Cache\00a2269647449e690a158e5b4f1627e69fb01266.file.index.html.php 第 338 行.
NOTIC: [8] Undefined index: lang C:\wamp\www\tp\shop\Runtime\Cache\00a2269647449e690a158e5b4f1627e69fb01266.file.index.html.php 第 340 行.
NOTIC: [8] Trying to get property of non-object C:\wamp\www\tp\shop\Runtime\Cache\00a2269647449e690a158e5b4f1627e69fb01266.file.index.html.php 第 340 行.
INFO: Run Behavior\ParseTemplateBehavior [ RunTime:0.631559s ]
INFO: [ view_parse ] --END-- [ RunTime:0.631730s ]
INFO: [ view_filter ] --START--
INFO: Run Behavior\WriteHtmlCacheBehavior [ RunTime:0.001338s ]
INFO: [ view_filter ] --END-- [ RunTime:0.001471s ]
INFO: [ app_end ] --START--
INFO: Run Behavior\ShowPageTraceBehavior [ RunTime:0.001274s ]
INFO: [ app_end ] --END-- [ RunTime:0.001501s ]

[ 2018-03-05T09:07:11+08:00 ] 127.0.0.1 /tp/shop/index.php/Index/HOME_JS_URL/transport.js
INFO: [ app_init ] --START--
INFO: Run Behavior\BuildLiteBehavior [ RunTime:0.000032s ]
INFO: [ app_init ] --END-- [ RunTime:0.000613s ]
INFO: [ app_begin ] --START--
INFO: Run Behavior\ReadHtmlCacheBehavior [ RunTime:0.001212s ]
INFO: [ app_begin ] --END-- [ RunTime:0.001483s ]
ERR: 非法操作:HOME_JS_URL

[ 2018-03-05T09:07:11+08:00 ] 127.0.0.1 /tp/shop/index.php/Index/HOME_JS_URL/common.js
INFO: [ app_init ] --START--
INFO: Run Behavior\BuildLiteBehavior [ RunTime:0.000033s ]
INFO: [ app_init ] --END-- [ RunTime:0.000667s ]
INFO: [ app_begin ] --START--
INFO: Run Behavior\ReadHtmlCacheBehavior [ RunTime:0.001624s ]
INFO: [ app_begin ] --END-- [ RunTime:0.001864s ]
ERR: 非法操作:HOME_JS_URL

[ 2018-03-05T09:07:11+08:00 ] 127.0.0.1 /tp/shop/index.php/Index/data/brandlogo/1240803062307572427.gif
INFO: [ app_init ] --START--
INFO: Run Behavior\BuildLiteBehavior [ RunTime:0.000053s ]
INFO: [ app_init ] --END-- [ RunTime:0.000860s ]

[ 2018-03-05T09:07:11+08:00 ] 127.0.0.1 /tp/shop/index.php/Index/data/brandlogo/1240803144788047486.gif
INFO: [ app_init ] --START--
INFO: Run Behavior\BuildLiteBehavior [ RunTime:0.000054s ]
INFO: [ app_init ] --END-- [ RunTime:0.000864s ]

[ 2018-03-05T09:07:11+08:00 ] 127.0.0.1 /tp/shop/index.php/Index/data/brandlogo/1240802922410634065.gif
INFO: [ app_init ] --START--
INFO: Run Behavior\BuildLiteBehavior [ RunTime:0.000058s ]
INFO: [ app_init ] --END-- [ RunTime:0.000893s ]

[ 2018-03-05T09:07:11+08:00 ] 127.0.0.1 /tp/shop/index.php/Index/data/flashdata/dynfocus/cycle_image.js
INFO: [ app_init ] --START--
INFO: Run Behavior\BuildLiteBehavior [ RunTime:0.000060s ]
INFO: [ app_init ] --END-- [ RunTime:0.001059s ]
INFO: [ app_begin ] --START--
INFO: Run Behavior\ReadHtmlCacheBehavior [ RunTime:0.001435s ]
INFO: [ app_begin ] --END-- [ RunTime:0.001742s ]
ERR: 非法操作:data

[ 2018-03-05T09:07:11+08:00 ] 127.0.0.1 /tp/shop/index.php/Index/HOME_JS_URL/utils.js
INFO: [ app_init ] --START--
INFO: Run Behavior\BuildLiteBehavior [ RunTime:0.000058s ]
INFO: [ app_init ] --END-- [ RunTime:0.000922s ]
INFO: [ app_begin ] --START--
INFO: Run Behavior\ReadHtmlCacheBehavior [ RunTime:0.001324s ]
INFO: [ app_begin ] --END-- [ RunTime:0.001731s ]
ERR: 非法操作:HOME_JS_URL

[ 2018-03-05T09:07:11+08:00 ] 127.0.0.1 /tp/shop/index.php/Index/data/brandlogo/1240803247838195732.gif
INFO: [ app_init ] --START--
INFO: Run Behavior\BuildLiteBehavior [ RunTime:0.000059s ]
INFO: [ app_init ] --END-- [ RunTime:0.000910s ]

[ 2018-03-05T09:07:11+08:00 ] 127.0.0.1 /tp/shop/index.php/Index/HOME_JS_URL/transport.js
INFO: [ app_init ] --START--
INFO: Run Behavior\BuildLiteBehavior [ RunTime:0.000060s ]
INFO: [ app_init ] --END-- [ RunTime:0.001009s ]
INFO: [ app_begin ] --START--
INFO: Run Behavior\ReadHtmlCacheBehavior [ RunTime:0.001940s ]
INFO: [ app_begin ] --END-- [ RunTime:0.002780s ]
ERR: 非法操作:HOME_JS_URL

[ 2018-03-05T09:07:11+08:00 ] 127.0.0.1 /tp/shop/index.php/Index/data/brandlogo/1240803412367015368.gif
INFO: [ app_init ] --START--
INFO: Run Behavior\BuildLiteBehavior [ RunTime:0.000054s ]
INFO: [ app_init ] --END-- [ RunTime:0.000880s ]

[ 2018-03-05T09:07:11+08:00 ] 127.0.0.1 /tp/shop/index.php/Index/data/brandlogo/1240803526904622792.gif
INFO: [ app_init ] --START--
INFO: Run Behavior\BuildLiteBehavior [ RunTime:0.000057s ]
INFO: [ app_init ] --END-- [ RunTime:0.000908s ]

[ 2018-03-05T09:07:11+08:00 ] 127.0.0.1 /tp/shop/index.php/Index/data/brandlogo/1240803352280856940.gif
INFO: [ app_init ] --START--
INFO: Run Behavior\BuildLiteBehavior [ RunTime:0.000058s ]
INFO: [ app_init ] --END-- [ RunTime:0.000904s ]

[ 2018-03-05T09:07:11+08:00 ] 127.0.0.1 /tp/shop/index.php/Index/data/brandlogo/1240803578417877983.gif
INFO: [ app_init ] --START--
INFO: Run Behavior\BuildLiteBehavior [ RunTime:0.000062s ]
INFO: [ app_init ] --END-- [ RunTime:0.001236s ]

[ 2018-03-05T09:07:11+08:00 ] 127.0.0.1 /tp/shop/index.php/Index/data/brandlogo/1240803482283160654.gif
INFO: [ app_init ] --START--
INFO: Run Behavior\BuildLiteBehavior [ RunTime:0.000032s ]
INFO: [ app_init ] --END-- [ RunTime:0.000865s ]

[ 2018-03-05T09:07:11+08:00 ] 127.0.0.1 /tp/shop/index.php/Index/HOME_JS_URL/utils.js
INFO: [ app_init ] --START--
INFO: Run Behavior\BuildLiteBehavior [ RunTime:0.000058s ]
INFO: [ app_init ] --END-- [ RunTime:0.000909s ]
INFO: [ app_begin ] --START--
INFO: Run Behavior\ReadHtmlCacheBehavior [ RunTime:0.001346s ]
INFO: [ app_begin ] --END-- [ RunTime:0.001658s ]
ERR: 非法操作:HOME_JS_URL

[ 2018-03-05T09:07:11+08:00 ] 127.0.0.1 /tp/shop/index.php/Index/api/cron.php?t=1516068215
INFO: [ app_init ] --START--
INFO: Run Behavior\BuildLiteBehavior [ RunTime:0.000031s ]
INFO: [ app_init ] --END-- [ RunTime:0.000571s ]
INFO: [ app_begin ] --START--
INFO: Run Behavior\ReadHtmlCacheBehavior [ RunTime:0.001147s ]
INFO: [ app_begin ] --END-- [ RunTime:0.001450s ]
ERR: 非法操作:api

[ 2018-03-05T09:07:12+08:00 ] 127.0.0.1 /tp/shop/index.php/Index/data/flashdata/dynfocus/cycle_image.js
INFO: [ app_init ] --START--
INFO: Run Behavior\BuildLiteBehavior [ RunTime:0.000064s ]
INFO: [ app_init ] --END-- [ RunTime:0.002135s ]
INFO: [ app_begin ] --START--
INFO: Run Behavior\ReadHtmlCacheBehavior [ RunTime:0.000841s ]
INFO: [ app_begin ] --END-- [ RunTime:0.000999s ]
ERR: 非法操作:data

[ 2018-03-05T09:07:12+08:00 ] 127.0.0.1 /tp/shop/index.php/Index/data/flashdata/dynfocus/skin/layer.css
INFO: [ app_init ] --START--
INFO: Run Behavior\BuildLiteBehavior [ RunTime:0.000033s ]
INFO: [ app_init ] --END-- [ RunTime:0.000564s ]
INFO: [ app_begin ] --START--
INFO: Run Behavior\ReadHtmlCacheBehavior [ RunTime:0.000734s ]
INFO: [ app_begin ] --END-- [ RunTime:0.000883s ]
ERR: 非法操作:data

[ 2018-03-05T09:07:13+08:00 ] 127.0.0.1 /tp/shop/index.php/Index/__MOFULE__/User/login
INFO: [ app_init ] --START--
INFO: Run Behavior\BuildLiteBehavior [ RunTime:0.000060s ]
INFO: [ app_init ] --END-- [ RunTime:0.001101s ]
INFO: [ app_begin ] --START--
INFO: Run Behavior\ReadHtmlCacheBehavior [ RunTime:0.001265s ]
INFO: [ app_begin ] --END-- [ RunTime:0.001510s ]
ERR: 非法操作:__MOFULE__

[ 2018-03-05T09:07:14+08:00 ] 127.0.0.1 /tp/shop/index.php/Index/HOME_JS_URL/common.js
INFO: [ app_init ] --START--
INFO: Run Behavior\BuildLiteBehavior [ RunTime:0.000063s ]
INFO: [ app_init ] --END-- [ RunTime:0.001027s ]
INFO: [ app_begin ] --START--
INFO: Run Behavior\ReadHtmlCacheBehavior [ RunTime:0.000916s ]
INFO: [ app_begin ] --END-- [ RunTime:0.001139s ]
ERR: 非法操作:HOME_JS_URL

[ 2018-03-05T09:07:14+08:00 ] 127.0.0.1 /tp/shop/index.php/Index/HOME_JS_URL/transport.js
INFO: [ app_init ] --START--
INFO: Run Behavior\BuildLiteBehavior [ RunTime:0.000059s ]
INFO: [ app_init ] --END-- [ RunTime:0.000926s ]
INFO: [ app_begin ] --START--
INFO: Run Behavior\ReadHtmlCacheBehavior [ RunTime:0.001211s ]
INFO: [ app_begin ] --END-- [ RunTime:0.001516s ]
ERR: 非法操作:HOME_JS_URL

[ 2018-03-05T09:07:14+08:00 ] 127.0.0.1 /tp/shop/index.php/Index/HOME_JS_URL/utils.js
INFO: [ app_init ] --START--
INFO: Run Behavior\BuildLiteBehavior [ RunTime:0.000060s ]
INFO: [ app_init ] --END-- [ RunTime:0.001016s ]
INFO: [ app_begin ] --START--
INFO: Run Behavior\ReadHtmlCacheBehavior [ RunTime:0.001182s ]
INFO: [ app_begin ] --END-- [ RunTime:0.001488s ]
ERR: 非法操作:HOME_JS_URL

[ 2018-03-05T09:07:14+08:00 ] 127.0.0.1 /tp/shop/index.php/Index/data/flashdata/dynfocus/cycle_image.js
INFO: [ app_init ] --START--
INFO: Run Behavior\BuildLiteBehavior [ RunTime:0.000057s ]
INFO: [ app_init ] --END-- [ RunTime:0.000911s ]
INFO: [ app_begin ] --START--
INFO: Run Behavior\ReadHtmlCacheBehavior [ RunTime:0.001108s ]
INFO: [ app_begin ] --END-- [ RunTime:0.001376s ]
ERR: 非法操作:data

[ 2018-03-05T09:07:14+08:00 ] 127.0.0.1 /tp/shop/index.php/Index/api/cron.php?t=1516068215
INFO: [ app_init ] --START--
INFO: Run Behavior\BuildLiteBehavior [ RunTime:0.000061s ]
INFO: [ app_init ] --END-- [ RunTime:0.000990s ]
INFO: [ app_begin ] --START--
INFO: Run Behavior\ReadHtmlCacheBehavior [ RunTime:0.001330s ]
INFO: [ app_begin ] --END-- [ RunTime:0.001875s ]
ERR: 非法操作:api

[ 2018-03-05T09:07:14+08:00 ] 127.0.0.1 /tp/shop/index.php/Index/data/flashdata/dynfocus/cycle_image.js
INFO: [ app_init ] --START--
INFO: Run Behavior\BuildLiteBehavior [ RunTime:0.000060s ]
INFO: [ app_init ] --END-- [ RunTime:0.000953s ]
INFO: [ app_begin ] --START--
INFO: Run Behavior\ReadHtmlCacheBehavior [ RunTime:0.001152s ]
INFO: [ app_begin ] --END-- [ RunTime:0.001450s ]
ERR: 非法操作:data

[ 2018-03-05T09:07:14+08:00 ] 127.0.0.1 /tp/shop/index.php/Index/data/flashdata/dynfocus/skin/layer.css
INFO: [ app_init ] --START--
INFO: Run Behavior\BuildLiteBehavior [ RunTime:0.000063s ]
INFO: [ app_init ] --END-- [ RunTime:0.001091s ]
INFO: [ app_begin ] --START--
INFO: Run Behavior\ReadHtmlCacheBehavior [ RunTime:0.000746s ]
INFO: [ app_begin ] --END-- [ RunTime:0.000902s ]
ERR: 非法操作:data

[ 2018-03-05T09:07:39+08:00 ] 127.0.0.1 /tp/shop/index.php/Index/index.html
INFO: [ app_init ] --START--
INFO: Run Behavior\BuildLiteBehavior [ RunTime:0.000066s ]
INFO: [ app_init ] --END-- [ RunTime:0.001118s ]
INFO: [ app_begin ] --START--
INFO: Run Behavior\ReadHtmlCacheBehavior [ RunTime:0.000873s ]
INFO: [ app_begin ] --END-- [ RunTime:0.001039s ]
INFO: [ view_parse ] --START--
NOTIC: [8] Use of undefined constant HOME_JS_URL - assumed 'HOME_JS_URL' C:\wamp\www\tp\shop\Runtime\Cache\00a2269647449e690a158e5b4f1627e69fb01266.file.index.html.php 第 43 行.
NOTIC: [8] Use of undefined constant HOME_JS_URL - assumed 'HOME_JS_URL' C:\wamp\www\tp\shop\Runtime\Cache\00a2269647449e690a158e5b4f1627e69fb01266.file.index.html.php 第 55 行.
NOTIC: [8] Use of undefined constant HOME_JS_URL - assumed 'HOME_JS_URL' C:\wamp\www\tp\shop\Runtime\Cache\00a2269647449e690a158e5b4f1627e69fb01266.file.index.html.php 第 56 行.
NOTIC: [8] Undefined index: lang C:\wamp\www\tp\shop\Runtime\Cache\00a2269647449e690a158e5b4f1627e69fb01266.file.index.html.php 第 294 行.
NOTIC: [8] Trying to get property of non-object C:\wamp\www\tp\shop\Runtime\Cache\00a2269647449e690a158e5b4f1627e69fb01266.file.index.html.php 第 294 行.
NOTIC: [8] Undefined index: vote C:\wamp\www\tp\shop\Runtime\Cache\00a2269647449e690a158e5b4f1627e69fb01266.file.index.html.php 第 299 行.
NOTIC: [8] Trying to get property of non-object C:\wamp\www\tp\shop\Runtime\Cache\00a2269647449e690a158e5b4f1627e69fb01266.file.index.html.php 第 299 行.
NOTIC: [8] Undefined index: vote C:\wamp\www\tp\shop\Runtime\Cache\00a2269647449e690a158e5b4f1627e69fb01266.file.index.html.php 第 310 行.
NOTIC: [8] Trying to get property of non-object C:\wamp\www\tp\shop\Runtime\Cache\00a2269647449e690a158e5b4f1627e69fb01266.file.index.html.php 第 310 行.
NOTIC: [8] Undefined index: vote_id C:\wamp\www\tp\shop\Runtime\Cache\00a2269647449e690a158e5b4f1627e69fb01266.file.index.html.php 第 336 行.
NOTIC: [8] Trying to get property of non-object C:\wamp\www\tp\shop\Runtime\Cache\00a2269647449e690a158e5b4f1627e69fb01266.file.index.html.php 第 336 行.
NOTIC: [8] Undefined index: lang C:\wamp\www\tp\shop\Runtime\Cache\00a2269647449e690a158e5b4f1627e69fb01266.file.index.html.php 第 338 行.
NOTIC: [8] Trying to get property of non-object C:\wamp\www\tp\shop\Runtime\Cache\00a2269647449e690a158e5b4f1627e69fb01266.file.index.html.php 第 338 行.
NOTIC: [8] Undefined index: lang C:\wamp\www\tp\shop\Runtime\Cache\00a2269647449e690a158e5b4f1627e69fb01266.file.index.html.php 第 340 行.
NOTIC: [8] Trying to get property of non-object C:\wamp\www\tp\shop\Runtime\Cache\00a2269647449e690a158e5b4f1627e69fb01266.file.index.html.php 第 340 行.
INFO: Run Behavior\ParseTemplateBehavior [ RunTime:0.928288s ]
INFO: [ view_parse ] --END-- [ RunTime:0.928529s ]
INFO: [ view_filter ] --START--
INFO: Run Behavior\WriteHtmlCacheBehavior [ RunTime:0.001534s ]
INFO: [ view_filter ] --END-- [ RunTime:0.001748s ]
INFO: [ app_end ] --START--
INFO: Run Behavior\ShowPageTraceBehavior [ RunTime:0.001362s ]
INFO: [ app_end ] --END-- [ RunTime:0.001622s ]

[ 2018-03-05T09:07:39+08:00 ] 127.0.0.1 /tp/shop/index.php/Index/HOME_JS_URL/common.js
INFO: [ app_init ] --START--
INFO: Run Behavior\BuildLiteBehavior [ RunTime:0.000032s ]
INFO: [ app_init ] --END-- [ RunTime:0.000582s ]
INFO: [ app_begin ] --START--
INFO: Run Behavior\ReadHtmlCacheBehavior [ RunTime:0.000865s ]
INFO: [ app_begin ] --END-- [ RunTime:0.001059s ]
ERR: 非法操作:HOME_JS_URL

[ 2018-03-05T09:07:39+08:00 ] 127.0.0.1 /tp/shop/index.php/Index/HOME_JS_URL/transport.js
INFO: [ app_init ] --START--
INFO: Run Behavior\BuildLiteBehavior [ RunTime:0.000056s ]
INFO: [ app_init ] --END-- [ RunTime:0.000821s ]
INFO: [ app_begin ] --START--
INFO: Run Behavior\ReadHtmlCacheBehavior [ RunTime:0.000728s ]
INFO: [ app_begin ] --END-- [ RunTime:0.000883s ]
ERR: 非法操作:HOME_JS_URL

[ 2018-03-05T09:07:39+08:00 ] 127.0.0.1 /tp/shop/index.php/Index/data/brandlogo/1240803062307572427.gif
INFO: [ app_init ] --START--
INFO: Run Behavior\BuildLiteBehavior [ RunTime:0.000057s ]
INFO: [ app_init ] --END-- [ RunTime:0.000888s ]

[ 2018-03-05T09:07:39+08:00 ] 127.0.0.1 /tp/shop/index.php/Index/data/brandlogo/1240802922410634065.gif
INFO: [ app_init ] --START--
INFO: Run Behavior\BuildLiteBehavior [ RunTime:0.000058s ]
INFO: [ app_init ] --END-- [ RunTime:0.000917s ]

[ 2018-03-05T09:07:39+08:00 ] 127.0.0.1 /tp/shop/index.php/Index/data/flashdata/dynfocus/cycle_image.js
INFO: [ app_init ] --START--
INFO: Run Behavior\BuildLiteBehavior [ RunTime:0.000059s ]
INFO: [ app_init ] --END-- [ RunTime:0.000922s ]
INFO: [ app_begin ] --START--
INFO: Run Behavior\ReadHtmlCacheBehavior [ RunTime:0.001110s ]
INFO: [ app_begin ] --END-- [ RunTime:0.001388s ]
ERR: 非法操作:data

[ 2018-03-05T09:07:40+08:00 ] 127.0.0.1 /tp/shop/index.php/Index/data/brandlogo/1240803352280856940.gif
INFO: [ app_init ] --START--
INFO: Run Behavior\BuildLiteBehavior [ RunTime:0.000057s ]
INFO: [ app_init ] --END-- [ RunTime:0.000920s ]

[ 2018-03-05T09:07:40+08:00 ] 127.0.0.1 /tp/shop/index.php/Index/HOME_JS_URL/utils.js
INFO: [ app_init ] --START--
INFO: Run Behavior\BuildLiteBehavior [ RunTime:0.000058s ]
INFO: [ app_init ] --END-- [ RunTime:0.000890s ]
INFO: [ app_begin ] --START--
INFO: Run Behavior\ReadHtmlCacheBehavior [ RunTime:0.001159s ]
INFO: [ app_begin ] --END-- [ RunTime:0.001444s ]
ERR: 非法操作:HOME_JS_URL

[ 2018-03-05T09:07:40+08:00 ] 127.0.0.1 /tp/shop/index.php/Index/data/brandlogo/1240803144788047486.gif
INFO: [ app_init ] --START--
INFO: Run Behavior\BuildLiteBehavior [ RunTime:0.000066s ]
INFO: [ app_init ] --END-- [ RunTime:0.000883s ]

[ 2018-03-05T09:07:40+08:00 ] 127.0.0.1 /tp/shop/index.php/Index/data/brandlogo/1240803247838195732.gif
INFO: [ app_init ] --START--
INFO: Run Behavior\BuildLiteBehavior [ RunTime:0.000055s ]
INFO: [ app_init ] --END-- [ RunTime:0.001147s ]

[ 2018-03-05T09:07:40+08:00 ] 127.0.0.1 /tp/shop/index.php/Index/data/brandlogo/1240803482283160654.gif
INFO: [ app_init ] --START--
INFO: Run Behavior\BuildLiteBehavior [ RunTime:0.000063s ]
INFO: [ app_init ] --END-- [ RunTime:0.000925s ]

[ 2018-03-05T09:07:40+08:00 ] 127.0.0.1 /tp/shop/index.php/Index/data/brandlogo/1240803526904622792.gif
INFO: [ app_init ] --START--
INFO: Run Behavior\BuildLiteBehavior [ RunTime:0.000058s ]
INFO: [ app_init ] --END-- [ RunTime:0.001056s ]

[ 2018-03-05T09:07:40+08:00 ] 127.0.0.1 /tp/shop/index.php/Index/data/brandlogo/1240803412367015368.gif
INFO: [ app_init ] --START--
INFO: Run Behavior\BuildLiteBehavior [ RunTime:0.000061s ]
INFO: [ app_init ] --END-- [ RunTime:0.002364s ]

[ 2018-03-05T09:07:40+08:00 ] 127.0.0.1 /tp/shop/index.php/Index/data/flashdata/dynfocus/cycle_image.js
INFO: [ app_init ] --START--
INFO: Run Behavior\BuildLiteBehavior [ RunTime:0.000059s ]
INFO: [ app_init ] --END-- [ RunTime:0.000911s ]
INFO: [ app_begin ] --START--
INFO: Run Behavior\ReadHtmlCacheBehavior [ RunTime:0.002092s ]
INFO: [ app_begin ] --END-- [ RunTime:0.002491s ]
ERR: 非法操作:data

[ 2018-03-05T09:07:40+08:00 ] 127.0.0.1 /tp/shop/index.php/Index/api/cron.php?t=1516068215
INFO: [ app_init ] --START--
INFO: Run Behavior\BuildLiteBehavior [ RunTime:0.000056s ]
INFO: [ app_init ] --END-- [ RunTime:0.000902s ]
INFO: [ app_begin ] --START--
INFO: Run Behavior\ReadHtmlCacheBehavior [ RunTime:0.001498s ]
INFO: [ app_begin ] --END-- [ RunTime:0.001807s ]
ERR: 非法操作:api

[ 2018-03-05T09:07:40+08:00 ] 127.0.0.1 /tp/shop/index.php/Index/data/brandlogo/1240803578417877983.gif
INFO: [ app_init ] --START--
INFO: Run Behavior\BuildLiteBehavior [ RunTime:0.000059s ]
INFO: [ app_init ] --END-- [ RunTime:0.001129s ]

[ 2018-03-05T09:07:40+08:00 ] 127.0.0.1 /tp/shop/index.php/Index/data/flashdata/dynfocus/skin/layer.css
INFO: [ app_init ] --START--
INFO: Run Behavior\BuildLiteBehavior [ RunTime:0.000060s ]
INFO: [ app_init ] --END-- [ RunTime:0.000973s ]
INFO: [ app_begin ] --START--
INFO: Run Behavior\ReadHtmlCacheBehavior [ RunTime:0.001199s ]
INFO: [ app_begin ] --END-- [ RunTime:0.001489s ]
ERR: 非法操作:data

[ 2018-03-05T09:07:40+08:00 ] 127.0.0.1 /tp/shop/index.php/Home/User/login
INFO: [ app_init ] --START--
INFO: Run Behavior\BuildLiteBehavior [ RunTime:0.000032s ]
INFO: [ app_init ] --END-- [ RunTime:0.000684s ]
INFO: [ app_begin ] --START--
INFO: Run Behavior\ReadHtmlCacheBehavior [ RunTime:0.000702s ]
INFO: [ app_begin ] --END-- [ RunTime:0.000851s ]
NOTIC: [8] Undefined variable: id C:\wamp\www\tp\shop\Home\Controller\UserController.class.php 第 10 行.
NOTIC: [8] Undefined variable: key C:\wamp\www\tp\shop\Home\Controller\UserController.class.php 第 10 行.
INFO: [ view_parse ] --START--
INFO: Run Behavior\ParseTemplateBehavior [ RunTime:0.051678s ]
INFO: [ view_parse ] --END-- [ RunTime:0.051939s ]
INFO: [ view_filter ] --START--
INFO: Run Behavior\WriteHtmlCacheBehavior [ RunTime:0.000862s ]
INFO: [ view_filter ] --END-- [ RunTime:0.001011s ]
INFO: [ app_end ] --START--
INFO: Run Behavior\ShowPageTraceBehavior [ RunTime:0.001236s ]
INFO: [ app_end ] --END-- [ RunTime:0.001503s ]

[ 2018-03-05T09:07:40+08:00 ] 127.0.0.1 /tp/shop/index.php/Home/User/js/validator.js
INFO: [ app_init ] --START--
INFO: Run Behavior\BuildLiteBehavior [ RunTime:0.000057s ]
INFO: [ app_init ] --END-- [ RunTime:0.000885s ]
INFO: [ app_begin ] --START--
INFO: Run Behavior\ReadHtmlCacheBehavior [ RunTime:0.001212s ]
INFO: [ app_begin ] --END-- [ RunTime:0.001497s ]
ERR: 非法操作:js

[ 2018-03-05T09:07:40+08:00 ] 127.0.0.1 /tp/shop/index.php/Home/js/utils.js
INFO: [ app_init ] --START--
INFO: Run Behavior\BuildLiteBehavior [ RunTime:0.000055s ]
INFO: [ app_init ] --END-- [ RunTime:0.001146s ]
INFO: [ app_begin ] --START--
INFO: Run Behavior\ReadHtmlCacheBehavior [ RunTime:0.001192s ]
INFO: [ app_begin ] --END-- [ RunTime:0.001484s ]
ERR: 无法加载控制器:Js

[ 2018-03-05T09:07:40+08:00 ] 127.0.0.1 /tp/shop/index.php/Home/User/VerifyImg
INFO: [ app_init ] --START--
INFO: Run Behavior\BuildLiteBehavior [ RunTime:0.000057s ]
INFO: [ app_init ] --END-- [ RunTime:0.001402s ]
INFO: [ app_begin ] --START--
INFO: Run Behavior\ReadHtmlCacheBehavior [ RunTime:0.001196s ]
INFO: [ app_begin ] --END-- [ RunTime:0.001512s ]
INFO: [ app_end ] --START--
INFO: Run Behavior\ShowPageTraceBehavior [ RunTime:0.001250s ]
INFO: [ app_end ] --END-- [ RunTime:0.001558s ]

[ 2018-03-05T09:07:41+08:00 ] 127.0.0.1 /tp/shop/index.php/Home/js/utils.js
INFO: [ app_init ] --START--
INFO: Run Behavior\BuildLiteBehavior [ RunTime:0.000032s ]
INFO: [ app_init ] --END-- [ RunTime:0.000597s ]
INFO: [ app_begin ] --START--
INFO: Run Behavior\ReadHtmlCacheBehavior [ RunTime:0.000718s ]
INFO: [ app_begin ] --END-- [ RunTime:0.000865s ]
ERR: 无法加载控制器:Js

[ 2018-03-05T09:07:41+08:00 ] 127.0.0.1 /tp/shop/index.php/Home/User/js/validator.js
INFO: [ app_init ] --START--
INFO: Run Behavior\BuildLiteBehavior [ RunTime:0.000032s ]
INFO: [ app_init ] --END-- [ RunTime:0.000586s ]
INFO: [ app_begin ] --START--
INFO: Run Behavior\ReadHtmlCacheBehavior [ RunTime:0.000879s ]
INFO: [ app_begin ] --END-- [ RunTime:0.001044s ]
ERR: 非法操作:js

[ 2018-03-05T09:08:27+08:00 ] 127.0.0.1 /tp/shop/index.php/Home/User/login
INFO: [ app_init ] --START--
INFO: Run Behavior\BuildLiteBehavior [ RunTime:0.000055s ]
INFO: [ app_init ] --END-- [ RunTime:0.000679s ]
INFO: [ app_begin ] --START--
INFO: Run Behavior\ReadHtmlCacheBehavior [ RunTime:0.000719s ]
INFO: [ app_begin ] --END-- [ RunTime:0.000858s ]
INFO: [ view_parse ] --START--
INFO: Run Behavior\ParseTemplateBehavior [ RunTime:0.016407s ]
INFO: [ view_parse ] --END-- [ RunTime:0.016641s ]
INFO: [ view_filter ] --START--
INFO: Run Behavior\WriteHtmlCacheBehavior [ RunTime:0.000540s ]
INFO: [ view_filter ] --END-- [ RunTime:0.000679s ]
INFO: [ app_end ] --START--
INFO: Run Behavior\ShowPageTraceBehavior [ RunTime:0.001020s ]
INFO: [ app_end ] --END-- [ RunTime:0.001257s ]

[ 2018-03-05T09:08:27+08:00 ] 127.0.0.1 /tp/shop/index.php/Home/js/utils.js
INFO: [ app_init ] --START--
INFO: Run Behavior\BuildLiteBehavior [ RunTime:0.000033s ]
INFO: [ app_init ] --END-- [ RunTime:0.000712s ]
INFO: [ app_begin ] --START--
INFO: Run Behavior\ReadHtmlCacheBehavior [ RunTime:0.000774s ]
INFO: [ app_begin ] --END-- [ RunTime:0.000927s ]
ERR: 无法加载控制器:Js

[ 2018-03-05T09:08:27+08:00 ] 127.0.0.1 /tp/shop/index.php/Home/User/js/validator.js
INFO: [ app_init ] --START--
INFO: Run Behavior\BuildLiteBehavior [ RunTime:0.000033s ]
INFO: [ app_init ] --END-- [ RunTime:0.000775s ]
INFO: [ app_begin ] --START--
INFO: Run Behavior\ReadHtmlCacheBehavior [ RunTime:0.000920s ]
INFO: [ app_begin ] --END-- [ RunTime:0.001152s ]
ERR: 非法操作:js

[ 2018-03-05T09:08:27+08:00 ] 127.0.0.1 /tp/shop/index.php/Home/User/VerifyImg
INFO: [ app_init ] --START--
INFO: Run Behavior\BuildLiteBehavior [ RunTime:0.000035s ]
INFO: [ app_init ] --END-- [ RunTime:0.000959s ]
INFO: [ app_begin ] --START--
INFO: Run Behavior\ReadHtmlCacheBehavior [ RunTime:0.000843s ]
INFO: [ app_begin ] --END-- [ RunTime:0.001004s ]
INFO: [ app_end ] --START--
INFO: Run Behavior\ShowPageTraceBehavior [ RunTime:0.000871s ]
INFO: [ app_end ] --END-- [ RunTime:0.001036s ]

[ 2018-03-05T09:08:27+08:00 ] 127.0.0.1 /tp/shop/index.php/Home/js/utils.js
INFO: [ app_init ] --START--
INFO: Run Behavior\BuildLiteBehavior [ RunTime:0.000065s ]
INFO: [ app_init ] --END-- [ RunTime:0.001467s ]
INFO: [ app_begin ] --START--
INFO: Run Behavior\ReadHtmlCacheBehavior [ RunTime:0.000800s ]
INFO: [ app_begin ] --END-- [ RunTime:0.000972s ]
ERR: 无法加载控制器:Js

[ 2018-03-05T09:08:27+08:00 ] 127.0.0.1 /tp/shop/index.php/Home/User/js/validator.js
INFO: [ app_init ] --START--
INFO: Run Behavior\BuildLiteBehavior [ RunTime:0.000031s ]
INFO: [ app_init ] --END-- [ RunTime:0.000562s ]
INFO: [ app_begin ] --START--
INFO: Run Behavior\ReadHtmlCacheBehavior [ RunTime:0.000709s ]
INFO: [ app_begin ] --END-- [ RunTime:0.000858s ]
ERR: 非法操作:js

[ 2018-03-05T09:08:42+08:00 ] 127.0.0.1 /tp/shop/index.php/Home/User/login
INFO: [ app_init ] --START--
INFO: Run Behavior\BuildLiteBehavior [ RunTime:0.000039s ]
INFO: [ app_init ] --END-- [ RunTime:0.000741s ]
INFO: [ app_begin ] --START--
INFO: Run Behavior\ReadHtmlCacheBehavior [ RunTime:0.001147s ]
INFO: [ app_begin ] --END-- [ RunTime:0.001314s ]
SQL: SHOW COLUMNS FROM `sw_user` [ RunTime:0.0050s ]
SQL: SELECT * FROM `sw_user` WHERE ( username = 12345666 ) LIMIT 1   [ RunTime:0.0014s ]
NOTIC: [8] Undefined index: userid C:\wamp\www\tp\shop\Home\Controller\UserController.class.php 第 19 行.

[ 2018-03-05T09:08:42+08:00 ] 127.0.0.1 /tp/shop/index.php/Index/index.html
INFO: [ app_init ] --START--
INFO: Run Behavior\BuildLiteBehavior [ RunTime:0.000038s ]
INFO: [ app_init ] --END-- [ RunTime:0.000820s ]
INFO: [ app_begin ] --START--
INFO: Run Behavior\ReadHtmlCacheBehavior [ RunTime:0.001130s ]
INFO: [ app_begin ] --END-- [ RunTime:0.001391s ]
INFO: [ view_parse ] --START--
NOTIC: [8] Use of undefined constant HOME_JS_URL - assumed 'HOME_JS_URL' C:\wamp\www\tp\shop\Runtime\Cache\00a2269647449e690a158e5b4f1627e69fb01266.file.index.html.php 第 43 行.
NOTIC: [8] Use of undefined constant HOME_JS_URL - assumed 'HOME_JS_URL' C:\wamp\www\tp\shop\Runtime\Cache\00a2269647449e690a158e5b4f1627e69fb01266.file.index.html.php 第 55 行.
NOTIC: [8] Use of undefined constant HOME_JS_URL - assumed 'HOME_JS_URL' C:\wamp\www\tp\shop\Runtime\Cache\00a2269647449e690a158e5b4f1627e69fb01266.file.index.html.php 第 56 行.
NOTIC: [8] Undefined index: lang C:\wamp\www\tp\shop\Runtime\Cache\00a2269647449e690a158e5b4f1627e69fb01266.file.index.html.php 第 294 行.
NOTIC: [8] Trying to get property of non-object C:\wamp\www\tp\shop\Runtime\Cache\00a2269647449e690a158e5b4f1627e69fb01266.file.index.html.php 第 294 行.
NOTIC: [8] Undefined index: vote C:\wamp\www\tp\shop\Runtime\Cache\00a2269647449e690a158e5b4f1627e69fb01266.file.index.html.php 第 299 行.
NOTIC: [8] Trying to get property of non-object C:\wamp\www\tp\shop\Runtime\Cache\00a2269647449e690a158e5b4f1627e69fb01266.file.index.html.php 第 299 行.
NOTIC: [8] Undefined index: vote C:\wamp\www\tp\shop\Runtime\Cache\00a2269647449e690a158e5b4f1627e69fb01266.file.index.html.php 第 310 行.
NOTIC: [8] Trying to get property of non-object C:\wamp\www\tp\shop\Runtime\Cache\00a2269647449e690a158e5b4f1627e69fb01266.file.index.html.php 第 310 行.
NOTIC: [8] Undefined index: vote_id C:\wamp\www\tp\shop\Runtime\Cache\00a2269647449e690a158e5b4f1627e69fb01266.file.index.html.php 第 336 行.
NOTIC: [8] Trying to get property of non-object C:\wamp\www\tp\shop\Runtime\Cache\00a2269647449e690a158e5b4f1627e69fb01266.file.index.html.php 第 336 行.
NOTIC: [8] Undefined index: lang C:\wamp\www\tp\shop\Runtime\Cache\00a2269647449e690a158e5b4f1627e69fb01266.file.index.html.php 第 338 行.
NOTIC: [8] Trying to get property of non-object C:\wamp\www\tp\shop\Runtime\Cache\00a2269647449e690a158e5b4f1627e69fb01266.file.index.html.php 第 338 行.
NOTIC: [8] Undefined index: lang C:\wamp\www\tp\shop\Runtime\Cache\00a2269647449e690a158e5b4f1627e69fb01266.file.index.html.php 第 340 行.
NOTIC: [8] Trying to get property of non-object C:\wamp\www\tp\shop\Runtime\Cache\00a2269647449e690a158e5b4f1627e69fb01266.file.index.html.php 第 340 行.
INFO: Run Behavior\ParseTemplateBehavior [ RunTime:0.015792s ]
INFO: [ view_parse ] --END-- [ RunTime:0.015976s ]
INFO: [ view_filter ] --START--
INFO: Run Behavior\WriteHtmlCacheBehavior [ RunTime:0.000818s ]
INFO: [ view_filter ] --END-- [ RunTime:0.000970s ]
INFO: [ app_end ] --START--
INFO: Run Behavior\ShowPageTraceBehavior [ RunTime:0.001186s ]
INFO: [ app_end ] --END-- [ RunTime:0.001468s ]

[ 2018-03-05T09:08:42+08:00 ] 127.0.0.1 /tp/shop/index.php/Index/HOME_JS_URL/common.js
INFO: [ app_init ] --START--
INFO: Run Behavior\BuildLiteBehavior [ RunTime:0.000031s ]
INFO: [ app_init ] --END-- [ RunTime:0.000595s ]
INFO: [ app_begin ] --START--
INFO: Run Behavior\ReadHtmlCacheBehavior [ RunTime:0.001290s ]
INFO: [ app_begin ] --END-- [ RunTime:0.001561s ]
ERR: 非法操作:HOME_JS_URL

[ 2018-03-05T09:08:42+08:00 ] 127.0.0.1 /tp/shop/index.php/Index/data/flashdata/dynfocus/cycle_image.js
INFO: [ app_init ] --START--
INFO: Run Behavior\BuildLiteBehavior [ RunTime:0.000063s ]
INFO: [ app_init ] --END-- [ RunTime:0.001663s ]
INFO: [ app_begin ] --START--
INFO: Run Behavior\ReadHtmlCacheBehavior [ RunTime:0.001529s ]
INFO: [ app_begin ] --END-- [ RunTime:0.001836s ]
ERR: 非法操作:data

[ 2018-03-05T09:08:42+08:00 ] 127.0.0.1 /tp/shop/index.php/Index/HOME_JS_URL/transport.js
INFO: [ app_init ] --START--
INFO: Run Behavior\BuildLiteBehavior [ RunTime:0.000050s ]
INFO: [ app_init ] --END-- [ RunTime:0.000999s ]
INFO: [ app_begin ] --START--
INFO: Run Behavior\ReadHtmlCacheBehavior [ RunTime:0.009094s ]
INFO: [ app_begin ] --END-- [ RunTime:0.010006s ]
ERR: 非法操作:HOME_JS_URL

[ 2018-03-05T09:08:42+08:00 ] 127.0.0.1 /tp/shop/index.php/Index/HOME_JS_URL/utils.js
INFO: [ app_init ] --START--
INFO: Run Behavior\BuildLiteBehavior [ RunTime:0.000058s ]
INFO: [ app_init ] --END-- [ RunTime:0.001073s ]
INFO: [ app_begin ] --START--
INFO: Run Behavior\ReadHtmlCacheBehavior [ RunTime:0.001545s ]
INFO: [ app_begin ] --END-- [ RunTime:0.001854s ]
ERR: 非法操作:HOME_JS_URL

[ 2018-03-05T09:08:43+08:00 ] 127.0.0.1 /tp/shop/index.php/Index/data/brandlogo/1240803062307572427.gif
INFO: [ app_init ] --START--
INFO: Run Behavior\BuildLiteBehavior [ RunTime:0.000077s ]
INFO: [ app_init ] --END-- [ RunTime:0.001200s ]

[ 2018-03-05T09:08:43+08:00 ] 127.0.0.1 /tp/shop/index.php/Index/data/brandlogo/1240803352280856940.gif
INFO: [ app_init ] --START--
INFO: Run Behavior\BuildLiteBehavior [ RunTime:0.000057s ]
INFO: [ app_init ] --END-- [ RunTime:0.001063s ]

[ 2018-03-05T09:08:43+08:00 ] 127.0.0.1 /tp/shop/index.php/Index/data/brandlogo/1240803144788047486.gif
INFO: [ app_init ] --START--
INFO: Run Behavior\BuildLiteBehavior [ RunTime:0.000060s ]
INFO: [ app_init ] --END-- [ RunTime:0.001862s ]

[ 2018-03-05T09:08:43+08:00 ] 127.0.0.1 /tp/shop/index.php/Index/data/brandlogo/1240803412367015368.gif
INFO: [ app_init ] --START--
INFO: Run Behavior\BuildLiteBehavior [ RunTime:0.000088s ]
INFO: [ app_init ] --END-- [ RunTime:0.001115s ]

[ 2018-03-05T09:08:43+08:00 ] 127.0.0.1 /tp/shop/index.php/Index/data/brandlogo/1240802922410634065.gif
INFO: [ app_init ] --START--
INFO: Run Behavior\BuildLiteBehavior [ RunTime:0.000052s ]
INFO: [ app_init ] --END-- [ RunTime:0.001134s ]

[ 2018-03-05T09:08:43+08:00 ] 127.0.0.1 /tp/shop/index.php/Index/data/brandlogo/1240803247838195732.gif
INFO: [ app_init ] --START--
INFO: Run Behavior\BuildLiteBehavior [ RunTime:0.000052s ]
INFO: [ app_init ] --END-- [ RunTime:0.000951s ]

[ 2018-03-05T09:08:43+08:00 ] 127.0.0.1 /tp/shop/index.php/Index/data/flashdata/dynfocus/cycle_image.js
INFO: [ app_init ] --START--
INFO: Run Behavior\BuildLiteBehavior [ RunTime:0.000060s ]
INFO: [ app_init ] --END-- [ RunTime:0.001192s ]
INFO: [ app_begin ] --START--
INFO: Run Behavior\ReadHtmlCacheBehavior [ RunTime:0.001600s ]
INFO: [ app_begin ] --END-- [ RunTime:0.001921s ]
ERR: 非法操作:data

[ 2018-03-05T09:08:43+08:00 ] 127.0.0.1 /tp/shop/index.php/Index/data/brandlogo/1240803482283160654.gif
INFO: [ app_init ] --START--
INFO: Run Behavior\BuildLiteBehavior [ RunTime:0.000065s ]
INFO: [ app_init ] --END-- [ RunTime:0.001183s ]

[ 2018-03-05T09:08:43+08:00 ] 127.0.0.1 /tp/shop/index.php/Index/data/brandlogo/1240803578417877983.gif
INFO: [ app_init ] --START--
INFO: Run Behavior\BuildLiteBehavior [ RunTime:0.000156s ]
INFO: [ app_init ] --END-- [ RunTime:0.002495s ]

[ 2018-03-05T09:08:43+08:00 ] 127.0.0.1 /tp/shop/index.php/Index/data/brandlogo/1240803526904622792.gif
INFO: [ app_init ] --START--
INFO: Run Behavior\BuildLiteBehavior [ RunTime:0.000062s ]
INFO: [ app_init ] --END-- [ RunTime:0.000989s ]

[ 2018-03-05T09:08:43+08:00 ] 127.0.0.1 /tp/shop/index.php/Index/api/cron.php?t=1516068215
INFO: [ app_init ] --START--
INFO: Run Behavior\BuildLiteBehavior [ RunTime:0.000062s ]
INFO: [ app_init ] --END-- [ RunTime:0.001396s ]
INFO: [ app_begin ] --START--
INFO: Run Behavior\ReadHtmlCacheBehavior [ RunTime:0.002375s ]
INFO: [ app_begin ] --END-- [ RunTime:0.002692s ]
ERR: 非法操作:api

[ 2018-03-05T09:08:43+08:00 ] 127.0.0.1 /tp/shop/index.php/Index/data/flashdata/dynfocus/skin/layer.css
INFO: [ app_init ] --START--
INFO: Run Behavior\BuildLiteBehavior [ RunTime:0.000034s ]
INFO: [ app_init ] --END-- [ RunTime:0.000732s ]
INFO: [ app_begin ] --START--
INFO: Run Behavior\ReadHtmlCacheBehavior [ RunTime:0.001265s ]
INFO: [ app_begin ] --END-- [ RunTime:0.001565s ]
ERR: 非法操作:data

[ 2018-03-05T09:13:31+08:00 ] 127.0.0.1 /tp/shop/index.php/Manager/login
INFO: [ app_init ] --START--
INFO: Run Behavior\BuildLiteBehavior [ RunTime:0.000059s ]
INFO: [ app_init ] --END-- [ RunTime:0.000961s ]
INFO: [ app_begin ] --START--
INFO: Run Behavior\ReadHtmlCacheBehavior [ RunTime:0.000970s ]
INFO: [ app_begin ] --END-- [ RunTime:0.001110s ]
ERR: 无法加载控制器:Manager

[ 2018-03-05T14:30:59+08:00 ] 127.0.0.1 /tp/shop/index.php/Home/User/register
INFO: [ app_init ] --START--
INFO: Run Behavior\BuildLiteBehavior [ RunTime:0.000032s ]
INFO: [ app_init ] --END-- [ RunTime:0.000796s ]
INFO: [ app_begin ] --START--
INFO: Run Behavior\ReadHtmlCacheBehavior [ RunTime:0.001590s ]
INFO: [ app_begin ] --END-- [ RunTime:0.001825s ]
SQL: SHOW COLUMNS FROM `sw_user` [ RunTime:0.0045s ]
INFO: [ view_parse ] --START--
NOTIC: [8] Use of undefined constant HOME_JS_URL - assumed 'HOME_JS_URL' C:\wamp\www\tp\shop\Runtime\Cache\dc68061a90b67c4f6728acac196eab6436eeaeef.file.register.html.php 第 39 行.
NOTIC: [8] Undefined index: erroInfo C:\wamp\www\tp\shop\Runtime\Cache\dc68061a90b67c4f6728acac196eab6436eeaeef.file.register.html.php 第 135 行.
NOTIC: [8] Trying to get property of non-object C:\wamp\www\tp\shop\Runtime\Cache\dc68061a90b67c4f6728acac196eab6436eeaeef.file.register.html.php 第 135 行.
NOTIC: [8] Undefined index: erroInfo C:\wamp\www\tp\shop\Runtime\Cache\dc68061a90b67c4f6728acac196eab6436eeaeef.file.register.html.php 第 143 行.
NOTIC: [8] Trying to get property of non-object C:\wamp\www\tp\shop\Runtime\Cache\dc68061a90b67c4f6728acac196eab6436eeaeef.file.register.html.php 第 143 行.
INFO: Run Behavior\ParseTemplateBehavior [ RunTime:0.055140s ]
INFO: [ view_parse ] --END-- [ RunTime:0.055446s ]
INFO: [ view_filter ] --START--
INFO: Run Behavior\WriteHtmlCacheBehavior [ RunTime:0.002791s ]
INFO: [ view_filter ] --END-- [ RunTime:0.003108s ]
INFO: [ app_end ] --START--
INFO: Run Behavior\ShowPageTraceBehavior [ RunTime:0.002421s ]
INFO: [ app_end ] --END-- [ RunTime:0.002675s ]

[ 2018-03-05T14:30:59+08:00 ] 127.0.0.1 /tp/shop/index.php/Home/User/HOME_JS_URL/common.js
INFO: [ app_init ] --START--
INFO: Run Behavior\BuildLiteBehavior [ RunTime:0.000033s ]
INFO: [ app_init ] --END-- [ RunTime:0.000845s ]
INFO: [ app_begin ] --START--
INFO: Run Behavior\ReadHtmlCacheBehavior [ RunTime:0.002341s ]
INFO: [ app_begin ] --END-- [ RunTime:0.002634s ]
ERR: 非法操作:HOME_JS_URL

[ 2018-03-05T14:30:59+08:00 ] 127.0.0.1 /tp/shop/index.php/Home/User/js/transport.js
INFO: [ app_init ] --START--
INFO: Run Behavior\BuildLiteBehavior [ RunTime:0.000032s ]
INFO: [ app_init ] --END-- [ RunTime:0.000739s ]
INFO: [ app_begin ] --START--
INFO: Run Behavior\ReadHtmlCacheBehavior [ RunTime:0.002143s ]
INFO: [ app_begin ] --END-- [ RunTime:0.002383s ]
ERR: 非法操作:js

[ 2018-03-05T14:30:59+08:00 ] 127.0.0.1 /tp/shop/index.php/Home/User/js/user.js
INFO: [ app_init ] --START--
INFO: Run Behavior\BuildLiteBehavior [ RunTime:0.000051s ]
INFO: [ app_init ] --END-- [ RunTime:0.001023s ]
INFO: [ app_begin ] --START--
INFO: Run Behavior\ReadHtmlCacheBehavior [ RunTime:0.001716s ]
INFO: [ app_begin ] --END-- [ RunTime:0.001938s ]
ERR: 非法操作:js

[ 2018-03-05T14:30:59+08:00 ] 127.0.0.1 /tp/shop/index.php/Home/User/js/transport.js
INFO: [ app_init ] --START--
INFO: Run Behavior\BuildLiteBehavior [ RunTime:0.000032s ]
INFO: [ app_init ] --END-- [ RunTime:0.000701s ]
INFO: [ app_begin ] --START--
INFO: Run Behavior\ReadHtmlCacheBehavior [ RunTime:0.001224s ]
INFO: [ app_begin ] --END-- [ RunTime:0.001382s ]
ERR: 非法操作:js

[ 2018-03-05T14:30:59+08:00 ] 127.0.0.1 /tp/shop/index.php/Home/User/js/utils.js
INFO: [ app_init ] --START--
INFO: Run Behavior\BuildLiteBehavior [ RunTime:0.000033s ]
INFO: [ app_init ] --END-- [ RunTime:0.000682s ]
INFO: [ app_begin ] --START--
INFO: Run Behavior\ReadHtmlCacheBehavior [ RunTime:0.001282s ]
INFO: [ app_begin ] --END-- [ RunTime:0.001443s ]
ERR: 非法操作:js

[ 2018-03-05T14:30:59+08:00 ] 127.0.0.1 /tp/shop/index.php/Home/User/api/cron.php?t=1519883805
INFO: [ app_init ] --START--
INFO: Run Behavior\BuildLiteBehavior [ RunTime:0.000059s ]
INFO: [ app_init ] --END-- [ RunTime:0.001006s ]
INFO: [ app_begin ] --START--
INFO: Run Behavior\ReadHtmlCacheBehavior [ RunTime:0.001892s ]
INFO: [ app_begin ] --END-- [ RunTime:0.002103s ]
ERR: 非法操作:api

[ 2018-03-05T14:30:59+08:00 ] 127.0.0.1 /tp/shop/index.php/Home/User/animated_favicon.gif
INFO: [ app_init ] --START--
INFO: Run Behavior\BuildLiteBehavior [ RunTime:0.000032s ]
INFO: [ app_init ] --END-- [ RunTime:0.000661s ]

[ 2018-03-05T14:30:59+08:00 ] 127.0.0.1 /tp/shop/index.php/Home/User/favicon.ico
INFO: [ app_init ] --START--
INFO: Run Behavior\BuildLiteBehavior [ RunTime:0.000031s ]
INFO: [ app_init ] --END-- [ RunTime:0.000653s ]

[ 2018-03-05T14:31:26+08:00 ] 127.0.0.1 /tp/shop/index.php/Home/User/register
INFO: [ app_init ] --START--
INFO: Run Behavior\BuildLiteBehavior [ RunTime:0.000032s ]
INFO: [ app_init ] --END-- [ RunTime:0.000695s ]
INFO: [ app_begin ] --START--
INFO: Run Behavior\ReadHtmlCacheBehavior [ RunTime:0.002503s ]
INFO: [ app_begin ] --END-- [ RunTime:0.002820s ]
SQL: SHOW COLUMNS FROM `sw_user` [ RunTime:0.0011s ]
NOTIC: [8] Undefined index: validate C:\wamp\www\tp\ThinkPHP\Library\Think\Model.class.php 第 1185 行.
SQL: SELECT * FROM `sw_user` WHERE `username` = 'sdfasdf' LIMIT 1   [ RunTime:0.0005s ]
NOTIC: [8] Undefined index: auto C:\wamp\www\tp\ThinkPHP\Library\Think\Model.class.php 第 1128 行.
SQL: INSERT INTO `sw_user` (`username`,`password`,`email`,`qq`,`phonenumber`,`sel_question`,`passwd_answer`) VALUES ('sdfasdf','123456','afafdaf@qq.com','2147483647','2147483647','friend_birthday','213') [ RunTime:0.0617s ]

[ 2018-03-05T14:31:27+08:00 ] 127.0.0.1 /tp/shop/index.php/Index/index.html
INFO: [ app_init ] --START--
INFO: Run Behavior\BuildLiteBehavior [ RunTime:0.000040s ]
INFO: [ app_init ] --END-- [ RunTime:0.000736s ]
INFO: [ app_begin ] --START--
INFO: Run Behavior\ReadHtmlCacheBehavior [ RunTime:0.002566s ]
INFO: [ app_begin ] --END-- [ RunTime:0.002853s ]
INFO: [ view_parse ] --START--
NOTIC: [8] Use of undefined constant HOME_JS_URL - assumed 'HOME_JS_URL' C:\wamp\www\tp\shop\Runtime\Cache\00a2269647449e690a158e5b4f1627e69fb01266.file.index.html.php 第 43 行.
NOTIC: [8] Use of undefined constant HOME_JS_URL - assumed 'HOME_JS_URL' C:\wamp\www\tp\shop\Runtime\Cache\00a2269647449e690a158e5b4f1627e69fb01266.file.index.html.php 第 55 行.
NOTIC: [8] Use of undefined constant HOME_JS_URL - assumed 'HOME_JS_URL' C:\wamp\www\tp\shop\Runtime\Cache\00a2269647449e690a158e5b4f1627e69fb01266.file.index.html.php 第 56 行.
NOTIC: [8] Undefined index: lang C:\wamp\www\tp\shop\Runtime\Cache\00a2269647449e690a158e5b4f1627e69fb01266.file.index.html.php 第 294 行.
NOTIC: [8] Trying to get property of non-object C:\wamp\www\tp\shop\Runtime\Cache\00a2269647449e690a158e5b4f1627e69fb01266.file.index.html.php 第 294 行.
NOTIC: [8] Undefined index: vote C:\wamp\www\tp\shop\Runtime\Cache\00a2269647449e690a158e5b4f1627e69fb01266.file.index.html.php 第 299 行.
NOTIC: [8] Trying to get property of non-object C:\wamp\www\tp\shop\Runtime\Cache\00a2269647449e690a158e5b4f1627e69fb01266.file.index.html.php 第 299 行.
NOTIC: [8] Undefined index: vote C:\wamp\www\tp\shop\Runtime\Cache\00a2269647449e690a158e5b4f1627e69fb01266.file.index.html.php 第 310 行.
NOTIC: [8] Trying to get property of non-object C:\wamp\www\tp\shop\Runtime\Cache\00a2269647449e690a158e5b4f1627e69fb01266.file.index.html.php 第 310 行.
NOTIC: [8] Undefined index: vote_id C:\wamp\www\tp\shop\Runtime\Cache\00a2269647449e690a158e5b4f1627e69fb01266.file.index.html.php 第 336 行.
NOTIC: [8] Trying to get property of non-object C:\wamp\www\tp\shop\Runtime\Cache\00a2269647449e690a158e5b4f1627e69fb01266.file.index.html.php 第 336 行.
NOTIC: [8] Undefined index: lang C:\wamp\www\tp\shop\Runtime\Cache\00a2269647449e690a158e5b4f1627e69fb01266.file.index.html.php 第 338 行.
NOTIC: [8] Trying to get property of non-object C:\wamp\www\tp\shop\Runtime\Cache\00a2269647449e690a158e5b4f1627e69fb01266.file.index.html.php 第 338 行.
NOTIC: [8] Undefined index: lang C:\wamp\www\tp\shop\Runtime\Cache\00a2269647449e690a158e5b4f1627e69fb01266.file.index.html.php 第 340 行.
NOTIC: [8] Trying to get property of non-object C:\wamp\www\tp\shop\Runtime\Cache\00a2269647449e690a158e5b4f1627e69fb01266.file.index.html.php 第 340 行.
INFO: Run Behavior\ParseTemplateBehavior [ RunTime:0.090717s ]
INFO: [ view_parse ] --END-- [ RunTime:0.090887s ]
INFO: [ view_filter ] --START--
INFO: Run Behavior\WriteHtmlCacheBehavior [ RunTime:0.001385s ]
INFO: [ view_filter ] --END-- [ RunTime:0.001527s ]
INFO: [ app_end ] --START--
INFO: Run Behavior\ShowPageTraceBehavior [ RunTime:0.002174s ]
INFO: [ app_end ] --END-- [ RunTime:0.002499s ]

[ 2018-03-05T14:31:27+08:00 ] 127.0.0.1 /tp/shop/index.php/Index/HOME_JS_URL/common.js
INFO: [ app_init ] --START--
INFO: Run Behavior\BuildLiteBehavior [ RunTime:0.000033s ]
INFO: [ app_init ] --END-- [ RunTime:0.000707s ]
INFO: [ app_begin ] --START--
INFO: Run Behavior\ReadHtmlCacheBehavior [ RunTime:0.003417s ]
INFO: [ app_begin ] --END-- [ RunTime:0.003796s ]
ERR: 非法操作:HOME_JS_URL

[ 2018-03-05T14:31:27+08:00 ] 127.0.0.1 /tp/shop/index.php/Index/HOME_JS_URL/transport.js
INFO: [ app_init ] --START--
INFO: Run Behavior\BuildLiteBehavior [ RunTime:0.000062s ]
INFO: [ app_init ] --END-- [ RunTime:0.001604s ]
INFO: [ app_begin ] --START--
INFO: Run Behavior\ReadHtmlCacheBehavior [ RunTime:0.001347s ]
INFO: [ app_begin ] --END-- [ RunTime:0.001552s ]
ERR: 非法操作:HOME_JS_URL

[ 2018-03-05T14:31:27+08:00 ] 127.0.0.1 /tp/shop/index.php/Index/HOME_JS_URL/utils.js
INFO: [ app_init ] --START--
INFO: Run Behavior\BuildLiteBehavior [ RunTime:0.000063s ]
INFO: [ app_init ] --END-- [ RunTime:0.001181s ]
INFO: [ app_begin ] --START--
INFO: Run Behavior\ReadHtmlCacheBehavior [ RunTime:0.001983s ]
INFO: [ app_begin ] --END-- [ RunTime:0.002292s ]
ERR: 非法操作:HOME_JS_URL

[ 2018-03-05T14:31:27+08:00 ] 127.0.0.1 /tp/shop/index.php/Index/data/brandlogo/1240803352280856940.gif
INFO: [ app_init ] --START--
INFO: Run Behavior\BuildLiteBehavior [ RunTime:0.000061s ]
INFO: [ app_init ] --END-- [ RunTime:0.001134s ]

[ 2018-03-05T14:31:27+08:00 ] 127.0.0.1 /tp/shop/index.php/Index/data/brandlogo/1240803144788047486.gif
INFO: [ app_init ] --START--
INFO: Run Behavior\BuildLiteBehavior [ RunTime:0.000057s ]
INFO: [ app_init ] --END-- [ RunTime:0.001190s ]

[ 2018-03-05T14:31:27+08:00 ] 127.0.0.1 /tp/shop/index.php/Index/data/brandlogo/1240803062307572427.gif
INFO: [ app_init ] --START--
INFO: Run Behavior\BuildLiteBehavior [ RunTime:0.000053s ]
INFO: [ app_init ] --END-- [ RunTime:0.001080s ]

[ 2018-03-05T14:31:27+08:00 ] 127.0.0.1 /tp/shop/index.php/Index/data/brandlogo/1240803247838195732.gif
INFO: [ app_init ] --START--
INFO: Run Behavior\BuildLiteBehavior [ RunTime:0.000065s ]
INFO: [ app_init ] --END-- [ RunTime:0.001165s ]

[ 2018-03-05T14:31:27+08:00 ] 127.0.0.1 /tp/shop/index.php/Index/data/brandlogo/1240802922410634065.gif
INFO: [ app_init ] --START--
INFO: Run Behavior\BuildLiteBehavior [ RunTime:0.000064s ]
INFO: [ app_init ] --END-- [ RunTime:0.012476s ]

[ 2018-03-05T14:31:27+08:00 ] 127.0.0.1 /tp/shop/index.php/Index/data/flashdata/dynfocus/cycle_image.js
INFO: [ app_init ] --START--
INFO: Run Behavior\BuildLiteBehavior [ RunTime:0.000066s ]
INFO: [ app_init ] --END-- [ RunTime:0.001590s ]
INFO: [ app_begin ] --START--
INFO: Run Behavior\ReadHtmlCacheBehavior [ RunTime:0.002517s ]
INFO: [ app_begin ] --END-- [ RunTime:0.002822s ]
ERR: 非法操作:data

[ 2018-03-05T14:31:27+08:00 ] 127.0.0.1 /tp/shop/index.php/Index/data/brandlogo/1240803578417877983.gif
INFO: [ app_init ] --START--
INFO: Run Behavior\BuildLiteBehavior [ RunTime:0.000063s ]
INFO: [ app_init ] --END-- [ RunTime:0.001049s ]

[ 2018-03-05T14:31:27+08:00 ] 127.0.0.1 /tp/shop/index.php/Index/data/brandlogo/1240803412367015368.gif
INFO: [ app_init ] --START--
INFO: Run Behavior\BuildLiteBehavior [ RunTime:0.000062s ]
INFO: [ app_init ] --END-- [ RunTime:0.001251s ]

[ 2018-03-05T14:31:27+08:00 ] 127.0.0.1 /tp/shop/index.php/Index/data/brandlogo/1240803482283160654.gif
INFO: [ app_init ] --START--
INFO: Run Behavior\BuildLiteBehavior [ RunTime:0.000062s ]
INFO: [ app_init ] --END-- [ RunTime:0.001089s ]

[ 2018-03-05T14:31:27+08:00 ] 127.0.0.1 /tp/shop/index.php/Index/data/brandlogo/1240803526904622792.gif
INFO: [ app_init ] --START--
INFO: Run Behavior\BuildLiteBehavior [ RunTime:0.000062s ]
INFO: [ app_init ] --END-- [ RunTime:0.001337s ]

[ 2018-03-05T14:31:27+08:00 ] 127.0.0.1 /tp/shop/index.php/Index/api/cron.php?t=1516068215
INFO: [ app_init ] --START--
INFO: Run Behavior\BuildLiteBehavior [ RunTime:0.000062s ]
INFO: [ app_init ] --END-- [ RunTime:0.001046s ]
INFO: [ app_begin ] --START--
INFO: Run Behavior\ReadHtmlCacheBehavior [ RunTime:0.001905s ]
INFO: [ app_begin ] --END-- [ RunTime:0.002220s ]
ERR: 非法操作:api

[ 2018-03-05T14:31:27+08:00 ] 127.0.0.1 /tp/shop/index.php/Index/data/flashdata/dynfocus/skin/layer.css
INFO: [ app_init ] --START--
INFO: Run Behavior\BuildLiteBehavior [ RunTime:0.000033s ]
INFO: [ app_init ] --END-- [ RunTime:0.000608s ]
INFO: [ app_begin ] --START--
INFO: Run Behavior\ReadHtmlCacheBehavior [ RunTime:0.002436s ]
INFO: [ app_begin ] --END-- [ RunTime:0.002788s ]
ERR: 非法操作:data

[ 2018-03-05T14:36:48+08:00 ] 127.0.0.1 /tp/shop/index.php/Home/User/register
INFO: [ app_init ] --START--
INFO: Run Behavior\BuildLiteBehavior [ RunTime:0.000032s ]
INFO: [ app_init ] --END-- [ RunTime:0.000715s ]
INFO: [ app_begin ] --START--
INFO: Run Behavior\ReadHtmlCacheBehavior [ RunTime:0.001288s ]
INFO: [ app_begin ] --END-- [ RunTime:0.001448s ]
SQL: SHOW COLUMNS FROM `sw_user` [ RunTime:0.0010s ]
INFO: [ view_parse ] --START--
NOTIC: [8] Use of undefined constant HOME_JS_URL - assumed 'HOME_JS_URL' C:\wamp\www\tp\shop\Runtime\Cache\dc68061a90b67c4f6728acac196eab6436eeaeef.file.register.html.php 第 39 行.
NOTIC: [8] Undefined index: erroInfo C:\wamp\www\tp\shop\Runtime\Cache\dc68061a90b67c4f6728acac196eab6436eeaeef.file.register.html.php 第 135 行.
NOTIC: [8] Trying to get property of non-object C:\wamp\www\tp\shop\Runtime\Cache\dc68061a90b67c4f6728acac196eab6436eeaeef.file.register.html.php 第 135 行.
NOTIC: [8] Undefined index: erroInfo C:\wamp\www\tp\shop\Runtime\Cache\dc68061a90b67c4f6728acac196eab6436eeaeef.file.register.html.php 第 143 行.
NOTIC: [8] Trying to get property of non-object C:\wamp\www\tp\shop\Runtime\Cache\dc68061a90b67c4f6728acac196eab6436eeaeef.file.register.html.php 第 143 行.
INFO: Run Behavior\ParseTemplateBehavior [ RunTime:0.019243s ]
INFO: [ view_parse ] --END-- [ RunTime:0.019396s ]
INFO: [ view_filter ] --START--
INFO: Run Behavior\WriteHtmlCacheBehavior [ RunTime:0.001037s ]
INFO: [ view_filter ] --END-- [ RunTime:0.001172s ]
INFO: [ app_end ] --START--
INFO: Run Behavior\ShowPageTraceBehavior [ RunTime:0.001459s ]
INFO: [ app_end ] --END-- [ RunTime:0.001631s ]

[ 2018-03-05T14:36:48+08:00 ] 127.0.0.1 /tp/shop/index.php/Home/User/js/transport.js
INFO: [ app_init ] --START--
INFO: Run Behavior\BuildLiteBehavior [ RunTime:0.000062s ]
INFO: [ app_init ] --END-- [ RunTime:0.001115s ]
INFO: [ app_begin ] --START--
INFO: Run Behavior\ReadHtmlCacheBehavior [ RunTime:0.002587s ]
INFO: [ app_begin ] --END-- [ RunTime:0.002960s ]
ERR: 非法操作:js

[ 2018-03-05T14:36:48+08:00 ] 127.0.0.1 /tp/shop/index.php/Home/User/HOME_JS_URL/common.js
INFO: [ app_init ] --START--
INFO: Run Behavior\BuildLiteBehavior [ RunTime:0.000056s ]
INFO: [ app_init ] --END-- [ RunTime:0.001053s ]
INFO: [ app_begin ] --START--
INFO: Run Behavior\ReadHtmlCacheBehavior [ RunTime:0.002186s ]
INFO: [ app_begin ] --END-- [ RunTime:0.002492s ]
ERR: 非法操作:HOME_JS_URL

[ 2018-03-05T14:36:48+08:00 ] 127.0.0.1 /tp/shop/index.php/Home/User/js/user.js
INFO: [ app_init ] --START--
INFO: Run Behavior\BuildLiteBehavior [ RunTime:0.000063s ]
INFO: [ app_init ] --END-- [ RunTime:0.004335s ]
INFO: [ app_begin ] --START--
INFO: Run Behavior\ReadHtmlCacheBehavior [ RunTime:0.001917s ]
INFO: [ app_begin ] --END-- [ RunTime:0.002158s ]
ERR: 非法操作:js

[ 2018-03-05T14:36:48+08:00 ] 127.0.0.1 /tp/shop/index.php/Home/User/js/utils.js
INFO: [ app_init ] --START--
INFO: Run Behavior\BuildLiteBehavior [ RunTime:0.000032s ]
INFO: [ app_init ] --END-- [ RunTime:0.000659s ]
INFO: [ app_begin ] --START--
INFO: Run Behavior\ReadHtmlCacheBehavior [ RunTime:0.002895s ]
INFO: [ app_begin ] --END-- [ RunTime:0.003201s ]
ERR: 非法操作:js

[ 2018-03-05T14:36:48+08:00 ] 127.0.0.1 /tp/shop/index.php/Home/User/js/transport.js
INFO: [ app_init ] --START--
INFO: Run Behavior\BuildLiteBehavior [ RunTime:0.000031s ]
INFO: [ app_init ] --END-- [ RunTime:0.000733s ]
INFO: [ app_begin ] --START--
INFO: Run Behavior\ReadHtmlCacheBehavior [ RunTime:0.001751s ]
INFO: [ app_begin ] --END-- [ RunTime:0.002078s ]
ERR: 非法操作:js

[ 2018-03-05T14:36:48+08:00 ] 127.0.0.1 /tp/shop/index.php/Home/User/api/cron.php?t=1519883805
INFO: [ app_init ] --START--
INFO: Run Behavior\BuildLiteBehavior [ RunTime:0.000052s ]
INFO: [ app_init ] --END-- [ RunTime:0.001056s ]
INFO: [ app_begin ] --START--
INFO: Run Behavior\ReadHtmlCacheBehavior [ RunTime:0.001853s ]
INFO: [ app_begin ] --END-- [ RunTime:0.002077s ]
ERR: 非法操作:api

[ 2018-03-05T14:36:48+08:00 ] 127.0.0.1 /tp/shop/index.php/Home/User/js/utils.js
INFO: [ app_init ] --START--
INFO: Run Behavior\BuildLiteBehavior [ RunTime:0.000062s ]
INFO: [ app_init ] --END-- [ RunTime:0.001208s ]
INFO: [ app_begin ] --START--
INFO: Run Behavior\ReadHtmlCacheBehavior [ RunTime:0.001462s ]
INFO: [ app_begin ] --END-- [ RunTime:0.001702s ]
ERR: 非法操作:js

