[ 2018-02-25T17:13:17+08:00 ] 127.0.0.1 /shop/index.php
INFO: [ app_init ] --START--
INFO: Run Behavior\BuildLiteBehavior [ RunTime:0.000140s ]
INFO: [ app_init ] --END-- [ RunTime:0.017350s ]
INFO: [ app_begin ] --START--
INFO: Run Behavior\ReadHtmlCacheBehavior [ RunTime:0.015243s ]
INFO: [ app_begin ] --END-- [ RunTime:0.015668s ]
INFO: [ view_parse ] --START--
NOTIC: [8] Undefined index: lang C:\wamp\www\tp\shop\Runtime\Cache\00a2269647449e690a158e5b4f1627e69fb01266.file.index.html.php 第 278 行.
NOTIC: [8] Trying to get property of non-object C:\wamp\www\tp\shop\Runtime\Cache\00a2269647449e690a158e5b4f1627e69fb01266.file.index.html.php 第 278 行.
NOTIC: [8] Undefined index: vote C:\wamp\www\tp\shop\Runtime\Cache\00a2269647449e690a158e5b4f1627e69fb01266.file.index.html.php 第 283 行.
NOTIC: [8] Trying to get property of non-object C:\wamp\www\tp\shop\Runtime\Cache\00a2269647449e690a158e5b4f1627e69fb01266.file.index.html.php 第 283 行.
NOTIC: [8] Undefined index: vote C:\wamp\www\tp\shop\Runtime\Cache\00a2269647449e690a158e5b4f1627e69fb01266.file.index.html.php 第 294 行.
NOTIC: [8] Trying to get property of non-object C:\wamp\www\tp\shop\Runtime\Cache\00a2269647449e690a158e5b4f1627e69fb01266.file.index.html.php 第 294 行.
NOTIC: [8] Undefined index: vote_id C:\wamp\www\tp\shop\Runtime\Cache\00a2269647449e690a158e5b4f1627e69fb01266.file.index.html.php 第 320 行.
NOTIC: [8] Trying to get property of non-object C:\wamp\www\tp\shop\Runtime\Cache\00a2269647449e690a158e5b4f1627e69fb01266.file.index.html.php 第 320 行.
NOTIC: [8] Undefined index: lang C:\wamp\www\tp\shop\Runtime\Cache\00a2269647449e690a158e5b4f1627e69fb01266.file.index.html.php 第 322 行.
NOTIC: [8] Trying to get property of non-object C:\wamp\www\tp\shop\Runtime\Cache\00a2269647449e690a158e5b4f1627e69fb01266.file.index.html.php 第 322 行.
NOTIC: [8] Undefined index: lang C:\wamp\www\tp\shop\Runtime\Cache\00a2269647449e690a158e5b4f1627e69fb01266.file.index.html.php 第 324 行.
NOTIC: [8] Trying to get property of non-object C:\wamp\www\tp\shop\Runtime\Cache\00a2269647449e690a158e5b4f1627e69fb01266.file.index.html.php 第 324 行.
INFO: Run Behavior\ParseTemplateBehavior [ RunTime:0.241934s ]
INFO: [ view_parse ] --END-- [ RunTime:0.242570s ]
INFO: [ view_filter ] --START--
INFO: Run Behavior\WriteHtmlCacheBehavior [ RunTime:0.019984s ]
INFO: [ view_filter ] --END-- [ RunTime:0.020515s ]
INFO: [ app_end ] --START--
INFO: Run Behavior\ShowPageTraceBehavior [ RunTime:0.030371s ]
INFO: [ app_end ] --END-- [ RunTime:0.030705s ]

