[ 2018-03-09T00:00:45+08:00 ] 127.0.0.1 /tp/shop/index.php/Home/Order/checkout
INFO: [ app_init ] --START--
INFO: Run Behavior\BuildLiteBehavior [ RunTime:0.000036s ]
INFO: [ app_init ] --END-- [ RunTime:0.000611s ]
INFO: [ app_begin ] --START--
INFO: Run Behavior\ReadHtmlCacheBehavior [ RunTime:0.000689s ]
INFO: [ app_begin ] --END-- [ RunTime:0.000855s ]
INFO: [ view_parse ] --START--
NOTIC: [8] Undefined index: goods_name C:\wamp\www\tp\shop\Runtime\Cache\aabd99f2ae2a03258ec4aaae516f1228ba91539a.file.checkout.html.php 第 153 行.
NOTIC: [8] Undefined index: goods_num C:\wamp\www\tp\shop\Runtime\Cache\aabd99f2ae2a03258ec4aaae516f1228ba91539a.file.checkout.html.php 第 202 行.
INFO: Run Behavior\ParseTemplateBehavior [ RunTime:0.272079s ]
INFO: [ view_parse ] --END-- [ RunTime:0.272226s ]
INFO: [ view_filter ] --START--
INFO: Run Behavior\WriteHtmlCacheBehavior [ RunTime:0.000691s ]
INFO: [ view_filter ] --END-- [ RunTime:0.000828s ]
INFO: [ app_end ] --START--
INFO: Run Behavior\ShowPageTraceBehavior [ RunTime:0.002302s ]
INFO: [ app_end ] --END-- [ RunTime:0.002567s ]

[ 2018-03-09T00:00:59+08:00 ] 127.0.0.1 /tp/shop/index.php/Home/Order/checkout
INFO: [ app_init ] --START--
INFO: Run Behavior\BuildLiteBehavior [ RunTime:0.000035s ]
INFO: [ app_init ] --END-- [ RunTime:0.000588s ]
INFO: [ app_begin ] --START--
INFO: Run Behavior\ReadHtmlCacheBehavior [ RunTime:0.000801s ]
INFO: [ app_begin ] --END-- [ RunTime:0.000974s ]
INFO: [ view_parse ] --START--
NOTIC: [8] Undefined index: goods_name C:\wamp\www\tp\shop\Runtime\Cache\aabd99f2ae2a03258ec4aaae516f1228ba91539a.file.checkout.html.php 第 153 行.
INFO: Run Behavior\ParseTemplateBehavior [ RunTime:0.314415s ]
INFO: [ view_parse ] --END-- [ RunTime:0.314583s ]
INFO: [ view_filter ] --START--
INFO: Run Behavior\WriteHtmlCacheBehavior [ RunTime:0.000941s ]
INFO: [ view_filter ] --END-- [ RunTime:0.001093s ]
INFO: [ app_end ] --START--
INFO: Run Behavior\ShowPageTraceBehavior [ RunTime:0.000847s ]
INFO: [ app_end ] --END-- [ RunTime:0.001039s ]

[ 2018-03-09T00:01:56+08:00 ] 127.0.0.1 /tp/shop/index.php/Home/Order/checkout
INFO: [ app_init ] --START--
INFO: Run Behavior\BuildLiteBehavior [ RunTime:0.000036s ]
INFO: [ app_init ] --END-- [ RunTime:0.000599s ]
INFO: [ app_begin ] --START--
INFO: Run Behavior\ReadHtmlCacheBehavior [ RunTime:0.000725s ]
INFO: [ app_begin ] --END-- [ RunTime:0.000895s ]
INFO: [ view_parse ] --START--
NOTIC: [8] Undefined index: goods_name C:\wamp\www\tp\shop\Runtime\Cache\aabd99f2ae2a03258ec4aaae516f1228ba91539a.file.checkout.html.php 第 153 行.
INFO: Run Behavior\ParseTemplateBehavior [ RunTime:0.244812s ]
INFO: [ view_parse ] --END-- [ RunTime:0.244973s ]
INFO: [ view_filter ] --START--
INFO: Run Behavior\WriteHtmlCacheBehavior [ RunTime:0.000636s ]
INFO: [ view_filter ] --END-- [ RunTime:0.000774s ]
INFO: [ app_end ] --START--
INFO: Run Behavior\ShowPageTraceBehavior [ RunTime:0.000608s ]
INFO: [ app_end ] --END-- [ RunTime:0.000753s ]

[ 2018-03-09T00:02:13+08:00 ] 127.0.0.1 /tp/shop/index.php/Home/Order/checkout
INFO: [ app_init ] --START--
INFO: Run Behavior\BuildLiteBehavior [ RunTime:0.000029s ]
INFO: [ app_init ] --END-- [ RunTime:0.000686s ]
INFO: [ app_begin ] --START--
INFO: Run Behavior\ReadHtmlCacheBehavior [ RunTime:0.000628s ]
INFO: [ app_begin ] --END-- [ RunTime:0.000766s ]
INFO: [ view_parse ] --START--
NOTIC: [8] Undefined index: goods_name C:\wamp\www\tp\shop\Runtime\Cache\aabd99f2ae2a03258ec4aaae516f1228ba91539a.file.checkout.html.php 第 153 行.
INFO: Run Behavior\ParseTemplateBehavior [ RunTime:0.009173s ]
INFO: [ view_parse ] --END-- [ RunTime:0.009340s ]
INFO: [ view_filter ] --START--
INFO: Run Behavior\WriteHtmlCacheBehavior [ RunTime:0.000333s ]
INFO: [ view_filter ] --END-- [ RunTime:0.000469s ]
INFO: [ app_end ] --START--
INFO: Run Behavior\ShowPageTraceBehavior [ RunTime:0.000844s ]
INFO: [ app_end ] --END-- [ RunTime:0.001110s ]

[ 2018-03-09T00:02:22+08:00 ] 127.0.0.1 /tp/shop/index.php/Home/Index/Index
INFO: [ app_init ] --START--
INFO: Run Behavior\BuildLiteBehavior [ RunTime:0.000036s ]
INFO: [ app_init ] --END-- [ RunTime:0.000607s ]
INFO: [ app_begin ] --START--
INFO: Run Behavior\ReadHtmlCacheBehavior [ RunTime:0.000800s ]
INFO: [ app_begin ] --END-- [ RunTime:0.001003s ]
SQL: SHOW COLUMNS FROM `sw_cat` [ RunTime:0.0024s ]
SQL: SELECT * FROM `sw_cat`  [ RunTime:0.0006s ]
SQL: SHOW COLUMNS FROM `sw_goods` [ RunTime:0.0011s ]
SQL: SELECT `goods_name`,`goods_price`,`goods_img`,`goods_img_s`,`cat_id`,`status`,`goods_brief` FROM `sw_goods`  [ RunTime:0.0004s ]
INFO: [ view_parse ] --START--
INFO: Run Behavior\ParseTemplateBehavior [ RunTime:0.013357s ]
INFO: [ view_parse ] --END-- [ RunTime:0.013549s ]
INFO: [ view_filter ] --START--
INFO: Run Behavior\WriteHtmlCacheBehavior [ RunTime:0.000536s ]
INFO: [ view_filter ] --END-- [ RunTime:0.000681s ]
INFO: [ app_end ] --START--
INFO: Run Behavior\ShowPageTraceBehavior [ RunTime:0.000864s ]
INFO: [ app_end ] --END-- [ RunTime:0.001116s ]

[ 2018-03-09T00:02:27+08:00 ] 127.0.0.1 /tp/shop/index.php/Home/Cat/cat?cat_id=4
INFO: [ app_init ] --START--
INFO: Run Behavior\BuildLiteBehavior [ RunTime:0.000030s ]
INFO: [ app_init ] --END-- [ RunTime:0.000467s ]
INFO: [ app_begin ] --START--
INFO: Run Behavior\ReadHtmlCacheBehavior [ RunTime:0.000774s ]
INFO: [ app_begin ] --END-- [ RunTime:0.000977s ]
NOTIC: D方法实例化没找到模型类Model\Model\GoodsModel
SQL: SHOW COLUMNS FROM `sw_goods` [ RunTime:0.0007s ]
SQL: SELECT COUNT(*) AS tp_count FROM `sw_goods` WHERE ( cat_id=4 ) LIMIT 1   [ RunTime:0.0003s ]
SQL: SELECT `goods_id`,`goods_name`,`goods_img`,`goods_img_s`,`cat_id`,`status`,`goods_brief` FROM `sw_goods` WHERE ( cat_id=4 ) LIMIT 0,1   [ RunTime:0.0003s ]
INFO: [ view_parse ] --START--
INFO: Run Behavior\ParseTemplateBehavior [ RunTime:0.013226s ]
INFO: [ view_parse ] --END-- [ RunTime:0.013399s ]
INFO: [ view_filter ] --START--
INFO: Run Behavior\WriteHtmlCacheBehavior [ RunTime:0.000347s ]
INFO: [ view_filter ] --END-- [ RunTime:0.000484s ]
INFO: [ app_end ] --START--
INFO: Run Behavior\ShowPageTraceBehavior [ RunTime:0.000610s ]
INFO: [ app_end ] --END-- [ RunTime:0.000764s ]

[ 2018-03-09T00:02:50+08:00 ] 127.0.0.1 /tp/shop/index.php/Home/Cat/cat?cat_id=4
INFO: [ app_init ] --START--
INFO: Run Behavior\BuildLiteBehavior [ RunTime:0.000031s ]
INFO: [ app_init ] --END-- [ RunTime:0.000509s ]
INFO: [ app_begin ] --START--
INFO: Run Behavior\ReadHtmlCacheBehavior [ RunTime:0.000532s ]
INFO: [ app_begin ] --END-- [ RunTime:0.000686s ]
NOTIC: D方法实例化没找到模型类Model\Model\GoodsModel
SQL: SHOW COLUMNS FROM `sw_goods` [ RunTime:0.0007s ]
SQL: SELECT COUNT(*) AS tp_count FROM `sw_goods` WHERE ( cat_id=4 ) LIMIT 1   [ RunTime:0.0003s ]
SQL: SELECT `goods_id`,`goods_name`,`goods_img`,`goods_img_s`,`cat_id`,`status`,`goods_brief` FROM `sw_goods` WHERE ( cat_id=4 ) LIMIT 0,1   [ RunTime:0.0003s ]
INFO: [ view_parse ] --START--
INFO: Run Behavior\ParseTemplateBehavior [ RunTime:0.008198s ]
INFO: [ view_parse ] --END-- [ RunTime:0.008351s ]
INFO: [ view_filter ] --START--
INFO: Run Behavior\WriteHtmlCacheBehavior [ RunTime:0.000328s ]
INFO: [ view_filter ] --END-- [ RunTime:0.000465s ]
INFO: [ app_end ] --START--
INFO: Run Behavior\ShowPageTraceBehavior [ RunTime:0.000582s ]
INFO: [ app_end ] --END-- [ RunTime:0.000739s ]

[ 2018-03-09T00:04:06+08:00 ] 127.0.0.1 /tp/shop/index.php/Home/Cat/cat?cat_id=4
INFO: [ app_init ] --START--
INFO: Run Behavior\BuildLiteBehavior [ RunTime:0.000034s ]
INFO: [ app_init ] --END-- [ RunTime:0.000556s ]
INFO: [ app_begin ] --START--
INFO: Run Behavior\ReadHtmlCacheBehavior [ RunTime:0.000603s ]
INFO: [ app_begin ] --END-- [ RunTime:0.000770s ]
NOTIC: D方法实例化没找到模型类Model\Model\GoodsModel
SQL: SHOW COLUMNS FROM `sw_goods` [ RunTime:0.0008s ]
SQL: SELECT COUNT(*) AS tp_count FROM `sw_goods` WHERE ( cat_id=4 ) LIMIT 1   [ RunTime:0.0003s ]
SQL: SELECT `goods_id`,`goods_name`,`goods_img`,`goods_img_s`,`cat_id`,`status`,`goods_brief` FROM `sw_goods` WHERE ( cat_id=4 ) LIMIT 0,1   [ RunTime:0.0003s ]
INFO: [ view_parse ] --START--
INFO: Run Behavior\ParseTemplateBehavior [ RunTime:0.336002s ]
INFO: [ view_parse ] --END-- [ RunTime:0.336166s ]
INFO: [ view_filter ] --START--
INFO: Run Behavior\WriteHtmlCacheBehavior [ RunTime:0.000619s ]
INFO: [ view_filter ] --END-- [ RunTime:0.000751s ]
INFO: [ app_end ] --START--
INFO: Run Behavior\ShowPageTraceBehavior [ RunTime:0.000728s ]
INFO: [ app_end ] --END-- [ RunTime:0.000896s ]

[ 2018-03-09T00:04:09+08:00 ] 127.0.0.1 /tp/shop/index.php/Home/Index/Index
INFO: [ app_init ] --START--
INFO: Run Behavior\BuildLiteBehavior [ RunTime:0.000035s ]
INFO: [ app_init ] --END-- [ RunTime:0.000704s ]
INFO: [ app_begin ] --START--
INFO: Run Behavior\ReadHtmlCacheBehavior [ RunTime:0.000852s ]
INFO: [ app_begin ] --END-- [ RunTime:0.001104s ]
SQL: SHOW COLUMNS FROM `sw_cat` [ RunTime:0.0007s ]
SQL: SELECT * FROM `sw_cat`  [ RunTime:0.0003s ]
SQL: SHOW COLUMNS FROM `sw_goods` [ RunTime:0.0006s ]
SQL: SELECT `goods_name`,`goods_price`,`goods_img`,`goods_img_s`,`cat_id`,`status`,`goods_brief` FROM `sw_goods`  [ RunTime:0.0003s ]
INFO: [ view_parse ] --START--
INFO: Run Behavior\ParseTemplateBehavior [ RunTime:0.011333s ]
INFO: [ view_parse ] --END-- [ RunTime:0.011487s ]
INFO: [ view_filter ] --START--
INFO: Run Behavior\WriteHtmlCacheBehavior [ RunTime:0.000372s ]
INFO: [ view_filter ] --END-- [ RunTime:0.000503s ]
INFO: [ app_end ] --START--
INFO: Run Behavior\ShowPageTraceBehavior [ RunTime:0.000811s ]
INFO: [ app_end ] --END-- [ RunTime:0.001065s ]

[ 2018-03-09T00:04:25+08:00 ] 127.0.0.1 /tp/shop/index.php/Home/Cat/cat?cat_id=1
INFO: [ app_init ] --START--
INFO: Run Behavior\BuildLiteBehavior [ RunTime:0.000047s ]
INFO: [ app_init ] --END-- [ RunTime:0.000690s ]
INFO: [ app_begin ] --START--
INFO: Run Behavior\ReadHtmlCacheBehavior [ RunTime:0.000644s ]
INFO: [ app_begin ] --END-- [ RunTime:0.000802s ]
NOTIC: D方法实例化没找到模型类Model\Model\GoodsModel
SQL: SHOW COLUMNS FROM `sw_goods` [ RunTime:0.0009s ]
SQL: SELECT COUNT(*) AS tp_count FROM `sw_goods` WHERE ( cat_id=1 ) LIMIT 1   [ RunTime:0.0004s ]
SQL: SELECT `goods_id`,`goods_name`,`goods_img`,`goods_img_s`,`cat_id`,`status`,`goods_brief` FROM `sw_goods` WHERE ( cat_id=1 ) LIMIT 0,1   [ RunTime:0.0003s ]
INFO: [ view_parse ] --START--
NOTIC: [8] Undefined index: price C:\wamp\www\tp\shop\Runtime\Cache\1bace42bae97a8e7744b15dd3c4a8494ab90cd34.file.cat.html.php 第 223 行.
INFO: Run Behavior\ParseTemplateBehavior [ RunTime:0.009075s ]
INFO: [ view_parse ] --END-- [ RunTime:0.009224s ]
INFO: [ view_filter ] --START--
INFO: Run Behavior\WriteHtmlCacheBehavior [ RunTime:0.000339s ]
INFO: [ view_filter ] --END-- [ RunTime:0.000478s ]
INFO: [ app_end ] --START--
INFO: Run Behavior\ShowPageTraceBehavior [ RunTime:0.000635s ]
INFO: [ app_end ] --END-- [ RunTime:0.000790s ]

[ 2018-03-09T00:04:28+08:00 ] 127.0.0.1 /tp/shop/index.php/Cat/cat/cat_id/1/p/2.html
INFO: [ app_init ] --START--
INFO: Run Behavior\BuildLiteBehavior [ RunTime:0.000035s ]
INFO: [ app_init ] --END-- [ RunTime:0.000553s ]
INFO: [ app_begin ] --START--
INFO: Run Behavior\ReadHtmlCacheBehavior [ RunTime:0.000613s ]
INFO: [ app_begin ] --END-- [ RunTime:0.000786s ]
NOTIC: D方法实例化没找到模型类Model\Model\GoodsModel
SQL: SHOW COLUMNS FROM `sw_goods` [ RunTime:0.0007s ]
SQL: SELECT COUNT(*) AS tp_count FROM `sw_goods` WHERE ( cat_id=1 ) LIMIT 1   [ RunTime:0.0003s ]
SQL: SELECT `goods_id`,`goods_name`,`goods_img`,`goods_img_s`,`cat_id`,`status`,`goods_brief` FROM `sw_goods` WHERE ( cat_id=1 ) LIMIT 1,1   [ RunTime:0.0005s ]
INFO: [ view_parse ] --START--
NOTIC: [8] Undefined index: price C:\wamp\www\tp\shop\Runtime\Cache\1bace42bae97a8e7744b15dd3c4a8494ab90cd34.file.cat.html.php 第 223 行.
INFO: Run Behavior\ParseTemplateBehavior [ RunTime:0.009496s ]
INFO: [ view_parse ] --END-- [ RunTime:0.009658s ]
INFO: [ view_filter ] --START--
INFO: Run Behavior\WriteHtmlCacheBehavior [ RunTime:0.000341s ]
INFO: [ view_filter ] --END-- [ RunTime:0.000486s ]
INFO: [ app_end ] --START--
INFO: Run Behavior\ShowPageTraceBehavior [ RunTime:0.000587s ]
INFO: [ app_end ] --END-- [ RunTime:0.000755s ]

[ 2018-03-09T00:04:30+08:00 ] 127.0.0.1 /tp/shop/index.php/Home/Goods/goods?goods_id=3
INFO: [ app_init ] --START--
INFO: Run Behavior\BuildLiteBehavior [ RunTime:0.000055s ]
INFO: [ app_init ] --END-- [ RunTime:0.000605s ]
INFO: [ app_begin ] --START--
INFO: Run Behavior\ReadHtmlCacheBehavior [ RunTime:0.000997s ]
INFO: [ app_begin ] --END-- [ RunTime:0.001155s ]
SQL: SHOW COLUMNS FROM `sw_goods` [ RunTime:0.0007s ]
SQL: SELECT * FROM `sw_goods` WHERE `goods_id` = 3 LIMIT 1   [ RunTime:0.0003s ]
SQL: SHOW COLUMNS FROM `sw_cat` [ RunTime:0.0006s ]
SQL: SELECT * FROM `sw_cat`  [ RunTime:0.0004s ]
SQL: SHOW COLUMNS FROM `sw_cat` [ RunTime:0.0010s ]
SQL: SELECT * FROM `sw_cat`  [ RunTime:0.0002s ]
INFO: [ view_parse ] --START--
INFO: Run Behavior\ParseTemplateBehavior [ RunTime:0.009236s ]
INFO: [ view_parse ] --END-- [ RunTime:0.009405s ]
INFO: [ view_filter ] --START--
INFO: Run Behavior\WriteHtmlCacheBehavior [ RunTime:0.000433s ]
INFO: [ view_filter ] --END-- [ RunTime:0.000574s ]
INFO: [ app_end ] --START--
INFO: Run Behavior\ShowPageTraceBehavior [ RunTime:0.000635s ]
INFO: [ app_end ] --END-- [ RunTime:0.000818s ]

[ 2018-03-09T00:04:32+08:00 ] 127.0.0.1 /tp/shop/index.php/Home/Goods/gwc?goods_id=3
INFO: [ app_init ] --START--
INFO: Run Behavior\BuildLiteBehavior [ RunTime:0.000040s ]
INFO: [ app_init ] --END-- [ RunTime:0.001024s ]
INFO: [ app_begin ] --START--
INFO: Run Behavior\ReadHtmlCacheBehavior [ RunTime:0.000639s ]
INFO: [ app_begin ] --END-- [ RunTime:0.000808s ]
NOTIC: D方法实例化没找到模型类Model\Model\GoodsModel
SQL: SHOW COLUMNS FROM `sw_goods` [ RunTime:0.0010s ]
SQL: SELECT * FROM `sw_goods` WHERE `goods_id` = 3 LIMIT 1   [ RunTime:0.0003s ]
NOTIC: [8] Undefined offset: 3 C:\wamp\www\tp\shop\Tools\AddTool.class.php 第 81 行.
INFO: [ app_end ] --START--
INFO: Run Behavior\ShowPageTraceBehavior [ RunTime:0.000725s ]
INFO: [ app_end ] --END-- [ RunTime:0.000902s ]

[ 2018-03-09T00:04:36+08:00 ] 127.0.0.1 /tp/shop/index.php/Home/Order/checkout
INFO: [ app_init ] --START--
INFO: Run Behavior\BuildLiteBehavior [ RunTime:0.000035s ]
INFO: [ app_init ] --END-- [ RunTime:0.000540s ]
INFO: [ app_begin ] --START--
INFO: Run Behavior\ReadHtmlCacheBehavior [ RunTime:0.000810s ]
INFO: [ app_begin ] --END-- [ RunTime:0.001026s ]
INFO: [ view_parse ] --START--
NOTIC: [8] Undefined index: goods_name C:\wamp\www\tp\shop\Runtime\Cache\aabd99f2ae2a03258ec4aaae516f1228ba91539a.file.checkout.html.php 第 153 行.
NOTIC: [8] Undefined index: goods_name C:\wamp\www\tp\shop\Runtime\Cache\aabd99f2ae2a03258ec4aaae516f1228ba91539a.file.checkout.html.php 第 153 行.
INFO: Run Behavior\ParseTemplateBehavior [ RunTime:0.011412s ]
INFO: [ view_parse ] --END-- [ RunTime:0.011582s ]
INFO: [ view_filter ] --START--
INFO: Run Behavior\WriteHtmlCacheBehavior [ RunTime:0.000392s ]
INFO: [ view_filter ] --END-- [ RunTime:0.000548s ]
INFO: [ app_end ] --START--
INFO: Run Behavior\ShowPageTraceBehavior [ RunTime:0.000612s ]
INFO: [ app_end ] --END-- [ RunTime:0.000768s ]

[ 2018-03-09T00:04:55+08:00 ] 127.0.0.1 /tp/shop/index.php/Home/Goods/gwc?goods_id=3
INFO: [ app_init ] --START--
INFO: Run Behavior\BuildLiteBehavior [ RunTime:0.000051s ]
INFO: [ app_init ] --END-- [ RunTime:0.000644s ]
INFO: [ app_begin ] --START--
INFO: Run Behavior\ReadHtmlCacheBehavior [ RunTime:0.001704s ]
INFO: [ app_begin ] --END-- [ RunTime:0.002070s ]
NOTIC: D方法实例化没找到模型类Model\Model\GoodsModel
SQL: SHOW COLUMNS FROM `sw_goods` [ RunTime:0.0007s ]
SQL: SELECT * FROM `sw_goods` WHERE `goods_id` = 3 LIMIT 1   [ RunTime:0.0007s ]
INFO: [ app_end ] --START--
INFO: Run Behavior\ShowPageTraceBehavior [ RunTime:0.000673s ]
INFO: [ app_end ] --END-- [ RunTime:0.000827s ]

[ 2018-03-09T00:05:25+08:00 ] 127.0.0.1 /tp/shop/index.php/Home/Order/checkout
INFO: [ app_init ] --START--
INFO: Run Behavior\BuildLiteBehavior [ RunTime:0.000036s ]
INFO: [ app_init ] --END-- [ RunTime:0.000563s ]
INFO: [ app_begin ] --START--
INFO: Run Behavior\ReadHtmlCacheBehavior [ RunTime:0.000708s ]
INFO: [ app_begin ] --END-- [ RunTime:0.000878s ]
INFO: [ view_parse ] --START--
NOTIC: [8] Undefined index: goods_name C:\wamp\www\tp\shop\Runtime\Cache\aabd99f2ae2a03258ec4aaae516f1228ba91539a.file.checkout.html.php 第 153 行.
NOTIC: [8] Undefined index: goods_name C:\wamp\www\tp\shop\Runtime\Cache\aabd99f2ae2a03258ec4aaae516f1228ba91539a.file.checkout.html.php 第 153 行.
INFO: Run Behavior\ParseTemplateBehavior [ RunTime:0.010462s ]
INFO: [ view_parse ] --END-- [ RunTime:0.010633s ]
INFO: [ view_filter ] --START--
INFO: Run Behavior\WriteHtmlCacheBehavior [ RunTime:0.000317s ]
INFO: [ view_filter ] --END-- [ RunTime:0.000445s ]
INFO: [ app_end ] --START--
INFO: Run Behavior\ShowPageTraceBehavior [ RunTime:0.000607s ]
INFO: [ app_end ] --END-- [ RunTime:0.000761s ]

[ 2018-03-09T00:06:02+08:00 ] 127.0.0.1 /tp/shop/index.php/Home/Order/checkout
INFO: [ app_init ] --START--
INFO: Run Behavior\BuildLiteBehavior [ RunTime:0.000040s ]
INFO: [ app_init ] --END-- [ RunTime:0.000551s ]
INFO: [ app_begin ] --START--
INFO: Run Behavior\ReadHtmlCacheBehavior [ RunTime:0.000679s ]
INFO: [ app_begin ] --END-- [ RunTime:0.000855s ]
INFO: [ view_parse ] --START--
NOTIC: [8] Undefined index: goods_name C:\wamp\www\tp\shop\Runtime\Cache\aabd99f2ae2a03258ec4aaae516f1228ba91539a.file.checkout.html.php 第 153 行.
NOTIC: [8] Undefined index: goods_name C:\wamp\www\tp\shop\Runtime\Cache\aabd99f2ae2a03258ec4aaae516f1228ba91539a.file.checkout.html.php 第 153 行.
INFO: Run Behavior\ParseTemplateBehavior [ RunTime:0.009967s ]
INFO: [ view_parse ] --END-- [ RunTime:0.010123s ]
INFO: [ view_filter ] --START--
INFO: Run Behavior\WriteHtmlCacheBehavior [ RunTime:0.000387s ]
INFO: [ view_filter ] --END-- [ RunTime:0.000522s ]
INFO: [ app_end ] --START--
INFO: Run Behavior\ShowPageTraceBehavior [ RunTime:0.000619s ]
INFO: [ app_end ] --END-- [ RunTime:0.000793s ]

[ 2018-03-09T00:09:04+08:00 ] 127.0.0.1 /tp/shop/index.php/Home/Order/checkout
INFO: [ app_init ] --START--
INFO: Run Behavior\BuildLiteBehavior [ RunTime:0.000037s ]
INFO: [ app_init ] --END-- [ RunTime:0.000719s ]
INFO: [ app_begin ] --START--
INFO: Run Behavior\ReadHtmlCacheBehavior [ RunTime:0.000793s ]
INFO: [ app_begin ] --END-- [ RunTime:0.000950s ]
INFO: [ view_parse ] --START--
NOTIC: [8] Undefined index: goods_name C:\wamp\www\tp\shop\Runtime\Cache\aabd99f2ae2a03258ec4aaae516f1228ba91539a.file.checkout.html.php 第 153 行.
NOTIC: [8] Undefined index: goods_name C:\wamp\www\tp\shop\Runtime\Cache\aabd99f2ae2a03258ec4aaae516f1228ba91539a.file.checkout.html.php 第 153 行.
INFO: Run Behavior\ParseTemplateBehavior [ RunTime:0.279457s ]
INFO: [ view_parse ] --END-- [ RunTime:0.279691s ]
INFO: [ view_filter ] --START--
INFO: Run Behavior\WriteHtmlCacheBehavior [ RunTime:0.000684s ]
INFO: [ view_filter ] --END-- [ RunTime:0.000822s ]
INFO: [ app_end ] --START--
INFO: Run Behavior\ShowPageTraceBehavior [ RunTime:0.000805s ]
INFO: [ app_end ] --END-- [ RunTime:0.000961s ]

[ 2018-03-09T00:13:15+08:00 ] 127.0.0.1 /tp/shop/index.php/Home/Order/checkout
INFO: [ app_init ] --START--
INFO: Run Behavior\BuildLiteBehavior [ RunTime:0.000037s ]
INFO: [ app_init ] --END-- [ RunTime:0.000707s ]
INFO: [ app_begin ] --START--
INFO: Run Behavior\ReadHtmlCacheBehavior [ RunTime:0.000733s ]
INFO: [ app_begin ] --END-- [ RunTime:0.000902s ]

[ 2018-03-09T00:16:10+08:00 ] 127.0.0.1 /tp/shop/index.php/Home/Order/checkout
INFO: [ app_init ] --START--
INFO: Run Behavior\BuildLiteBehavior [ RunTime:0.000029s ]
INFO: [ app_init ] --END-- [ RunTime:0.000564s ]
INFO: [ app_begin ] --START--
INFO: Run Behavior\ReadHtmlCacheBehavior [ RunTime:0.000621s ]
INFO: [ app_begin ] --END-- [ RunTime:0.000793s ]
INFO: [ view_parse ] --START--
ERR: Syntax Error in template "C:/wamp/www/tp/shop/Home/View\Order\checkout.html"  on line 112 "&lt;img src=&quot;{$smarty.const.SITE/$c.}&quot; class=&quot;itempic J_ItemImg&quot;&gt;&lt;/a&gt;"  - Unexpected "}", expected one of: "{" , "$" , "identifier" , INTEGER

[ 2018-03-09T00:16:25+08:00 ] 127.0.0.1 /tp/shop/index.php/Home/Order/checkout
INFO: [ app_init ] --START--
INFO: Run Behavior\BuildLiteBehavior [ RunTime:0.000029s ]
INFO: [ app_init ] --END-- [ RunTime:0.000536s ]
INFO: [ app_begin ] --START--
INFO: Run Behavior\ReadHtmlCacheBehavior [ RunTime:0.000549s ]
INFO: [ app_begin ] --END-- [ RunTime:0.000686s ]
INFO: [ view_parse ] --START--
ERR: Syntax Error in template "C:/wamp/www/tp/shop/Home/View\Order\checkout.html"  on line 112 "&lt;img src=&quot;{$smarty.const.SITE/$c.}&quot; class=&quot;itempic J_ItemImg&quot;&gt;&lt;/a&gt;"  - Unexpected "}", expected one of: "{" , "$" , "identifier" , INTEGER

[ 2018-03-09T00:17:08+08:00 ] 127.0.0.1 /tp/shop/index.php/Home/Goods/gwc?goods_id=3
INFO: [ app_init ] --START--
INFO: Run Behavior\BuildLiteBehavior [ RunTime:0.000035s ]
INFO: [ app_init ] --END-- [ RunTime:0.000550s ]
INFO: [ app_begin ] --START--
INFO: Run Behavior\ReadHtmlCacheBehavior [ RunTime:0.000926s ]
INFO: [ app_begin ] --END-- [ RunTime:0.001110s ]
NOTIC: D方法实例化没找到模型类Model\Model\GoodsModel
SQL: SHOW COLUMNS FROM `sw_goods` [ RunTime:0.0008s ]
SQL: SELECT * FROM `sw_goods` WHERE `goods_id` = 3 LIMIT 1   [ RunTime:0.0004s ]
INFO: [ app_end ] --START--
INFO: Run Behavior\ShowPageTraceBehavior [ RunTime:0.000909s ]
INFO: [ app_end ] --END-- [ RunTime:0.001090s ]

[ 2018-03-09T00:17:13+08:00 ] 127.0.0.1 /tp/shop/index.php/Home/Order/checkout
INFO: [ app_init ] --START--
INFO: Run Behavior\BuildLiteBehavior [ RunTime:0.000035s ]
INFO: [ app_init ] --END-- [ RunTime:0.000548s ]
INFO: [ app_begin ] --START--
INFO: Run Behavior\ReadHtmlCacheBehavior [ RunTime:0.000664s ]
INFO: [ app_begin ] --END-- [ RunTime:0.000842s ]
INFO: [ view_parse ] --START--
ERR: Syntax Error in template "C:/wamp/www/tp/shop/Home/View\Order\checkout.html"  on line 112 "&lt;img src=&quot;{$smarty.const.SITE/$c.}&quot; class=&quot;itempic J_ItemImg&quot;&gt;&lt;/a&gt;"  - Unexpected "}", expected one of: "{" , "$" , "identifier" , INTEGER

[ 2018-03-09T00:17:15+08:00 ] 127.0.0.1 /tp/shop/index.php/Home/Order/checkout
INFO: [ app_init ] --START--
INFO: Run Behavior\BuildLiteBehavior [ RunTime:0.000059s ]
INFO: [ app_init ] --END-- [ RunTime:0.000943s ]
INFO: [ app_begin ] --START--
INFO: Run Behavior\ReadHtmlCacheBehavior [ RunTime:0.000640s ]
INFO: [ app_begin ] --END-- [ RunTime:0.000804s ]
INFO: [ view_parse ] --START--
ERR: Syntax Error in template "C:/wamp/www/tp/shop/Home/View\Order\checkout.html"  on line 112 "&lt;img src=&quot;{$smarty.const.SITE/$c.}&quot; class=&quot;itempic J_ItemImg&quot;&gt;&lt;/a&gt;"  - Unexpected "}", expected one of: "{" , "$" , "identifier" , INTEGER

[ 2018-03-09T00:17:16+08:00 ] 127.0.0.1 /tp/shop/index.php/Home/Order/checkout
INFO: [ app_init ] --START--
INFO: Run Behavior\BuildLiteBehavior [ RunTime:0.000036s ]
INFO: [ app_init ] --END-- [ RunTime:0.000604s ]
INFO: [ app_begin ] --START--
INFO: Run Behavior\ReadHtmlCacheBehavior [ RunTime:0.000599s ]
INFO: [ app_begin ] --END-- [ RunTime:0.000765s ]
INFO: [ view_parse ] --START--
ERR: Syntax Error in template "C:/wamp/www/tp/shop/Home/View\Order\checkout.html"  on line 112 "&lt;img src=&quot;{$smarty.const.SITE/$c.}&quot; class=&quot;itempic J_ItemImg&quot;&gt;&lt;/a&gt;"  - Unexpected "}", expected one of: "{" , "$" , "identifier" , INTEGER

[ 2018-03-09T00:17:16+08:00 ] 127.0.0.1 /tp/shop/index.php/Home/Order/checkout
INFO: [ app_init ] --START--
INFO: Run Behavior\BuildLiteBehavior [ RunTime:0.000035s ]
INFO: [ app_init ] --END-- [ RunTime:0.000544s ]
INFO: [ app_begin ] --START--
INFO: Run Behavior\ReadHtmlCacheBehavior [ RunTime:0.000813s ]
INFO: [ app_begin ] --END-- [ RunTime:0.001058s ]
INFO: [ view_parse ] --START--
ERR: Syntax Error in template "C:/wamp/www/tp/shop/Home/View\Order\checkout.html"  on line 112 "&lt;img src=&quot;{$smarty.const.SITE/$c.}&quot; class=&quot;itempic J_ItemImg&quot;&gt;&lt;/a&gt;"  - Unexpected "}", expected one of: "{" , "$" , "identifier" , INTEGER

[ 2018-03-09T00:17:19+08:00 ] 127.0.0.1 /tp/shop/index.php/Home/Goods/gwc?goods_id=3
INFO: [ app_init ] --START--
INFO: Run Behavior\BuildLiteBehavior [ RunTime:0.000063s ]
INFO: [ app_init ] --END-- [ RunTime:0.000615s ]
INFO: [ app_begin ] --START--
INFO: Run Behavior\ReadHtmlCacheBehavior [ RunTime:0.000562s ]
INFO: [ app_begin ] --END-- [ RunTime:0.000705s ]
NOTIC: D方法实例化没找到模型类Model\Model\GoodsModel
SQL: SHOW COLUMNS FROM `sw_goods` [ RunTime:0.0009s ]
SQL: SELECT * FROM `sw_goods` WHERE `goods_id` = 3 LIMIT 1   [ RunTime:0.0004s ]
INFO: [ app_end ] --START--
INFO: Run Behavior\ShowPageTraceBehavior [ RunTime:0.000773s ]
INFO: [ app_end ] --END-- [ RunTime:0.000950s ]

[ 2018-03-09T00:17:22+08:00 ] 127.0.0.1 /tp/shop/index.php/Home/Order/checkout
INFO: [ app_init ] --START--
INFO: Run Behavior\BuildLiteBehavior [ RunTime:0.000030s ]
INFO: [ app_init ] --END-- [ RunTime:0.000473s ]
INFO: [ app_begin ] --START--
INFO: Run Behavior\ReadHtmlCacheBehavior [ RunTime:0.000542s ]
INFO: [ app_begin ] --END-- [ RunTime:0.000746s ]
INFO: [ view_parse ] --START--
ERR: Syntax Error in template "C:/wamp/www/tp/shop/Home/View\Order\checkout.html"  on line 112 "&lt;img src=&quot;{$smarty.const.SITE/$c.}&quot; class=&quot;itempic J_ItemImg&quot;&gt;&lt;/a&gt;"  - Unexpected "}", expected one of: "{" , "$" , "identifier" , INTEGER

[ 2018-03-09T00:18:42+08:00 ] 127.0.0.1 /tp/shop/index.php/Home/Order/checkout
INFO: [ app_init ] --START--
INFO: Run Behavior\BuildLiteBehavior [ RunTime:0.000035s ]
INFO: [ app_init ] --END-- [ RunTime:0.000613s ]
INFO: [ app_begin ] --START--
INFO: Run Behavior\ReadHtmlCacheBehavior [ RunTime:0.000733s ]
INFO: [ app_begin ] --END-- [ RunTime:0.000901s ]
INFO: [ view_parse ] --START--
ERR: Syntax Error in template "C:/wamp/www/tp/shop/Home/View\Order\checkout.html"  on line 112 "&lt;img src=&quot;{$smarty.const.SITE/$c.}&quot; class=&quot;itempic J_ItemImg&quot;&gt;&lt;/a&gt;"  - Unexpected "}", expected one of: "{" , "$" , "identifier" , INTEGER

[ 2018-03-09T00:18:43+08:00 ] 127.0.0.1 /tp/shop/index.php/Home/Order/checkout
INFO: [ app_init ] --START--
INFO: Run Behavior\BuildLiteBehavior [ RunTime:0.000035s ]
INFO: [ app_init ] --END-- [ RunTime:0.000539s ]
INFO: [ app_begin ] --START--
INFO: Run Behavior\ReadHtmlCacheBehavior [ RunTime:0.000601s ]
INFO: [ app_begin ] --END-- [ RunTime:0.000779s ]
INFO: [ view_parse ] --START--
ERR: Syntax Error in template "C:/wamp/www/tp/shop/Home/View\Order\checkout.html"  on line 112 "&lt;img src=&quot;{$smarty.const.SITE/$c.}&quot; class=&quot;itempic J_ItemImg&quot;&gt;&lt;/a&gt;"  - Unexpected "}", expected one of: "{" , "$" , "identifier" , INTEGER

[ 2018-03-09T00:18:43+08:00 ] 127.0.0.1 /tp/shop/index.php/Home/Order/checkout
INFO: [ app_init ] --START--
INFO: Run Behavior\BuildLiteBehavior [ RunTime:0.000032s ]
INFO: [ app_init ] --END-- [ RunTime:0.000497s ]
INFO: [ app_begin ] --START--
INFO: Run Behavior\ReadHtmlCacheBehavior [ RunTime:0.000585s ]
INFO: [ app_begin ] --END-- [ RunTime:0.000733s ]
INFO: [ view_parse ] --START--
ERR: Syntax Error in template "C:/wamp/www/tp/shop/Home/View\Order\checkout.html"  on line 112 "&lt;img src=&quot;{$smarty.const.SITE/$c.}&quot; class=&quot;itempic J_ItemImg&quot;&gt;&lt;/a&gt;"  - Unexpected "}", expected one of: "{" , "$" , "identifier" , INTEGER

[ 2018-03-09T00:19:24+08:00 ] 127.0.0.1 /tp/shop/index.php/Home/Order/checkout
INFO: [ app_init ] --START--
INFO: Run Behavior\BuildLiteBehavior [ RunTime:0.000035s ]
INFO: [ app_init ] --END-- [ RunTime:0.000633s ]
INFO: [ app_begin ] --START--
INFO: Run Behavior\ReadHtmlCacheBehavior [ RunTime:0.000842s ]
INFO: [ app_begin ] --END-- [ RunTime:0.001093s ]
INFO: [ view_parse ] --START--
ERR: Syntax Error in template "C:/wamp/www/tp/shop/Home/View\Order\checkout.html"  on line 112 "&lt;img src=&quot;{$smarty.const.SITE.'/'.$c.goods_img_s}&quot; class=&quot;itempic J_ItemImg&quot;&gt;&lt;/a&gt;"  - Unexpected "'/'", expected one of: "{" , "$" , "identifier" , INTEGER

[ 2018-03-09T00:19:26+08:00 ] 127.0.0.1 /tp/shop/index.php/Home/Order/checkout
INFO: [ app_init ] --START--
INFO: Run Behavior\BuildLiteBehavior [ RunTime:0.000032s ]
INFO: [ app_init ] --END-- [ RunTime:0.000497s ]
INFO: [ app_begin ] --START--
INFO: Run Behavior\ReadHtmlCacheBehavior [ RunTime:0.000551s ]
INFO: [ app_begin ] --END-- [ RunTime:0.000712s ]
INFO: [ view_parse ] --START--
ERR: Syntax Error in template "C:/wamp/www/tp/shop/Home/View\Order\checkout.html"  on line 112 "&lt;img src=&quot;{$smarty.const.SITE.'/'.$c.goods_img_s}&quot; class=&quot;itempic J_ItemImg&quot;&gt;&lt;/a&gt;"  - Unexpected "'/'", expected one of: "{" , "$" , "identifier" , INTEGER

[ 2018-03-09T00:19:27+08:00 ] 127.0.0.1 /tp/shop/index.php/Home/Order/checkout
INFO: [ app_init ] --START--
INFO: Run Behavior\BuildLiteBehavior [ RunTime:0.000033s ]
INFO: [ app_init ] --END-- [ RunTime:0.000492s ]
INFO: [ app_begin ] --START--
INFO: Run Behavior\ReadHtmlCacheBehavior [ RunTime:0.000811s ]
INFO: [ app_begin ] --END-- [ RunTime:0.001082s ]
INFO: [ view_parse ] --START--
ERR: Syntax Error in template "C:/wamp/www/tp/shop/Home/View\Order\checkout.html"  on line 112 "&lt;img src=&quot;{$smarty.const.SITE.'/'.$c.goods_img_s}&quot; class=&quot;itempic J_ItemImg&quot;&gt;&lt;/a&gt;"  - Unexpected "'/'", expected one of: "{" , "$" , "identifier" , INTEGER

[ 2018-03-09T00:19:39+08:00 ] 127.0.0.1 /tp/shop/index.php/Home/Order/checkout
INFO: [ app_init ] --START--
INFO: Run Behavior\BuildLiteBehavior [ RunTime:0.000029s ]
INFO: [ app_init ] --END-- [ RunTime:0.000467s ]
INFO: [ app_begin ] --START--
INFO: Run Behavior\ReadHtmlCacheBehavior [ RunTime:0.000947s ]
INFO: [ app_begin ] --END-- [ RunTime:0.001238s ]
INFO: [ view_parse ] --START--
NOTIC: [8] Undefined index: goods_name C:\wamp\www\tp\shop\Runtime\Cache\aabd99f2ae2a03258ec4aaae516f1228ba91539a.file.checkout.html.php 第 153 行.
NOTIC: [8] Undefined index: goods_name C:\wamp\www\tp\shop\Runtime\Cache\aabd99f2ae2a03258ec4aaae516f1228ba91539a.file.checkout.html.php 第 153 行.
INFO: Run Behavior\ParseTemplateBehavior [ RunTime:0.252285s ]
INFO: [ view_parse ] --END-- [ RunTime:0.252432s ]
INFO: [ view_filter ] --START--
INFO: Run Behavior\WriteHtmlCacheBehavior [ RunTime:0.000670s ]
INFO: [ view_filter ] --END-- [ RunTime:0.000803s ]
INFO: [ app_end ] --START--
INFO: Run Behavior\ShowPageTraceBehavior [ RunTime:0.000780s ]
INFO: [ app_end ] --END-- [ RunTime:0.000983s ]

[ 2018-03-09T00:19:39+08:00 ] 127.0.0.1 /tp/shop/index.php/Home/Order/www.php.com/tp/shop/
INFO: [ app_init ] --START--
INFO: Run Behavior\BuildLiteBehavior [ RunTime:0.000058s ]
INFO: [ app_init ] --END-- [ RunTime:0.000877s ]
INFO: [ app_begin ] --START--
INFO: Run Behavior\ReadHtmlCacheBehavior [ RunTime:0.000963s ]
INFO: [ app_begin ] --END-- [ RunTime:0.001235s ]
ERR: 非法操作:www.php.com

[ 2018-03-09T00:21:47+08:00 ] 127.0.0.1 /tp/shop/index.php/Home/Order/checkout
INFO: [ app_init ] --START--
INFO: Run Behavior\BuildLiteBehavior [ RunTime:0.000035s ]
INFO: [ app_init ] --END-- [ RunTime:0.000608s ]
INFO: [ app_begin ] --START--
INFO: Run Behavior\ReadHtmlCacheBehavior [ RunTime:0.000943s ]
INFO: [ app_begin ] --END-- [ RunTime:0.001154s ]
INFO: [ view_parse ] --START--
NOTIC: [8] Undefined index: goods_name C:\wamp\www\tp\shop\Runtime\Cache\aabd99f2ae2a03258ec4aaae516f1228ba91539a.file.checkout.html.php 第 153 行.
NOTIC: [8] Undefined index: goods_name C:\wamp\www\tp\shop\Runtime\Cache\aabd99f2ae2a03258ec4aaae516f1228ba91539a.file.checkout.html.php 第 153 行.
INFO: Run Behavior\ParseTemplateBehavior [ RunTime:0.270451s ]
INFO: [ view_parse ] --END-- [ RunTime:0.270679s ]
INFO: [ view_filter ] --START--
INFO: Run Behavior\WriteHtmlCacheBehavior [ RunTime:0.000876s ]
INFO: [ view_filter ] --END-- [ RunTime:0.001045s ]
INFO: [ app_end ] --START--
INFO: Run Behavior\ShowPageTraceBehavior [ RunTime:0.000795s ]
INFO: [ app_end ] --END-- [ RunTime:0.000950s ]

[ 2018-03-09T00:23:07+08:00 ] 127.0.0.1 /tp/shop/index.php/Home/Order/checkout
INFO: [ app_init ] --START--
INFO: Run Behavior\BuildLiteBehavior [ RunTime:0.000029s ]
INFO: [ app_init ] --END-- [ RunTime:0.000522s ]
INFO: [ app_begin ] --START--
INFO: Run Behavior\ReadHtmlCacheBehavior [ RunTime:0.000594s ]
INFO: [ app_begin ] --END-- [ RunTime:0.000730s ]
INFO: [ view_parse ] --START--
NOTIC: [8] Undefined index: goods_name C:\wamp\www\tp\shop\Runtime\Cache\aabd99f2ae2a03258ec4aaae516f1228ba91539a.file.checkout.html.php 第 153 行.
NOTIC: [8] Undefined index: goods_name C:\wamp\www\tp\shop\Runtime\Cache\aabd99f2ae2a03258ec4aaae516f1228ba91539a.file.checkout.html.php 第 153 行.
INFO: Run Behavior\ParseTemplateBehavior [ RunTime:0.010401s ]
INFO: [ view_parse ] --END-- [ RunTime:0.010545s ]
INFO: [ view_filter ] --START--
INFO: Run Behavior\WriteHtmlCacheBehavior [ RunTime:0.000342s ]
INFO: [ view_filter ] --END-- [ RunTime:0.000480s ]
INFO: [ app_end ] --START--
INFO: Run Behavior\ShowPageTraceBehavior [ RunTime:0.000550s ]
INFO: [ app_end ] --END-- [ RunTime:0.000697s ]

[ 2018-03-09T00:23:37+08:00 ] 127.0.0.1 /tp/shop/index.php/Home/Order/checkout
INFO: [ app_init ] --START--
INFO: Run Behavior\BuildLiteBehavior [ RunTime:0.000036s ]
INFO: [ app_init ] --END-- [ RunTime:0.000558s ]
INFO: [ app_begin ] --START--
INFO: Run Behavior\ReadHtmlCacheBehavior [ RunTime:0.000621s ]
INFO: [ app_begin ] --END-- [ RunTime:0.000792s ]
INFO: [ view_parse ] --START--
NOTIC: [8] Undefined index: goods_name C:\wamp\www\tp\shop\Runtime\Cache\aabd99f2ae2a03258ec4aaae516f1228ba91539a.file.checkout.html.php 第 154 行.
NOTIC: [8] Undefined index: goods_name C:\wamp\www\tp\shop\Runtime\Cache\aabd99f2ae2a03258ec4aaae516f1228ba91539a.file.checkout.html.php 第 154 行.
INFO: Run Behavior\ParseTemplateBehavior [ RunTime:0.264975s ]
INFO: [ view_parse ] --END-- [ RunTime:0.265142s ]
INFO: [ view_filter ] --START--
INFO: Run Behavior\WriteHtmlCacheBehavior [ RunTime:0.000735s ]
INFO: [ view_filter ] --END-- [ RunTime:0.000902s ]
INFO: [ app_end ] --START--
INFO: Run Behavior\ShowPageTraceBehavior [ RunTime:0.000697s ]
INFO: [ app_end ] --END-- [ RunTime:0.000848s ]

[ 2018-03-09T00:31:54+08:00 ] 127.0.0.1 /tp/shop/index.php/Home/Order/checkout
INFO: [ app_init ] --START--
INFO: Run Behavior\BuildLiteBehavior [ RunTime:0.000064s ]
INFO: [ app_init ] --END-- [ RunTime:0.001337s ]
INFO: [ app_begin ] --START--
INFO: Run Behavior\ReadHtmlCacheBehavior [ RunTime:0.000736s ]
INFO: [ app_begin ] --END-- [ RunTime:0.000903s ]
INFO: [ view_parse ] --START--
NOTIC: [8] Undefined index: goods_name C:\wamp\www\tp\shop\Runtime\Cache\aabd99f2ae2a03258ec4aaae516f1228ba91539a.file.checkout.html.php 第 154 行.
NOTIC: [8] Undefined index: goods_name C:\wamp\www\tp\shop\Runtime\Cache\aabd99f2ae2a03258ec4aaae516f1228ba91539a.file.checkout.html.php 第 154 行.
INFO: Run Behavior\ParseTemplateBehavior [ RunTime:0.013182s ]
INFO: [ view_parse ] --END-- [ RunTime:0.013339s ]
INFO: [ view_filter ] --START--
INFO: Run Behavior\WriteHtmlCacheBehavior [ RunTime:0.000430s ]
INFO: [ view_filter ] --END-- [ RunTime:0.000567s ]
INFO: [ app_end ] --START--
INFO: Run Behavior\ShowPageTraceBehavior [ RunTime:0.000843s ]
INFO: [ app_end ] --END-- [ RunTime:0.001069s ]

[ 2018-03-09T00:32:00+08:00 ] 127.0.0.1 /tp/shop/index.php/Home/Index/Index
INFO: [ app_init ] --START--
INFO: Run Behavior\BuildLiteBehavior [ RunTime:0.000035s ]
INFO: [ app_init ] --END-- [ RunTime:0.000550s ]
INFO: [ app_begin ] --START--
INFO: Run Behavior\ReadHtmlCacheBehavior [ RunTime:0.000605s ]
INFO: [ app_begin ] --END-- [ RunTime:0.000775s ]
SQL: SHOW COLUMNS FROM `sw_cat` [ RunTime:0.0020s ]
SQL: SELECT * FROM `sw_cat`  [ RunTime:0.0006s ]
SQL: SHOW COLUMNS FROM `sw_goods` [ RunTime:0.0011s ]
SQL: SELECT `goods_name`,`goods_price`,`goods_img`,`goods_img_s`,`cat_id`,`status`,`goods_brief` FROM `sw_goods`  [ RunTime:0.0005s ]
INFO: [ view_parse ] --START--
INFO: Run Behavior\ParseTemplateBehavior [ RunTime:0.010998s ]
INFO: [ view_parse ] --END-- [ RunTime:0.011211s ]
INFO: [ view_filter ] --START--
INFO: Run Behavior\WriteHtmlCacheBehavior [ RunTime:0.000394s ]
INFO: [ view_filter ] --END-- [ RunTime:0.000530s ]
INFO: [ app_end ] --START--
INFO: Run Behavior\ShowPageTraceBehavior [ RunTime:0.001082s ]
INFO: [ app_end ] --END-- [ RunTime:0.001405s ]

[ 2018-03-09T00:32:01+08:00 ] 127.0.0.1 /tp/shop/index.php/Home/Cat/cat?cat_id=1
INFO: [ app_init ] --START--
INFO: Run Behavior\BuildLiteBehavior [ RunTime:0.000031s ]
INFO: [ app_init ] --END-- [ RunTime:0.000475s ]
INFO: [ app_begin ] --START--
INFO: Run Behavior\ReadHtmlCacheBehavior [ RunTime:0.000514s ]
INFO: [ app_begin ] --END-- [ RunTime:0.000650s ]
NOTIC: D方法实例化没找到模型类Model\Model\GoodsModel
SQL: SHOW COLUMNS FROM `sw_goods` [ RunTime:0.0007s ]
SQL: SELECT COUNT(*) AS tp_count FROM `sw_goods` WHERE ( cat_id=1 ) LIMIT 1   [ RunTime:0.0003s ]
SQL: SELECT `goods_id`,`goods_name`,`goods_img`,`goods_img_s`,`cat_id`,`status`,`goods_brief` FROM `sw_goods` WHERE ( cat_id=1 ) LIMIT 0,1   [ RunTime:0.0003s ]
INFO: [ view_parse ] --START--
NOTIC: [8] Undefined index: price C:\wamp\www\tp\shop\Runtime\Cache\1bace42bae97a8e7744b15dd3c4a8494ab90cd34.file.cat.html.php 第 223 行.
INFO: Run Behavior\ParseTemplateBehavior [ RunTime:0.009745s ]
INFO: [ view_parse ] --END-- [ RunTime:0.009893s ]
INFO: [ view_filter ] --START--
INFO: Run Behavior\WriteHtmlCacheBehavior [ RunTime:0.000339s ]
INFO: [ view_filter ] --END-- [ RunTime:0.000476s ]
INFO: [ app_end ] --START--
INFO: Run Behavior\ShowPageTraceBehavior [ RunTime:0.000703s ]
INFO: [ app_end ] --END-- [ RunTime:0.000895s ]

[ 2018-03-09T00:32:02+08:00 ] 127.0.0.1 /tp/shop/index.php/Home/Goods/goods?goods_id=2
INFO: [ app_init ] --START--
INFO: Run Behavior\BuildLiteBehavior [ RunTime:0.000033s ]
INFO: [ app_init ] --END-- [ RunTime:0.000591s ]
INFO: [ app_begin ] --START--
INFO: Run Behavior\ReadHtmlCacheBehavior [ RunTime:0.000982s ]
INFO: [ app_begin ] --END-- [ RunTime:0.001247s ]
SQL: SHOW COLUMNS FROM `sw_goods` [ RunTime:0.0010s ]
SQL: SELECT * FROM `sw_goods` WHERE `goods_id` = 2 LIMIT 1   [ RunTime:0.0006s ]
SQL: SHOW COLUMNS FROM `sw_cat` [ RunTime:0.0008s ]
SQL: SELECT * FROM `sw_cat`  [ RunTime:0.0005s ]
SQL: SHOW COLUMNS FROM `sw_cat` [ RunTime:0.0007s ]
SQL: SELECT * FROM `sw_cat`  [ RunTime:0.0003s ]
INFO: [ view_parse ] --START--
INFO: Run Behavior\ParseTemplateBehavior [ RunTime:0.012884s ]
INFO: [ view_parse ] --END-- [ RunTime:0.013053s ]
INFO: [ view_filter ] --START--
INFO: Run Behavior\WriteHtmlCacheBehavior [ RunTime:0.000501s ]
INFO: [ view_filter ] --END-- [ RunTime:0.000645s ]
INFO: [ app_end ] --START--
INFO: Run Behavior\ShowPageTraceBehavior [ RunTime:0.001003s ]
INFO: [ app_end ] --END-- [ RunTime:0.001317s ]

[ 2018-03-09T11:04:42+08:00 ] 127.0.0.1 /tp/shop/index.php/AdminManager/logout
INFO: [ app_init ] --START--
INFO: Run Behavior\BuildLiteBehavior [ RunTime:0.000035s ]
INFO: [ app_init ] --END-- [ RunTime:0.000584s ]
INFO: [ app_begin ] --START--
INFO: Run Behavior\ReadHtmlCacheBehavior [ RunTime:0.001080s ]
INFO: [ app_begin ] --END-- [ RunTime:0.001429s ]
ERR: 无法加载控制器:AdminManager

[ 2018-03-09T14:39:02+08:00 ] 127.0.0.1 /tp/shop/index.php/home.index
INFO: [ app_init ] --START--
INFO: Run Behavior\BuildLiteBehavior [ RunTime:0.000033s ]
INFO: [ app_init ] --END-- [ RunTime:0.000570s ]
INFO: [ app_begin ] --START--
INFO: Run Behavior\ReadHtmlCacheBehavior [ RunTime:0.000709s ]
INFO: [ app_begin ] --END-- [ RunTime:0.000875s ]
SQL: SHOW COLUMNS FROM `sw_cat` [ RunTime:0.0665s ]
SQL: SELECT * FROM `sw_cat`  [ RunTime:0.0004s ]
SQL: SHOW COLUMNS FROM `sw_goods` [ RunTime:0.0018s ]
SQL: SELECT `goods_name`,`goods_price`,`goods_img`,`goods_img_s`,`cat_id`,`status`,`goods_brief` FROM `sw_goods`  [ RunTime:0.0005s ]
INFO: [ view_parse ] --START--
INFO: Run Behavior\ParseTemplateBehavior [ RunTime:0.123392s ]
INFO: [ view_parse ] --END-- [ RunTime:0.123576s ]
INFO: [ view_filter ] --START--
INFO: Run Behavior\WriteHtmlCacheBehavior [ RunTime:0.000567s ]
INFO: [ view_filter ] --END-- [ RunTime:0.000707s ]
INFO: [ app_end ] --START--
INFO: Run Behavior\ShowPageTraceBehavior [ RunTime:0.000922s ]
INFO: [ app_end ] --END-- [ RunTime:0.001167s ]

[ 2018-03-09T14:39:09+08:00 ] 127.0.0.1 /tp/shop/index.php/Home/Order/checkout
INFO: [ app_init ] --START--
INFO: Run Behavior\BuildLiteBehavior [ RunTime:0.000038s ]
INFO: [ app_init ] --END-- [ RunTime:0.000657s ]
INFO: [ app_begin ] --START--
INFO: Run Behavior\ReadHtmlCacheBehavior [ RunTime:0.000594s ]
INFO: [ app_begin ] --END-- [ RunTime:0.000754s ]

[ 2018-03-09T14:39:09+08:00 ] 127.0.0.1 /tp/shop/index.php/User/login.html
INFO: [ app_init ] --START--
INFO: Run Behavior\BuildLiteBehavior [ RunTime:0.000028s ]
INFO: [ app_init ] --END-- [ RunTime:0.000438s ]
INFO: [ app_begin ] --START--
INFO: Run Behavior\ReadHtmlCacheBehavior [ RunTime:0.000496s ]
INFO: [ app_begin ] --END-- [ RunTime:0.000638s ]
SQL: SHOW COLUMNS FROM `sw_user` [ RunTime:0.0101s ]
SQL: SELECT * FROM `sw_user` WHERE ( username = 12345666 ) LIMIT 1   [ RunTime:0.0005s ]

[ 2018-03-09T14:39:10+08:00 ] 127.0.0.1 /tp/shop/index.php/Index/index.html
INFO: [ app_init ] --START--
INFO: Run Behavior\BuildLiteBehavior [ RunTime:0.000054s ]
INFO: [ app_init ] --END-- [ RunTime:0.001141s ]
INFO: [ app_begin ] --START--
INFO: Run Behavior\ReadHtmlCacheBehavior [ RunTime:0.000888s ]
INFO: [ app_begin ] --END-- [ RunTime:0.001116s ]
SQL: SHOW COLUMNS FROM `sw_cat` [ RunTime:0.0015s ]
SQL: SELECT * FROM `sw_cat`  [ RunTime:0.0005s ]
SQL: SHOW COLUMNS FROM `sw_goods` [ RunTime:0.0049s ]
SQL: SELECT `goods_name`,`goods_price`,`goods_img`,`goods_img_s`,`cat_id`,`status`,`goods_brief` FROM `sw_goods`  [ RunTime:0.0015s ]
INFO: [ view_parse ] --START--
INFO: Run Behavior\ParseTemplateBehavior [ RunTime:0.015871s ]
INFO: [ view_parse ] --END-- [ RunTime:0.016103s ]
INFO: [ view_filter ] --START--
INFO: Run Behavior\WriteHtmlCacheBehavior [ RunTime:0.000468s ]
INFO: [ view_filter ] --END-- [ RunTime:0.000611s ]
INFO: [ app_end ] --START--
INFO: Run Behavior\ShowPageTraceBehavior [ RunTime:0.000630s ]
INFO: [ app_end ] --END-- [ RunTime:0.000791s ]

[ 2018-03-09T14:39:17+08:00 ] 127.0.0.1 /tp/shop/index.php/Home/Cat/cat?cat_id=1
INFO: [ app_init ] --START--
INFO: Run Behavior\BuildLiteBehavior [ RunTime:0.000046s ]
INFO: [ app_init ] --END-- [ RunTime:0.000900s ]
INFO: [ app_begin ] --START--
INFO: Run Behavior\ReadHtmlCacheBehavior [ RunTime:0.001029s ]
INFO: [ app_begin ] --END-- [ RunTime:0.001273s ]
NOTIC: D方法实例化没找到模型类Model\Model\GoodsModel
SQL: SHOW COLUMNS FROM `sw_goods` [ RunTime:0.0017s ]
SQL: SELECT COUNT(*) AS tp_count FROM `sw_goods` WHERE ( cat_id=1 ) LIMIT 1   [ RunTime:0.0258s ]
SQL: SELECT `goods_id`,`goods_name`,`goods_img`,`goods_img_s`,`cat_id`,`status`,`goods_brief` FROM `sw_goods` WHERE ( cat_id=1 ) LIMIT 0,1   [ RunTime:0.0005s ]
INFO: [ view_parse ] --START--
NOTIC: [8] Undefined index: price C:\wamp\www\tp\shop\Runtime\Cache\1bace42bae97a8e7744b15dd3c4a8494ab90cd34.file.cat.html.php 第 223 行.
INFO: Run Behavior\ParseTemplateBehavior [ RunTime:0.037191s ]
INFO: [ view_parse ] --END-- [ RunTime:0.037367s ]
INFO: [ view_filter ] --START--
INFO: Run Behavior\WriteHtmlCacheBehavior [ RunTime:0.000480s ]
INFO: [ view_filter ] --END-- [ RunTime:0.000644s ]
INFO: [ app_end ] --START--
INFO: Run Behavior\ShowPageTraceBehavior [ RunTime:0.001078s ]
INFO: [ app_end ] --END-- [ RunTime:0.001385s ]

[ 2018-03-09T14:39:22+08:00 ] 127.0.0.1 /tp/shop/index.php/Home/Goods/goods?goods_id=2
INFO: [ app_init ] --START--
INFO: Run Behavior\BuildLiteBehavior [ RunTime:0.000036s ]
INFO: [ app_init ] --END-- [ RunTime:0.000570s ]
INFO: [ app_begin ] --START--
INFO: Run Behavior\ReadHtmlCacheBehavior [ RunTime:0.000668s ]
INFO: [ app_begin ] --END-- [ RunTime:0.000849s ]
SQL: SHOW COLUMNS FROM `sw_goods` [ RunTime:0.0019s ]
SQL: SELECT * FROM `sw_goods` WHERE `goods_id` = 2 LIMIT 1   [ RunTime:0.0004s ]
SQL: SHOW COLUMNS FROM `sw_cat` [ RunTime:0.0020s ]
SQL: SELECT * FROM `sw_cat`  [ RunTime:0.0004s ]
SQL: SHOW COLUMNS FROM `sw_cat` [ RunTime:0.0007s ]
SQL: SELECT * FROM `sw_cat`  [ RunTime:0.0003s ]
INFO: [ view_parse ] --START--
INFO: Run Behavior\ParseTemplateBehavior [ RunTime:1.004858s ]
INFO: [ view_parse ] --END-- [ RunTime:1.005030s ]
INFO: [ view_filter ] --START--
INFO: Run Behavior\WriteHtmlCacheBehavior [ RunTime:0.000705s ]
INFO: [ view_filter ] --END-- [ RunTime:0.000850s ]
INFO: [ app_end ] --START--
INFO: Run Behavior\ShowPageTraceBehavior [ RunTime:0.000825s ]
INFO: [ app_end ] --END-- [ RunTime:0.001015s ]

[ 2018-03-09T14:39:33+08:00 ] 127.0.0.1 /tp/shop/index.php/Home/Goods/gwc/goods_id/2
INFO: [ app_init ] --START--
INFO: Run Behavior\BuildLiteBehavior [ RunTime:0.000039s ]
INFO: [ app_init ] --END-- [ RunTime:0.000658s ]
INFO: [ app_begin ] --START--
INFO: Run Behavior\ReadHtmlCacheBehavior [ RunTime:0.001266s ]
INFO: [ app_begin ] --END-- [ RunTime:0.001624s ]
NOTIC: D方法实例化没找到模型类Model\Model\GoodsModel
SQL: SHOW COLUMNS FROM `sw_goods` [ RunTime:0.0009s ]
SQL: SELECT * FROM `sw_goods` WHERE `goods_id` = 2 LIMIT 1   [ RunTime:0.0007s ]
NOTIC: [8] Undefined offset: 2 C:\wamp\www\tp\shop\Tools\AddTool.class.php 第 81 行.
INFO: [ app_end ] --START--
INFO: Run Behavior\ShowPageTraceBehavior [ RunTime:0.000607s ]
INFO: [ app_end ] --END-- [ RunTime:0.000759s ]

[ 2018-03-09T14:40:26+08:00 ] 127.0.0.1 /tp/shop/index.php/Home/Goods/gwc/goods_id/2
INFO: [ app_init ] --START--
INFO: Run Behavior\BuildLiteBehavior [ RunTime:0.000036s ]
INFO: [ app_init ] --END-- [ RunTime:0.000588s ]
INFO: [ app_begin ] --START--
INFO: Run Behavior\ReadHtmlCacheBehavior [ RunTime:0.000651s ]
INFO: [ app_begin ] --END-- [ RunTime:0.000822s ]
NOTIC: D方法实例化没找到模型类Model\Model\GoodsModel
SQL: SHOW COLUMNS FROM `sw_goods` [ RunTime:0.0006s ]
SQL: SELECT * FROM `sw_goods` WHERE `goods_id` = 2 LIMIT 1   [ RunTime:0.0003s ]
INFO: [ app_end ] --START--
INFO: Run Behavior\ShowPageTraceBehavior [ RunTime:0.000533s ]
INFO: [ app_end ] --END-- [ RunTime:0.000684s ]

[ 2018-03-09T22:22:39+08:00 ] 127.0.0.1 /tp/shop/index.php/Home/Index/index
INFO: [ app_init ] --START--
INFO: Run Behavior\BuildLiteBehavior [ RunTime:0.000061s ]
INFO: [ app_init ] --END-- [ RunTime:0.049040s ]
INFO: [ app_begin ] --START--
INFO: Run Behavior\ReadHtmlCacheBehavior [ RunTime:0.071664s ]
INFO: [ app_begin ] --END-- [ RunTime:0.071892s ]
SQL: SHOW COLUMNS FROM `sw_cat` [ RunTime:0.0024s ]
SQL: SELECT * FROM `sw_cat`  [ RunTime:0.0006s ]
SQL: SHOW COLUMNS FROM `sw_goods` [ RunTime:0.0012s ]
SQL: SELECT `goods_name`,`goods_price`,`goods_img`,`goods_img_s`,`cat_id`,`status`,`goods_brief` FROM `sw_goods`  [ RunTime:0.0006s ]
INFO: [ view_parse ] --START--
INFO: Run Behavior\ParseTemplateBehavior [ RunTime:0.304502s ]
INFO: [ view_parse ] --END-- [ RunTime:0.304767s ]
INFO: [ view_filter ] --START--
INFO: Run Behavior\WriteHtmlCacheBehavior [ RunTime:0.000833s ]
INFO: [ view_filter ] --END-- [ RunTime:0.000982s ]
INFO: [ app_end ] --START--
INFO: Run Behavior\ShowPageTraceBehavior [ RunTime:0.066063s ]
INFO: [ app_end ] --END-- [ RunTime:0.066319s ]

[ 2018-03-09T22:22:44+08:00 ] 127.0.0.1 /tp/shop/index.php/Home/Cat/cat?cat_id=1
INFO: [ app_init ] --START--
INFO: Run Behavior\BuildLiteBehavior [ RunTime:0.000030s ]
INFO: [ app_init ] --END-- [ RunTime:0.000519s ]
INFO: [ app_begin ] --START--
INFO: Run Behavior\ReadHtmlCacheBehavior [ RunTime:0.001229s ]
INFO: [ app_begin ] --END-- [ RunTime:0.001518s ]
NOTIC: D方法实例化没找到模型类Model\Model\GoodsModel
SQL: SHOW COLUMNS FROM `sw_goods` [ RunTime:0.0008s ]
SQL: SELECT COUNT(*) AS tp_count FROM `sw_goods` WHERE ( cat_id=1 ) LIMIT 1   [ RunTime:0.0005s ]
SQL: SELECT `goods_id`,`goods_name`,`goods_img`,`goods_img_s`,`cat_id`,`status`,`goods_brief` FROM `sw_goods` WHERE ( cat_id=1 ) LIMIT 0,1   [ RunTime:0.0004s ]
INFO: [ view_parse ] --START--
NOTIC: [8] Undefined index: price C:\wamp\www\tp\shop\Runtime\Cache\1bace42bae97a8e7744b15dd3c4a8494ab90cd34.file.cat.html.php 第 223 行.
INFO: Run Behavior\ParseTemplateBehavior [ RunTime:0.041906s ]
INFO: [ view_parse ] --END-- [ RunTime:0.042206s ]
INFO: [ view_filter ] --START--
INFO: Run Behavior\WriteHtmlCacheBehavior [ RunTime:0.001784s ]
INFO: [ view_filter ] --END-- [ RunTime:0.002136s ]
INFO: [ app_end ] --START--
INFO: Run Behavior\ShowPageTraceBehavior [ RunTime:0.003930s ]
INFO: [ app_end ] --END-- [ RunTime:0.004487s ]

[ 2018-03-09T22:22:45+08:00 ] 127.0.0.1 /tp/shop/index.php/Home/Goods/goods?goods_id=3
INFO: [ app_init ] --START--
INFO: Run Behavior\BuildLiteBehavior [ RunTime:0.000061s ]
INFO: [ app_init ] --END-- [ RunTime:0.000966s ]
INFO: [ app_begin ] --START--
INFO: Run Behavior\ReadHtmlCacheBehavior [ RunTime:0.001491s ]
INFO: [ app_begin ] --END-- [ RunTime:0.001809s ]
NOTIC: [8] Undefined index: argv C:\wamp\www\tp\shop\Home\Controller\GoodsController.class.php 第 10 行.
NOTIC: [8] Undefined index: argc C:\wamp\www\tp\shop\Home\Controller\GoodsController.class.php 第 12 行.

[ 2018-03-09T22:30:23+08:00 ] 127.0.0.1 /tp/shop/index.php/Home/Cat/cat?cat_id=1
INFO: [ app_init ] --START--
INFO: Run Behavior\BuildLiteBehavior [ RunTime:0.000041s ]
INFO: [ app_init ] --END-- [ RunTime:0.000788s ]
INFO: [ app_begin ] --START--
INFO: Run Behavior\ReadHtmlCacheBehavior [ RunTime:0.000962s ]
INFO: [ app_begin ] --END-- [ RunTime:0.001137s ]
NOTIC: D方法实例化没找到模型类Model\Model\GoodsModel
SQL: SHOW COLUMNS FROM `sw_goods` [ RunTime:0.0012s ]
SQL: SELECT COUNT(*) AS tp_count FROM `sw_goods` WHERE ( cat_id=1 ) LIMIT 1   [ RunTime:0.0004s ]
SQL: SELECT `goods_id`,`goods_name`,`goods_img`,`goods_img_s`,`cat_id`,`status`,`goods_brief` FROM `sw_goods` WHERE ( cat_id=1 ) LIMIT 0,1   [ RunTime:0.0004s ]
INFO: [ view_parse ] --START--
ERR: Syntax Error in template "C:/wamp/www/tp/shop/Home/View\Cat\cat.html"  on line 170 "&lt;a href=&quot;{:U('Goods/goods',array('goods'=&gt;$v['goods_id']))}&quot;&gt;&lt;img src=&quot;{$smarty.const.HOME_URL}images/imgsearch1.jpg&quot; /&gt;&lt;/a&gt;"  - Unexpected ":"

[ 2018-03-09T22:31:12+08:00 ] 127.0.0.1 /tp/shop/index.php/Home/Cat/cat?cat_id=1
INFO: [ app_init ] --START--
INFO: Run Behavior\BuildLiteBehavior [ RunTime:0.000030s ]
INFO: [ app_init ] --END-- [ RunTime:0.000495s ]
INFO: [ app_begin ] --START--
INFO: Run Behavior\ReadHtmlCacheBehavior [ RunTime:0.000780s ]
INFO: [ app_begin ] --END-- [ RunTime:0.000924s ]
NOTIC: D方法实例化没找到模型类Model\Model\GoodsModel
SQL: SHOW COLUMNS FROM `sw_goods` [ RunTime:0.0007s ]
SQL: SELECT COUNT(*) AS tp_count FROM `sw_goods` WHERE ( cat_id=1 ) LIMIT 1   [ RunTime:0.0003s ]
SQL: SELECT `goods_id`,`goods_name`,`goods_img`,`goods_img_s`,`cat_id`,`status`,`goods_brief` FROM `sw_goods` WHERE ( cat_id=1 ) LIMIT 0,1   [ RunTime:0.0003s ]
INFO: [ view_parse ] --START--
NOTIC: [8] Undefined index: price C:\wamp\www\tp\shop\Runtime\Cache\1bace42bae97a8e7744b15dd3c4a8494ab90cd34.file.cat.html.php 第 223 行.
INFO: Run Behavior\ParseTemplateBehavior [ RunTime:0.345266s ]
INFO: [ view_parse ] --END-- [ RunTime:0.345427s ]
INFO: [ view_filter ] --START--
INFO: Run Behavior\WriteHtmlCacheBehavior [ RunTime:0.000679s ]
INFO: [ view_filter ] --END-- [ RunTime:0.000838s ]
INFO: [ app_end ] --START--
INFO: Run Behavior\ShowPageTraceBehavior [ RunTime:0.000717s ]
INFO: [ app_end ] --END-- [ RunTime:0.000871s ]

[ 2018-03-09T22:31:13+08:00 ] 127.0.0.1 /tp/shop/index.php/Home/Goods/goods/goods_id/3
INFO: [ app_init ] --START--
INFO: Run Behavior\BuildLiteBehavior [ RunTime:0.000061s ]
INFO: [ app_init ] --END-- [ RunTime:0.000933s ]
INFO: [ app_begin ] --START--
INFO: Run Behavior\ReadHtmlCacheBehavior [ RunTime:0.000754s ]
INFO: [ app_begin ] --END-- [ RunTime:0.000911s ]
SQL: SHOW COLUMNS FROM `sw_goods` [ RunTime:0.0008s ]
SQL: SELECT * FROM `sw_goods` WHERE `goods_id` = 3 LIMIT 1   [ RunTime:0.0005s ]
SQL: SHOW COLUMNS FROM `sw_cat` [ RunTime:0.0007s ]
SQL: SELECT * FROM `sw_cat`  [ RunTime:0.0004s ]
SQL: SHOW COLUMNS FROM `sw_cat` [ RunTime:0.0006s ]
SQL: SELECT * FROM `sw_cat`  [ RunTime:0.0003s ]
INFO: [ view_parse ] --START--
INFO: Run Behavior\ParseTemplateBehavior [ RunTime:0.049415s ]
INFO: [ view_parse ] --END-- [ RunTime:0.049670s ]
INFO: [ view_filter ] --START--
INFO: Run Behavior\WriteHtmlCacheBehavior [ RunTime:0.000884s ]
INFO: [ view_filter ] --END-- [ RunTime:0.001036s ]
INFO: [ app_end ] --START--
INFO: Run Behavior\ShowPageTraceBehavior [ RunTime:0.000730s ]
INFO: [ app_end ] --END-- [ RunTime:0.000913s ]

[ 2018-03-09T22:47:32+08:00 ] 127.0.0.1 /tp/shop/index.php/Home/Cat/cat?cat_id=1
INFO: [ app_init ] --START--
INFO: Run Behavior\BuildLiteBehavior [ RunTime:0.000038s ]
INFO: [ app_init ] --END-- [ RunTime:0.000683s ]
INFO: [ app_begin ] --START--
INFO: Run Behavior\ReadHtmlCacheBehavior [ RunTime:0.000775s ]
INFO: [ app_begin ] --END-- [ RunTime:0.000958s ]
NOTIC: D方法实例化没找到模型类Model\Model\GoodsModel
SQL: SHOW COLUMNS FROM `sw_goods` [ RunTime:0.0019s ]
SQL: SELECT COUNT(*) AS tp_count FROM `sw_goods` WHERE ( cat_id=1 ) LIMIT 1   [ RunTime:0.0006s ]
SQL: SELECT `goods_id`,`goods_name`,`goods_img`,`goods_img_s`,`cat_id`,`status`,`goods_brief` FROM `sw_goods` WHERE ( cat_id=1 ) LIMIT 0,1   [ RunTime:0.0004s ]
INFO: [ view_parse ] --START--
ERR: Syntax Error in template "C:/wamp/www/tp/shop/Home/View\Cat\cat.html"  on line 170 "&lt;a href=&quot;{$smarty.BASE_PATH}/Goods/goods/goods_id/{$v.goods_id}&quot;&gt;&lt;img src=&quot;{$smarty.const.HOME_URL}images/imgsearch1.jpg&quot; /&gt;&lt;/a&gt;" $smarty.BASE_PATH is invalid

[ 2018-03-09T22:47:52+08:00 ] 127.0.0.1 /tp/shop/index.php/Home/Cat/cat?cat_id=1
INFO: [ app_init ] --START--
INFO: Run Behavior\BuildLiteBehavior [ RunTime:0.000037s ]
INFO: [ app_init ] --END-- [ RunTime:0.000731s ]
INFO: [ app_begin ] --START--
INFO: Run Behavior\ReadHtmlCacheBehavior [ RunTime:0.000662s ]
INFO: [ app_begin ] --END-- [ RunTime:0.000835s ]
NOTIC: D方法实例化没找到模型类Model\Model\GoodsModel
SQL: SHOW COLUMNS FROM `sw_goods` [ RunTime:0.0010s ]
SQL: SELECT COUNT(*) AS tp_count FROM `sw_goods` WHERE ( cat_id=1 ) LIMIT 1   [ RunTime:0.0005s ]
SQL: SELECT `goods_id`,`goods_name`,`goods_img`,`goods_img_s`,`cat_id`,`status`,`goods_brief` FROM `sw_goods` WHERE ( cat_id=1 ) LIMIT 0,1   [ RunTime:0.0004s ]
INFO: [ view_parse ] --START--
NOTIC: [8] Undefined index: price C:\wamp\www\tp\shop\Runtime\Cache\1bace42bae97a8e7744b15dd3c4a8494ab90cd34.file.cat.html.php 第 223 行.
INFO: Run Behavior\ParseTemplateBehavior [ RunTime:0.326922s ]
INFO: [ view_parse ] --END-- [ RunTime:0.327076s ]
INFO: [ view_filter ] --START--
INFO: Run Behavior\WriteHtmlCacheBehavior [ RunTime:0.000691s ]
INFO: [ view_filter ] --END-- [ RunTime:0.000831s ]
INFO: [ app_end ] --START--
INFO: Run Behavior\ShowPageTraceBehavior [ RunTime:0.000743s ]
INFO: [ app_end ] --END-- [ RunTime:0.000896s ]

[ 2018-03-09T22:49:44+08:00 ] 127.0.0.1 /tp/shop/index.php/Home/Cat/cat?cat_id=1
INFO: [ app_init ] --START--
INFO: Run Behavior\BuildLiteBehavior [ RunTime:0.000069s ]
INFO: [ app_init ] --END-- [ RunTime:0.001002s ]
INFO: [ app_begin ] --START--
INFO: Run Behavior\ReadHtmlCacheBehavior [ RunTime:0.001190s ]
INFO: [ app_begin ] --END-- [ RunTime:0.001449s ]
NOTIC: D方法实例化没找到模型类Model\Model\GoodsModel
SQL: SHOW COLUMNS FROM `sw_goods` [ RunTime:0.0008s ]
SQL: SELECT COUNT(*) AS tp_count FROM `sw_goods` WHERE ( cat_id=1 ) LIMIT 1   [ RunTime:0.0004s ]
SQL: SELECT `goods_id`,`goods_name`,`goods_img`,`goods_img_s`,`cat_id`,`status`,`goods_brief` FROM `sw_goods` WHERE ( cat_id=1 ) LIMIT 0,1   [ RunTime:0.0004s ]
INFO: [ view_parse ] --START--
NOTIC: [8] Undefined index: price C:\wamp\www\tp\shop\Runtime\Cache\1bace42bae97a8e7744b15dd3c4a8494ab90cd34.file.cat.html.php 第 223 行.
INFO: Run Behavior\ParseTemplateBehavior [ RunTime:0.307493s ]
INFO: [ view_parse ] --END-- [ RunTime:0.307644s ]
INFO: [ view_filter ] --START--
INFO: Run Behavior\WriteHtmlCacheBehavior [ RunTime:0.000673s ]
INFO: [ view_filter ] --END-- [ RunTime:0.000817s ]
INFO: [ app_end ] --START--
INFO: Run Behavior\ShowPageTraceBehavior [ RunTime:0.001259s ]
INFO: [ app_end ] --END-- [ RunTime:0.001525s ]

[ 2018-03-09T22:49:44+08:00 ] 127.0.0.1 /tp/shop/index.php/Home/Cat/images/imgsearch1.jpg
INFO: [ app_init ] --START--
INFO: Run Behavior\BuildLiteBehavior [ RunTime:0.000063s ]
INFO: [ app_init ] --END-- [ RunTime:0.001020s ]

[ 2018-03-09T22:51:02+08:00 ] 127.0.0.1 /tp/shop/index.php/Home/Cat/cat?cat_id=1
INFO: [ app_init ] --START--
INFO: Run Behavior\BuildLiteBehavior [ RunTime:0.000070s ]
INFO: [ app_init ] --END-- [ RunTime:0.000984s ]
INFO: [ app_begin ] --START--
INFO: Run Behavior\ReadHtmlCacheBehavior [ RunTime:0.000920s ]
INFO: [ app_begin ] --END-- [ RunTime:0.001083s ]
NOTIC: D方法实例化没找到模型类Model\Model\GoodsModel
SQL: SHOW COLUMNS FROM `sw_goods` [ RunTime:0.0009s ]
SQL: SELECT COUNT(*) AS tp_count FROM `sw_goods` WHERE ( cat_id=1 ) LIMIT 1   [ RunTime:0.0004s ]
SQL: SELECT `goods_id`,`goods_name`,`goods_img`,`goods_img_s`,`cat_id`,`status`,`goods_brief` FROM `sw_goods` WHERE ( cat_id=1 ) LIMIT 0,1   [ RunTime:0.0004s ]
INFO: [ view_parse ] --START--
NOTIC: [8] Use of undefined constant SMARTY_PATH - assumed 'SMARTY_PATH' C:\wamp\www\tp\shop\Runtime\Cache\1bace42bae97a8e7744b15dd3c4a8494ab90cd34.file.cat.html.php 第 217 行.
NOTIC: [8] Undefined index: price C:\wamp\www\tp\shop\Runtime\Cache\1bace42bae97a8e7744b15dd3c4a8494ab90cd34.file.cat.html.php 第 223 行.
INFO: Run Behavior\ParseTemplateBehavior [ RunTime:0.313618s ]
INFO: [ view_parse ] --END-- [ RunTime:0.313774s ]
INFO: [ view_filter ] --START--
INFO: Run Behavior\WriteHtmlCacheBehavior [ RunTime:0.000785s ]
INFO: [ view_filter ] --END-- [ RunTime:0.000984s ]
INFO: [ app_end ] --START--
INFO: Run Behavior\ShowPageTraceBehavior [ RunTime:0.000755s ]
INFO: [ app_end ] --END-- [ RunTime:0.000908s ]

[ 2018-03-09T22:51:02+08:00 ] 127.0.0.1 /tp/shop/index.php/Home/Cat/SMARTY_PATHimages/imgsearch1.jpg
INFO: [ app_init ] --START--
INFO: Run Behavior\BuildLiteBehavior [ RunTime:0.000060s ]
INFO: [ app_init ] --END-- [ RunTime:0.000907s ]

[ 2018-03-09T22:52:58+08:00 ] 127.0.0.1 /tp/shop/index.php/Home/Cat/cat?cat_id=1
INFO: [ app_init ] --START--
INFO: Run Behavior\BuildLiteBehavior [ RunTime:0.000033s ]
INFO: [ app_init ] --END-- [ RunTime:0.000725s ]
INFO: [ app_begin ] --START--
INFO: Run Behavior\ReadHtmlCacheBehavior [ RunTime:0.000896s ]
INFO: [ app_begin ] --END-- [ RunTime:0.001055s ]
NOTIC: D方法实例化没找到模型类Model\Model\GoodsModel
SQL: SHOW COLUMNS FROM `sw_goods` [ RunTime:0.0009s ]
SQL: SELECT COUNT(*) AS tp_count FROM `sw_goods` WHERE ( cat_id=1 ) LIMIT 1   [ RunTime:0.0003s ]
SQL: SELECT `goods_id`,`goods_name`,`goods_img`,`goods_img_s`,`cat_id`,`status`,`goods_brief` FROM `sw_goods` WHERE ( cat_id=1 ) LIMIT 0,1   [ RunTime:0.0004s ]
INFO: [ view_parse ] --START--
NOTIC: [8] Undefined index: price C:\wamp\www\tp\shop\Runtime\Cache\1bace42bae97a8e7744b15dd3c4a8494ab90cd34.file.cat.html.php 第 223 行.
INFO: Run Behavior\ParseTemplateBehavior [ RunTime:0.369592s ]
INFO: [ view_parse ] --END-- [ RunTime:0.369828s ]
INFO: [ view_filter ] --START--
INFO: Run Behavior\WriteHtmlCacheBehavior [ RunTime:0.001616s ]
INFO: [ view_filter ] --END-- [ RunTime:0.001832s ]
INFO: [ app_end ] --START--
INFO: Run Behavior\ShowPageTraceBehavior [ RunTime:0.001237s ]
INFO: [ app_end ] --END-- [ RunTime:0.001482s ]

[ 2018-03-09T22:53:09+08:00 ] 127.0.0.1 /tp/shop/index.php/Home/Cat/cat?cat_id=1
INFO: [ app_init ] --START--
INFO: Run Behavior\BuildLiteBehavior [ RunTime:0.000037s ]
INFO: [ app_init ] --END-- [ RunTime:0.000630s ]
INFO: [ app_begin ] --START--
INFO: Run Behavior\ReadHtmlCacheBehavior [ RunTime:0.000839s ]
INFO: [ app_begin ] --END-- [ RunTime:0.001025s ]
NOTIC: D方法实例化没找到模型类Model\Model\GoodsModel
SQL: SHOW COLUMNS FROM `sw_goods` [ RunTime:0.0007s ]
SQL: SELECT COUNT(*) AS tp_count FROM `sw_goods` WHERE ( cat_id=1 ) LIMIT 1   [ RunTime:0.0003s ]
SQL: SELECT `goods_id`,`goods_name`,`goods_img`,`goods_img_s`,`cat_id`,`status`,`goods_brief` FROM `sw_goods` WHERE ( cat_id=1 ) LIMIT 0,1   [ RunTime:0.0004s ]
INFO: [ view_parse ] --START--
NOTIC: [8] Undefined index: price C:\wamp\www\tp\shop\Runtime\Cache\1bace42bae97a8e7744b15dd3c4a8494ab90cd34.file.cat.html.php 第 223 行.
INFO: Run Behavior\ParseTemplateBehavior [ RunTime:0.011513s ]
INFO: [ view_parse ] --END-- [ RunTime:0.011670s ]
INFO: [ view_filter ] --START--
INFO: Run Behavior\WriteHtmlCacheBehavior [ RunTime:0.000334s ]
INFO: [ view_filter ] --END-- [ RunTime:0.000470s ]
INFO: [ app_end ] --START--
INFO: Run Behavior\ShowPageTraceBehavior [ RunTime:0.000556s ]
INFO: [ app_end ] --END-- [ RunTime:0.000712s ]

[ 2018-03-09T22:54:16+08:00 ] 127.0.0.1 /tp/shop/index.php/Home/Cat/cat?cat_id=1
INFO: [ app_init ] --START--
INFO: Run Behavior\BuildLiteBehavior [ RunTime:0.000030s ]
INFO: [ app_init ] --END-- [ RunTime:0.000530s ]
INFO: [ app_begin ] --START--
INFO: Run Behavior\ReadHtmlCacheBehavior [ RunTime:0.000906s ]
INFO: [ app_begin ] --END-- [ RunTime:0.001059s ]
NOTIC: D方法实例化没找到模型类Model\Model\GoodsModel
SQL: SHOW COLUMNS FROM `sw_goods` [ RunTime:0.0009s ]
SQL: SELECT COUNT(*) AS tp_count FROM `sw_goods` WHERE ( cat_id=1 ) LIMIT 1   [ RunTime:0.0004s ]
SQL: SELECT `goods_id`,`goods_name`,`goods_img`,`goods_img_s`,`cat_id`,`status`,`goods_brief` FROM `sw_goods` WHERE ( cat_id=1 ) LIMIT 0,1   [ RunTime:0.0003s ]
INFO: [ view_parse ] --START--
NOTIC: [8] Undefined index: price C:\wamp\www\tp\shop\Runtime\Cache\1bace42bae97a8e7744b15dd3c4a8494ab90cd34.file.cat.html.php 第 223 行.
INFO: Run Behavior\ParseTemplateBehavior [ RunTime:0.010405s ]
INFO: [ view_parse ] --END-- [ RunTime:0.010573s ]
INFO: [ view_filter ] --START--
INFO: Run Behavior\WriteHtmlCacheBehavior [ RunTime:0.000408s ]
INFO: [ view_filter ] --END-- [ RunTime:0.000557s ]
INFO: [ app_end ] --START--
INFO: Run Behavior\ShowPageTraceBehavior [ RunTime:0.000622s ]
INFO: [ app_end ] --END-- [ RunTime:0.000760s ]

[ 2018-03-09T22:54:20+08:00 ] 127.0.0.1 /tp/shop/index.php/Home/Cat/cat?cat_id=1
INFO: [ app_init ] --START--
INFO: Run Behavior\BuildLiteBehavior [ RunTime:0.000060s ]
INFO: [ app_init ] --END-- [ RunTime:0.001904s ]
INFO: [ app_begin ] --START--
INFO: Run Behavior\ReadHtmlCacheBehavior [ RunTime:0.001037s ]
INFO: [ app_begin ] --END-- [ RunTime:0.001330s ]
NOTIC: D方法实例化没找到模型类Model\Model\GoodsModel
SQL: SHOW COLUMNS FROM `sw_goods` [ RunTime:0.0015s ]
SQL: SELECT COUNT(*) AS tp_count FROM `sw_goods` WHERE ( cat_id=1 ) LIMIT 1   [ RunTime:0.0012s ]
SQL: SELECT `goods_id`,`goods_name`,`goods_img`,`goods_img_s`,`cat_id`,`status`,`goods_brief` FROM `sw_goods` WHERE ( cat_id=1 ) LIMIT 0,1   [ RunTime:0.0007s ]
INFO: [ view_parse ] --START--
NOTIC: [8] Undefined index: price C:\wamp\www\tp\shop\Runtime\Cache\1bace42bae97a8e7744b15dd3c4a8494ab90cd34.file.cat.html.php 第 223 行.
INFO: Run Behavior\ParseTemplateBehavior [ RunTime:0.012276s ]
INFO: [ view_parse ] --END-- [ RunTime:0.012566s ]
INFO: [ view_filter ] --START--
INFO: Run Behavior\WriteHtmlCacheBehavior [ RunTime:0.000486s ]
INFO: [ view_filter ] --END-- [ RunTime:0.000635s ]
INFO: [ app_end ] --START--
INFO: Run Behavior\ShowPageTraceBehavior [ RunTime:0.000768s ]
INFO: [ app_end ] --END-- [ RunTime:0.001002s ]

[ 2018-03-09T22:54:37+08:00 ] 127.0.0.1 /tp/shop/index.php/Home/User/logout
INFO: [ app_init ] --START--
INFO: Run Behavior\BuildLiteBehavior [ RunTime:0.000037s ]
INFO: [ app_init ] --END-- [ RunTime:0.000580s ]
INFO: [ app_begin ] --START--
INFO: Run Behavior\ReadHtmlCacheBehavior [ RunTime:0.000602s ]
INFO: [ app_begin ] --END-- [ RunTime:0.000822s ]

[ 2018-03-09T22:54:39+08:00 ] 127.0.0.1 /tp/shop/index.php/Index/index.html
INFO: [ app_init ] --START--
INFO: Run Behavior\BuildLiteBehavior [ RunTime:0.000033s ]
INFO: [ app_init ] --END-- [ RunTime:0.000506s ]
INFO: [ app_begin ] --START--
INFO: Run Behavior\ReadHtmlCacheBehavior [ RunTime:0.000525s ]
INFO: [ app_begin ] --END-- [ RunTime:0.000672s ]
SQL: SHOW COLUMNS FROM `sw_cat` [ RunTime:0.0008s ]
SQL: SELECT * FROM `sw_cat`  [ RunTime:0.0005s ]
SQL: SHOW COLUMNS FROM `sw_goods` [ RunTime:0.0008s ]
SQL: SELECT `goods_name`,`goods_price`,`goods_img`,`goods_img_s`,`cat_id`,`status`,`goods_brief` FROM `sw_goods`  [ RunTime:0.0003s ]
INFO: [ view_parse ] --START--
NOTIC: [8] Undefined index: username C:\wamp\www\tp\shop\Runtime\Cache\00a2269647449e690a158e5b4f1627e69fb01266.file.index.html.php 第 60 行.
INFO: Run Behavior\ParseTemplateBehavior [ RunTime:1.358029s ]
INFO: [ view_parse ] --END-- [ RunTime:1.358176s ]
INFO: [ view_filter ] --START--
INFO: Run Behavior\WriteHtmlCacheBehavior [ RunTime:0.000722s ]
INFO: [ view_filter ] --END-- [ RunTime:0.000855s ]
INFO: [ app_end ] --START--
INFO: Run Behavior\ShowPageTraceBehavior [ RunTime:0.000694s ]
INFO: [ app_end ] --END-- [ RunTime:0.000867s ]

[ 2018-03-09T22:54:42+08:00 ] 127.0.0.1 /tp/shop/index.php/Home/Cat/cat/cat_id/1
INFO: [ app_init ] --START--
INFO: Run Behavior\BuildLiteBehavior [ RunTime:0.000035s ]
INFO: [ app_init ] --END-- [ RunTime:0.000590s ]
INFO: [ app_begin ] --START--
INFO: Run Behavior\ReadHtmlCacheBehavior [ RunTime:0.001012s ]
INFO: [ app_begin ] --END-- [ RunTime:0.001292s ]
NOTIC: D方法实例化没找到模型类Model\Model\GoodsModel
SQL: SHOW COLUMNS FROM `sw_goods` [ RunTime:0.0010s ]
SQL: SELECT COUNT(*) AS tp_count FROM `sw_goods` WHERE ( cat_id=1 ) LIMIT 1   [ RunTime:0.0004s ]
SQL: SELECT `goods_id`,`goods_name`,`goods_img`,`goods_img_s`,`cat_id`,`status`,`goods_brief` FROM `sw_goods` WHERE ( cat_id=1 ) LIMIT 0,1   [ RunTime:0.0004s ]
INFO: [ view_parse ] --START--
NOTIC: [8] Undefined index: username C:\wamp\www\tp\shop\Runtime\Cache\1bace42bae97a8e7744b15dd3c4a8494ab90cd34.file.cat.html.php 第 62 行.
NOTIC: [8] Undefined index: price C:\wamp\www\tp\shop\Runtime\Cache\1bace42bae97a8e7744b15dd3c4a8494ab90cd34.file.cat.html.php 第 223 行.
INFO: Run Behavior\ParseTemplateBehavior [ RunTime:0.012286s ]
INFO: [ view_parse ] --END-- [ RunTime:0.012515s ]
INFO: [ view_filter ] --START--
INFO: Run Behavior\WriteHtmlCacheBehavior [ RunTime:0.000358s ]
INFO: [ view_filter ] --END-- [ RunTime:0.000498s ]
INFO: [ app_end ] --START--
INFO: Run Behavior\ShowPageTraceBehavior [ RunTime:0.001144s ]
INFO: [ app_end ] --END-- [ RunTime:0.001393s ]

[ 2018-03-09T22:54:51+08:00 ] 127.0.0.1 /tp/shop/index.php/Home/Goods/goods/goods_id/3
INFO: [ app_init ] --START--
INFO: Run Behavior\BuildLiteBehavior [ RunTime:0.000036s ]
INFO: [ app_init ] --END-- [ RunTime:0.000559s ]
INFO: [ app_begin ] --START--
INFO: Run Behavior\ReadHtmlCacheBehavior [ RunTime:0.000674s ]
INFO: [ app_begin ] --END-- [ RunTime:0.000860s ]
SQL: SHOW COLUMNS FROM `sw_goods` [ RunTime:0.0007s ]
SQL: SELECT * FROM `sw_goods` WHERE `goods_id` = 3 LIMIT 1   [ RunTime:0.0004s ]
SQL: SHOW COLUMNS FROM `sw_cat` [ RunTime:0.0010s ]
SQL: SELECT * FROM `sw_cat`  [ RunTime:0.0003s ]
SQL: SHOW COLUMNS FROM `sw_cat` [ RunTime:0.0005s ]
SQL: SELECT * FROM `sw_cat`  [ RunTime:0.0003s ]
INFO: [ view_parse ] --START--
NOTIC: [8] Undefined index: username C:\wamp\www\tp\shop\Runtime\Cache\d006b5cfdff38e541511554cfe1dca7505691921.file.goods.html.php 第 72 行.
INFO: Run Behavior\ParseTemplateBehavior [ RunTime:0.009373s ]
INFO: [ view_parse ] --END-- [ RunTime:0.009525s ]
INFO: [ view_filter ] --START--
INFO: Run Behavior\WriteHtmlCacheBehavior [ RunTime:0.000345s ]
INFO: [ view_filter ] --END-- [ RunTime:0.000484s ]
INFO: [ app_end ] --START--
INFO: Run Behavior\ShowPageTraceBehavior [ RunTime:0.000937s ]
INFO: [ app_end ] --END-- [ RunTime:0.001156s ]

