[ 2018-01-30T11:11:29+08:00 ] 127.0.0.1 /shop/
INFO: [ app_init ] --START--
INFO: Run Behavior\BuildLiteBehavior [ RunTime:0.000108s ]
INFO: [ app_init ] --END-- [ RunTime:0.078182s ]
INFO: [ app_begin ] --START--
INFO: Run Behavior\ReadHtmlCacheBehavior [ RunTime:0.036075s ]
INFO: [ app_begin ] --END-- [ RunTime:0.036513s ]
INFO: [ view_parse ] --START--
NOTIC: [8] Undefined index: lang C:\wamp\www\tp\shop\Runtime\Cache\00a2269647449e690a158e5b4f1627e69fb01266.file.index.html.php 第 278 行.
NOTIC: [8] Trying to get property of non-object C:\wamp\www\tp\shop\Runtime\Cache\00a2269647449e690a158e5b4f1627e69fb01266.file.index.html.php 第 278 行.
NOTIC: [8] Undefined index: vote C:\wamp\www\tp\shop\Runtime\Cache\00a2269647449e690a158e5b4f1627e69fb01266.file.index.html.php 第 283 行.
NOTIC: [8] Trying to get property of non-object C:\wamp\www\tp\shop\Runtime\Cache\00a2269647449e690a158e5b4f1627e69fb01266.file.index.html.php 第 283 行.
NOTIC: [8] Undefined index: vote C:\wamp\www\tp\shop\Runtime\Cache\00a2269647449e690a158e5b4f1627e69fb01266.file.index.html.php 第 294 行.
NOTIC: [8] Trying to get property of non-object C:\wamp\www\tp\shop\Runtime\Cache\00a2269647449e690a158e5b4f1627e69fb01266.file.index.html.php 第 294 行.
NOTIC: [8] Undefined index: vote_id C:\wamp\www\tp\shop\Runtime\Cache\00a2269647449e690a158e5b4f1627e69fb01266.file.index.html.php 第 320 行.
NOTIC: [8] Trying to get property of non-object C:\wamp\www\tp\shop\Runtime\Cache\00a2269647449e690a158e5b4f1627e69fb01266.file.index.html.php 第 320 行.
NOTIC: [8] Undefined index: lang C:\wamp\www\tp\shop\Runtime\Cache\00a2269647449e690a158e5b4f1627e69fb01266.file.index.html.php 第 322 行.
NOTIC: [8] Trying to get property of non-object C:\wamp\www\tp\shop\Runtime\Cache\00a2269647449e690a158e5b4f1627e69fb01266.file.index.html.php 第 322 行.
NOTIC: [8] Undefined index: lang C:\wamp\www\tp\shop\Runtime\Cache\00a2269647449e690a158e5b4f1627e69fb01266.file.index.html.php 第 324 行.
NOTIC: [8] Trying to get property of non-object C:\wamp\www\tp\shop\Runtime\Cache\00a2269647449e690a158e5b4f1627e69fb01266.file.index.html.php 第 324 行.
INFO: Run Behavior\ParseTemplateBehavior [ RunTime:0.362012s ]
INFO: [ view_parse ] --END-- [ RunTime:0.362436s ]
INFO: [ view_filter ] --START--
INFO: Run Behavior\WriteHtmlCacheBehavior [ RunTime:0.033031s ]
INFO: [ view_filter ] --END-- [ RunTime:0.033410s ]
INFO: [ app_end ] --START--
INFO: Run Behavior\ShowPageTraceBehavior [ RunTime:0.063085s ]
INFO: [ app_end ] --END-- [ RunTime:0.063387s ]

[ 2018-01-30T11:11:47+08:00 ] 127.0.0.1 /shop/index.php
INFO: [ app_init ] --START--
INFO: Run Behavior\BuildLiteBehavior [ RunTime:0.000036s ]
INFO: [ app_init ] --END-- [ RunTime:0.000670s ]
INFO: [ app_begin ] --START--
INFO: Run Behavior\ReadHtmlCacheBehavior [ RunTime:0.000885s ]
INFO: [ app_begin ] --END-- [ RunTime:0.001125s ]
INFO: [ view_parse ] --START--
NOTIC: [8] Undefined index: lang C:\wamp\www\tp\shop\Runtime\Cache\00a2269647449e690a158e5b4f1627e69fb01266.file.index.html.php 第 278 行.
NOTIC: [8] Trying to get property of non-object C:\wamp\www\tp\shop\Runtime\Cache\00a2269647449e690a158e5b4f1627e69fb01266.file.index.html.php 第 278 行.
NOTIC: [8] Undefined index: vote C:\wamp\www\tp\shop\Runtime\Cache\00a2269647449e690a158e5b4f1627e69fb01266.file.index.html.php 第 283 行.
NOTIC: [8] Trying to get property of non-object C:\wamp\www\tp\shop\Runtime\Cache\00a2269647449e690a158e5b4f1627e69fb01266.file.index.html.php 第 283 行.
NOTIC: [8] Undefined index: vote C:\wamp\www\tp\shop\Runtime\Cache\00a2269647449e690a158e5b4f1627e69fb01266.file.index.html.php 第 294 行.
NOTIC: [8] Trying to get property of non-object C:\wamp\www\tp\shop\Runtime\Cache\00a2269647449e690a158e5b4f1627e69fb01266.file.index.html.php 第 294 行.
NOTIC: [8] Undefined index: vote_id C:\wamp\www\tp\shop\Runtime\Cache\00a2269647449e690a158e5b4f1627e69fb01266.file.index.html.php 第 320 行.
NOTIC: [8] Trying to get property of non-object C:\wamp\www\tp\shop\Runtime\Cache\00a2269647449e690a158e5b4f1627e69fb01266.file.index.html.php 第 320 行.
NOTIC: [8] Undefined index: lang C:\wamp\www\tp\shop\Runtime\Cache\00a2269647449e690a158e5b4f1627e69fb01266.file.index.html.php 第 322 行.
NOTIC: [8] Trying to get property of non-object C:\wamp\www\tp\shop\Runtime\Cache\00a2269647449e690a158e5b4f1627e69fb01266.file.index.html.php 第 322 行.
NOTIC: [8] Undefined index: lang C:\wamp\www\tp\shop\Runtime\Cache\00a2269647449e690a158e5b4f1627e69fb01266.file.index.html.php 第 324 行.
NOTIC: [8] Trying to get property of non-object C:\wamp\www\tp\shop\Runtime\Cache\00a2269647449e690a158e5b4f1627e69fb01266.file.index.html.php 第 324 行.
INFO: Run Behavior\ParseTemplateBehavior [ RunTime:0.012918s ]
INFO: [ view_parse ] --END-- [ RunTime:0.013166s ]
INFO: [ view_filter ] --START--
INFO: Run Behavior\WriteHtmlCacheBehavior [ RunTime:0.000876s ]
INFO: [ view_filter ] --END-- [ RunTime:0.001055s ]
INFO: [ app_end ] --START--
INFO: Run Behavior\ShowPageTraceBehavior [ RunTime:0.001390s ]
INFO: [ app_end ] --END-- [ RunTime:0.001725s ]

