[ 2018-01-19T14:49:28+08:00 ] ::1 /shop/index.php/home/Index/index
INFO: [ app_init ] --START--
INFO: Run Behavior\BuildLiteBehavior [ RunTime:0.000035s ]
INFO: [ app_init ] --END-- [ RunTime:0.000741s ]
INFO: [ app_begin ] --START--
INFO: Run Behavior\ReadHtmlCacheBehavior [ RunTime:0.001010s ]
INFO: [ app_begin ] --END-- [ RunTime:0.001160s ]
INFO: [ view_parse ] --START--
INFO: [ template_filter ] --START--
INFO: Run Behavior\ContentReplaceBehavior [ RunTime:0.000227s ]
INFO: [ template_filter ] --END-- [ RunTime:0.000391s ]
NOTIC: [8] Undefined variable: lang C:\wamp\www\tp\shop\Runtime\Cache\Home\513720a6d5595751eefbd42355f5f071.php 第 249 行.
NOTIC: [8] Undefined variable: title C:\wamp\www\tp\shop\Runtime\Cache\Home\513720a6d5595751eefbd42355f5f071.php 第 253 行.
NOTIC: [8] Undefined variable: lang C:\wamp\www\tp\shop\Runtime\Cache\Home\513720a6d5595751eefbd42355f5f071.php 第 254 行.
NOTIC: [8] Undefined variable: title C:\wamp\www\tp\shop\Runtime\Cache\Home\513720a6d5595751eefbd42355f5f071.php 第 254 行.
NOTIC: [8] Undefined variable: item C:\wamp\www\tp\shop\Runtime\Cache\Home\513720a6d5595751eefbd42355f5f071.php 第 259 行.
NOTIC: [8] Undefined variable: item C:\wamp\www\tp\shop\Runtime\Cache\Home\513720a6d5595751eefbd42355f5f071.php 第 260 行.
NOTIC: [8] Undefined variable: item C:\wamp\www\tp\shop\Runtime\Cache\Home\513720a6d5595751eefbd42355f5f071.php 第 260 行.
NOTIC: [8] Undefined variable: item C:\wamp\www\tp\shop\Runtime\Cache\Home\513720a6d5595751eefbd42355f5f071.php 第 262 行.
NOTIC: [8] Undefined variable: item C:\wamp\www\tp\shop\Runtime\Cache\Home\513720a6d5595751eefbd42355f5f071.php 第 263 行.
NOTIC: [8] Undefined variable: item C:\wamp\www\tp\shop\Runtime\Cache\Home\513720a6d5595751eefbd42355f5f071.php 第 263 行.
NOTIC: [8] Undefined variable: title C:\wamp\www\tp\shop\Runtime\Cache\Home\513720a6d5595751eefbd42355f5f071.php 第 266 行.
NOTIC: [8] Undefined variable: vote_id C:\wamp\www\tp\shop\Runtime\Cache\Home\513720a6d5595751eefbd42355f5f071.php 第 268 行.
NOTIC: [8] Undefined variable: lang C:\wamp\www\tp\shop\Runtime\Cache\Home\513720a6d5595751eefbd42355f5f071.php 第 269 行.
NOTIC: [8] Undefined variable: lang C:\wamp\www\tp\shop\Runtime\Cache\Home\513720a6d5595751eefbd42355f5f071.php 第 270 行.
INFO: Run Behavior\ParseTemplateBehavior [ RunTime:0.019914s ]
INFO: [ view_parse ] --END-- [ RunTime:0.020093s ]
INFO: [ view_filter ] --START--
INFO: Run Behavior\WriteHtmlCacheBehavior [ RunTime:0.000879s ]
INFO: [ view_filter ] --END-- [ RunTime:0.001018s ]
INFO: [ app_end ] --START--
INFO: Run Behavior\ShowPageTraceBehavior [ RunTime:0.001664s ]
INFO: [ app_end ] --END-- [ RunTime:0.002043s ]

[ 2018-01-19T14:49:29+08:00 ] ::1 /shop/index.php/home/Index/data/flashdata/dynfocus/cycle_image.js
INFO: [ app_init ] --START--
INFO: Run Behavior\BuildLiteBehavior [ RunTime:0.000040s ]
INFO: [ app_init ] --END-- [ RunTime:0.000732s ]
INFO: [ app_begin ] --START--
INFO: Run Behavior\ReadHtmlCacheBehavior [ RunTime:0.000939s ]
INFO: [ app_begin ] --END-- [ RunTime:0.001128s ]
ERR: 非法操作:data

[ 2018-01-19T14:49:29+08:00 ] ::1 /shop/index.php/home/Index/data/brandlogo/1240803062307572427.gif
INFO: [ app_init ] --START--
INFO: Run Behavior\BuildLiteBehavior [ RunTime:0.000033s ]
INFO: [ app_init ] --END-- [ RunTime:0.000558s ]

[ 2018-01-19T14:49:29+08:00 ] ::1 /shop/index.php/home/Index/data/brandlogo/1240802922410634065.gif
INFO: [ app_init ] --START--
INFO: Run Behavior\BuildLiteBehavior [ RunTime:0.000059s ]
INFO: [ app_init ] --END-- [ RunTime:0.000894s ]

[ 2018-01-19T14:49:29+08:00 ] ::1 /shop/index.php/home/Index/data/brandlogo/1240803247838195732.gif
INFO: [ app_init ] --START--
INFO: Run Behavior\BuildLiteBehavior [ RunTime:0.000067s ]
INFO: [ app_init ] --END-- [ RunTime:0.002498s ]

[ 2018-01-19T14:49:29+08:00 ] ::1 /shop/index.php/home/Index/data/brandlogo/1240803526904622792.gif
INFO: [ app_init ] --START--
INFO: Run Behavior\BuildLiteBehavior [ RunTime:0.000046s ]
INFO: [ app_init ] --END-- [ RunTime:0.000604s ]

[ 2018-01-19T14:49:29+08:00 ] ::1 /shop/index.php/home/Index/data/brandlogo/1240803352280856940.gif
INFO: [ app_init ] --START--
INFO: Run Behavior\BuildLiteBehavior [ RunTime:0.000029s ]
INFO: [ app_init ] --END-- [ RunTime:0.000548s ]

[ 2018-01-19T14:49:29+08:00 ] ::1 /shop/index.php/home/Index/data/brandlogo/1240803412367015368.gif
INFO: [ app_init ] --START--
INFO: Run Behavior\BuildLiteBehavior [ RunTime:0.000032s ]
INFO: [ app_init ] --END-- [ RunTime:0.000567s ]

[ 2018-01-19T14:49:29+08:00 ] ::1 /shop/index.php/home/Index/data/brandlogo/1240803144788047486.gif
INFO: [ app_init ] --START--
INFO: Run Behavior\BuildLiteBehavior [ RunTime:0.000032s ]
INFO: [ app_init ] --END-- [ RunTime:0.000784s ]

[ 2018-01-19T14:49:29+08:00 ] ::1 /shop/index.php/home/Index/data/brandlogo/1240803578417877983.gif
INFO: [ app_init ] --START--
INFO: Run Behavior\BuildLiteBehavior [ RunTime:0.000043s ]
INFO: [ app_init ] --END-- [ RunTime:0.001015s ]

[ 2018-01-19T14:49:29+08:00 ] ::1 /shop/index.php/home/Index/data/brandlogo/1240803482283160654.gif
INFO: [ app_init ] --START--
INFO: Run Behavior\BuildLiteBehavior [ RunTime:0.000034s ]
INFO: [ app_init ] --END-- [ RunTime:0.000903s ]

[ 2018-01-19T14:49:29+08:00 ] ::1 /shop/index.php/home/Index/api/cron.php?t=1516068215
INFO: [ app_init ] --START--
INFO: Run Behavior\BuildLiteBehavior [ RunTime:0.000044s ]
INFO: [ app_init ] --END-- [ RunTime:0.000892s ]
INFO: [ app_begin ] --START--
INFO: Run Behavior\ReadHtmlCacheBehavior [ RunTime:0.001817s ]
INFO: [ app_begin ] --END-- [ RunTime:0.002056s ]
ERR: 非法操作:api

[ 2018-01-19T14:49:29+08:00 ] ::1 /shop/index.php/home/Index/data/flashdata/dynfocus/cycle_image.js
INFO: [ app_init ] --START--
INFO: Run Behavior\BuildLiteBehavior [ RunTime:0.000059s ]
INFO: [ app_init ] --END-- [ RunTime:0.001096s ]
INFO: [ app_begin ] --START--
INFO: Run Behavior\ReadHtmlCacheBehavior [ RunTime:0.000857s ]
INFO: [ app_begin ] --END-- [ RunTime:0.001019s ]
ERR: 非法操作:data

[ 2018-01-19T14:49:30+08:00 ] ::1 /shop/index.php/home/Index/data/flashdata/dynfocus/skin/layer.css
INFO: [ app_init ] --START--
INFO: Run Behavior\BuildLiteBehavior [ RunTime:0.000099s ]
INFO: [ app_init ] --END-- [ RunTime:0.001650s ]
INFO: [ app_begin ] --START--
INFO: Run Behavior\ReadHtmlCacheBehavior [ RunTime:0.000818s ]
INFO: [ app_begin ] --END-- [ RunTime:0.000980s ]
ERR: 非法操作:data

[ 2018-01-19T14:49:30+08:00 ] ::1 /shop/index.php/home/Index/animated_favicon.gif
INFO: [ app_init ] --START--
INFO: Run Behavior\BuildLiteBehavior [ RunTime:0.000033s ]
INFO: [ app_init ] --END-- [ RunTime:0.000611s ]

[ 2018-01-19T14:49:30+08:00 ] ::1 /shop/index.php/home/Index/favicon.ico
INFO: [ app_init ] --START--
INFO: Run Behavior\BuildLiteBehavior [ RunTime:0.000031s ]
INFO: [ app_init ] --END-- [ RunTime:0.000545s ]

[ 2018-01-19T14:54:23+08:00 ] ::1 /shop/index.php/Index/index
INFO: [ app_init ] --START--
INFO: Run Behavior\BuildLiteBehavior [ RunTime:0.000031s ]
INFO: [ app_init ] --END-- [ RunTime:0.000624s ]
INFO: [ app_begin ] --START--
INFO: Run Behavior\ReadHtmlCacheBehavior [ RunTime:0.000940s ]
INFO: [ app_begin ] --END-- [ RunTime:0.001078s ]
INFO: [ view_parse ] --START--
INFO: [ template_filter ] --START--
INFO: Run Behavior\ContentReplaceBehavior [ RunTime:0.000240s ]
INFO: [ template_filter ] --END-- [ RunTime:0.000399s ]
NOTIC: [8] Undefined variable: lang C:\wamp\www\tp\shop\Runtime\Cache\Home\513720a6d5595751eefbd42355f5f071.php 第 249 行.
NOTIC: [8] Undefined variable: title C:\wamp\www\tp\shop\Runtime\Cache\Home\513720a6d5595751eefbd42355f5f071.php 第 253 行.
NOTIC: [8] Undefined variable: lang C:\wamp\www\tp\shop\Runtime\Cache\Home\513720a6d5595751eefbd42355f5f071.php 第 254 行.
NOTIC: [8] Undefined variable: title C:\wamp\www\tp\shop\Runtime\Cache\Home\513720a6d5595751eefbd42355f5f071.php 第 254 行.
NOTIC: [8] Undefined variable: item C:\wamp\www\tp\shop\Runtime\Cache\Home\513720a6d5595751eefbd42355f5f071.php 第 259 行.
NOTIC: [8] Undefined variable: item C:\wamp\www\tp\shop\Runtime\Cache\Home\513720a6d5595751eefbd42355f5f071.php 第 260 行.
NOTIC: [8] Undefined variable: item C:\wamp\www\tp\shop\Runtime\Cache\Home\513720a6d5595751eefbd42355f5f071.php 第 260 行.
NOTIC: [8] Undefined variable: item C:\wamp\www\tp\shop\Runtime\Cache\Home\513720a6d5595751eefbd42355f5f071.php 第 262 行.
NOTIC: [8] Undefined variable: item C:\wamp\www\tp\shop\Runtime\Cache\Home\513720a6d5595751eefbd42355f5f071.php 第 263 行.
NOTIC: [8] Undefined variable: item C:\wamp\www\tp\shop\Runtime\Cache\Home\513720a6d5595751eefbd42355f5f071.php 第 263 行.
NOTIC: [8] Undefined variable: title C:\wamp\www\tp\shop\Runtime\Cache\Home\513720a6d5595751eefbd42355f5f071.php 第 266 行.
NOTIC: [8] Undefined variable: vote_id C:\wamp\www\tp\shop\Runtime\Cache\Home\513720a6d5595751eefbd42355f5f071.php 第 268 行.
NOTIC: [8] Undefined variable: lang C:\wamp\www\tp\shop\Runtime\Cache\Home\513720a6d5595751eefbd42355f5f071.php 第 269 行.
NOTIC: [8] Undefined variable: lang C:\wamp\www\tp\shop\Runtime\Cache\Home\513720a6d5595751eefbd42355f5f071.php 第 270 行.
INFO: Run Behavior\ParseTemplateBehavior [ RunTime:0.021043s ]
INFO: [ view_parse ] --END-- [ RunTime:0.021216s ]
INFO: [ view_filter ] --START--
INFO: Run Behavior\WriteHtmlCacheBehavior [ RunTime:0.000907s ]
INFO: [ view_filter ] --END-- [ RunTime:0.001049s ]
INFO: [ app_end ] --START--
INFO: Run Behavior\ShowPageTraceBehavior [ RunTime:0.001323s ]
INFO: [ app_end ] --END-- [ RunTime:0.001544s ]

[ 2018-01-19T14:54:23+08:00 ] ::1 /shop/index.php/Index/data/brandlogo/1240803062307572427.gif
INFO: [ app_init ] --START--
INFO: Run Behavior\BuildLiteBehavior [ RunTime:0.000062s ]
INFO: [ app_init ] --END-- [ RunTime:0.001190s ]

[ 2018-01-19T14:54:23+08:00 ] ::1 /shop/index.php/Index/data/flashdata/dynfocus/cycle_image.js
INFO: [ app_init ] --START--
INFO: Run Behavior\BuildLiteBehavior [ RunTime:0.000055s ]
INFO: [ app_init ] --END-- [ RunTime:0.002771s ]
INFO: [ app_begin ] --START--
INFO: Run Behavior\ReadHtmlCacheBehavior [ RunTime:0.002718s ]
INFO: [ app_begin ] --END-- [ RunTime:0.003036s ]
ERR: 非法操作:data

[ 2018-01-19T14:54:23+08:00 ] ::1 /shop/index.php/Index/data/brandlogo/1240803352280856940.gif
INFO: [ app_init ] --START--
INFO: Run Behavior\BuildLiteBehavior [ RunTime:0.000057s ]
INFO: [ app_init ] --END-- [ RunTime:0.001128s ]

[ 2018-01-19T14:54:23+08:00 ] ::1 /shop/index.php/Index/data/brandlogo/1240803247838195732.gif
INFO: [ app_init ] --START--
INFO: Run Behavior\BuildLiteBehavior [ RunTime:0.000056s ]
INFO: [ app_init ] --END-- [ RunTime:0.001078s ]

[ 2018-01-19T14:54:23+08:00 ] ::1 /shop/index.php/Index/data/brandlogo/1240803144788047486.gif
INFO: [ app_init ] --START--
INFO: Run Behavior\BuildLiteBehavior [ RunTime:0.000061s ]
INFO: [ app_init ] --END-- [ RunTime:0.001090s ]

[ 2018-01-19T14:54:23+08:00 ] ::1 /shop/index.php/Index/data/brandlogo/1240803412367015368.gif
INFO: [ app_init ] --START--
INFO: Run Behavior\BuildLiteBehavior [ RunTime:0.000055s ]
INFO: [ app_init ] --END-- [ RunTime:0.001118s ]

[ 2018-01-19T14:54:23+08:00 ] ::1 /shop/index.php/Index/data/brandlogo/1240802922410634065.gif
INFO: [ app_init ] --START--
INFO: Run Behavior\BuildLiteBehavior [ RunTime:0.000053s ]
INFO: [ app_init ] --END-- [ RunTime:0.001209s ]

[ 2018-01-19T14:54:23+08:00 ] ::1 /shop/index.php/Index/data/brandlogo/1240803482283160654.gif
INFO: [ app_init ] --START--
INFO: Run Behavior\BuildLiteBehavior [ RunTime:0.000061s ]
INFO: [ app_init ] --END-- [ RunTime:0.001080s ]

[ 2018-01-19T14:54:23+08:00 ] ::1 /shop/index.php/Index/data/brandlogo/1240803526904622792.gif
INFO: [ app_init ] --START--
INFO: Run Behavior\BuildLiteBehavior [ RunTime:0.000138s ]
INFO: [ app_init ] --END-- [ RunTime:0.001796s ]

[ 2018-01-19T14:54:23+08:00 ] ::1 /shop/index.php/Index/data/brandlogo/1240803578417877983.gif
INFO: [ app_init ] --START--
INFO: Run Behavior\BuildLiteBehavior [ RunTime:0.000062s ]
INFO: [ app_init ] --END-- [ RunTime:0.002072s ]

[ 2018-01-19T14:54:23+08:00 ] ::1 /shop/index.php/Index/api/cron.php?t=1516068215
INFO: [ app_init ] --START--
INFO: Run Behavior\BuildLiteBehavior [ RunTime:0.000121s ]
INFO: [ app_init ] --END-- [ RunTime:0.002282s ]
INFO: [ app_begin ] --START--
INFO: Run Behavior\ReadHtmlCacheBehavior [ RunTime:0.002564s ]
INFO: [ app_begin ] --END-- [ RunTime:0.003133s ]
ERR: 非法操作:api

[ 2018-01-19T14:54:23+08:00 ] ::1 /shop/index.php/Index/data/flashdata/dynfocus/skin/layer.css
INFO: [ app_init ] --START--
INFO: Run Behavior\BuildLiteBehavior [ RunTime:0.000033s ]
INFO: [ app_init ] --END-- [ RunTime:0.000662s ]
INFO: [ app_begin ] --START--
INFO: Run Behavior\ReadHtmlCacheBehavior [ RunTime:0.001535s ]
INFO: [ app_begin ] --END-- [ RunTime:0.002110s ]
ERR: 非法操作:data

[ 2018-01-19T14:54:23+08:00 ] ::1 /shop/index.php/Index/animated_favicon.gif
INFO: [ app_init ] --START--
INFO: Run Behavior\BuildLiteBehavior [ RunTime:0.000031s ]
INFO: [ app_init ] --END-- [ RunTime:0.000560s ]

[ 2018-01-19T14:54:24+08:00 ] ::1 /shop/index.php/Index/favicon.ico
INFO: [ app_init ] --START--
INFO: Run Behavior\BuildLiteBehavior [ RunTime:0.000031s ]
INFO: [ app_init ] --END-- [ RunTime:0.000586s ]

[ 2018-01-19T15:29:03+08:00 ] ::1 /shop/index.php/Index/category.php?id=3
INFO: [ app_init ] --START--
INFO: Run Behavior\BuildLiteBehavior [ RunTime:0.000036s ]
INFO: [ app_init ] --END-- [ RunTime:0.000770s ]
INFO: [ app_begin ] --START--
INFO: Run Behavior\ReadHtmlCacheBehavior [ RunTime:0.001347s ]
INFO: [ app_begin ] --END-- [ RunTime:0.001579s ]
ERR: 非法操作:category.php

[ 2018-01-19T15:29:04+08:00 ] ::1 /shop/index.php/Index/data/flashdata/dynfocus/cycle_image.js
INFO: [ app_init ] --START--
INFO: Run Behavior\BuildLiteBehavior [ RunTime:0.000127s ]
INFO: [ app_init ] --END-- [ RunTime:0.001387s ]
INFO: [ app_begin ] --START--
INFO: Run Behavior\ReadHtmlCacheBehavior [ RunTime:0.001145s ]
INFO: [ app_begin ] --END-- [ RunTime:0.001450s ]
ERR: 非法操作:data

[ 2018-01-19T15:29:05+08:00 ] ::1 /shop/index.php/Index/api/cron.php?t=1516068215
INFO: [ app_init ] --START--
INFO: Run Behavior\BuildLiteBehavior [ RunTime:0.000056s ]
INFO: [ app_init ] --END-- [ RunTime:0.001231s ]
INFO: [ app_begin ] --START--
INFO: Run Behavior\ReadHtmlCacheBehavior [ RunTime:0.001724s ]
INFO: [ app_begin ] --END-- [ RunTime:0.002032s ]
ERR: 非法操作:api

[ 2018-01-19T15:29:05+08:00 ] ::1 /shop/index.php/Index/data/flashdata/dynfocus/skin/layer.css
INFO: [ app_init ] --START--
INFO: Run Behavior\BuildLiteBehavior [ RunTime:0.000033s ]
INFO: [ app_init ] --END-- [ RunTime:0.000606s ]
INFO: [ app_begin ] --START--
INFO: Run Behavior\ReadHtmlCacheBehavior [ RunTime:0.000818s ]
INFO: [ app_begin ] --END-- [ RunTime:0.000974s ]
ERR: 非法操作:data

