[ 2018-03-03T10:02:05+08:00 ] 127.0.0.1 /tp/shop/index.php/Admin
INFO: [ app_init ] --START--
INFO: Run Behavior\BuildLiteBehavior [ RunTime:0.000037s ]
INFO: [ app_init ] --END-- [ RunTime:0.000769s ]
INFO: [ app_begin ] --START--
INFO: Run Behavior\ReadHtmlCacheBehavior [ RunTime:0.000892s ]
INFO: [ app_begin ] --END-- [ RunTime:0.001064s ]
INFO: [ view_parse ] --START--
INFO: [ template_filter ] --START--
INFO: Run Behavior\ContentReplaceBehavior [ RunTime:0.000171s ]
INFO: [ template_filter ] --END-- [ RunTime:0.000336s ]
INFO: Run Behavior\ParseTemplateBehavior [ RunTime:0.045913s ]
INFO: [ view_parse ] --END-- [ RunTime:0.046107s ]
INFO: [ view_filter ] --START--
INFO: Run Behavior\WriteHtmlCacheBehavior [ RunTime:0.000806s ]
INFO: [ view_filter ] --END-- [ RunTime:0.000943s ]
INFO: [ app_end ] --START--
INFO: Run Behavior\ShowPageTraceBehavior [ RunTime:0.001136s ]
INFO: [ app_end ] --END-- [ RunTime:0.001287s ]

[ 2018-03-03T10:02:05+08:00 ] 127.0.0.1 /tp/shop/index.php/Admin/Index/head
INFO: [ app_init ] --START--
INFO: Run Behavior\BuildLiteBehavior [ RunTime:0.000060s ]
INFO: [ app_init ] --END-- [ RunTime:0.001136s ]
INFO: [ app_begin ] --START--
INFO: Run Behavior\ReadHtmlCacheBehavior [ RunTime:0.001260s ]
INFO: [ app_begin ] --END-- [ RunTime:0.001621s ]
INFO: [ view_parse ] --START--
INFO: [ template_filter ] --START--
INFO: Run Behavior\ContentReplaceBehavior [ RunTime:0.000100s ]
INFO: [ template_filter ] --END-- [ RunTime:0.000262s ]
INFO: Run Behavior\ParseTemplateBehavior [ RunTime:0.026650s ]
INFO: [ view_parse ] --END-- [ RunTime:0.026942s ]
INFO: [ view_filter ] --START--
INFO: Run Behavior\WriteHtmlCacheBehavior [ RunTime:0.000787s ]
INFO: [ view_filter ] --END-- [ RunTime:0.001004s ]
INFO: [ app_end ] --START--
INFO: Run Behavior\ShowPageTraceBehavior [ RunTime:0.001166s ]
INFO: [ app_end ] --END-- [ RunTime:0.001453s ]

[ 2018-03-03T10:02:05+08:00 ] 127.0.0.1 /tp/shop/index.php/Admin/Index/left
INFO: [ app_init ] --START--
INFO: Run Behavior\BuildLiteBehavior [ RunTime:0.000065s ]
INFO: [ app_init ] --END-- [ RunTime:0.001488s ]
INFO: [ app_begin ] --START--
INFO: Run Behavior\ReadHtmlCacheBehavior [ RunTime:0.001686s ]
INFO: [ app_begin ] --END-- [ RunTime:0.001996s ]
INFO: [ view_parse ] --START--
INFO: [ template_filter ] --START--
INFO: Run Behavior\ContentReplaceBehavior [ RunTime:0.000334s ]
INFO: [ template_filter ] --END-- [ RunTime:0.000643s ]
INFO: Run Behavior\ParseTemplateBehavior [ RunTime:0.034500s ]
INFO: [ view_parse ] --END-- [ RunTime:0.034750s ]
INFO: [ view_filter ] --START--
INFO: Run Behavior\WriteHtmlCacheBehavior [ RunTime:0.001393s ]
INFO: [ view_filter ] --END-- [ RunTime:0.001564s ]
INFO: [ app_end ] --START--
INFO: Run Behavior\ShowPageTraceBehavior [ RunTime:0.001471s ]
INFO: [ app_end ] --END-- [ RunTime:0.001713s ]

[ 2018-03-03T10:02:05+08:00 ] 127.0.0.1 /tp/shop/index.php/Admin/Index/right
INFO: [ app_init ] --START--
INFO: Run Behavior\BuildLiteBehavior [ RunTime:0.000057s ]
INFO: [ app_init ] --END-- [ RunTime:0.001237s ]
INFO: [ app_begin ] --START--
INFO: Run Behavior\ReadHtmlCacheBehavior [ RunTime:0.001083s ]
INFO: [ app_begin ] --END-- [ RunTime:0.001293s ]
INFO: [ view_parse ] --START--
INFO: [ template_filter ] --START--
INFO: Run Behavior\ContentReplaceBehavior [ RunTime:0.000282s ]
INFO: [ template_filter ] --END-- [ RunTime:0.000641s ]
INFO: Run Behavior\ParseTemplateBehavior [ RunTime:0.039972s ]
INFO: [ view_parse ] --END-- [ RunTime:0.040238s ]
INFO: [ view_filter ] --START--
INFO: Run Behavior\WriteHtmlCacheBehavior [ RunTime:0.001320s ]
INFO: [ view_filter ] --END-- [ RunTime:0.001533s ]
INFO: [ app_end ] --START--
INFO: Run Behavior\ShowPageTraceBehavior [ RunTime:0.001199s ]
INFO: [ app_end ] --END-- [ RunTime:0.001358s ]

[ 2018-03-03T10:02:05+08:00 ] 127.0.0.1 /tp/shop/index.php/Admin/Index/images/top_loader.gif
INFO: [ app_init ] --START--
INFO: Run Behavior\BuildLiteBehavior [ RunTime:0.000032s ]
INFO: [ app_init ] --END-- [ RunTime:0.000788s ]

[ 2018-03-03T10:02:05+08:00 ] 127.0.0.1 /tp/shop/index.php/Admin/Index/drag
INFO: [ app_init ] --START--
INFO: Run Behavior\BuildLiteBehavior [ RunTime:0.000053s ]
INFO: [ app_init ] --END-- [ RunTime:0.001141s ]
INFO: [ app_begin ] --START--
INFO: Run Behavior\ReadHtmlCacheBehavior [ RunTime:0.002379s ]
INFO: [ app_begin ] --END-- [ RunTime:0.002783s ]
INFO: [ view_parse ] --START--
INFO: [ template_filter ] --START--
INFO: Run Behavior\ContentReplaceBehavior [ RunTime:0.000087s ]
INFO: [ template_filter ] --END-- [ RunTime:0.000243s ]
INFO: Run Behavior\ParseTemplateBehavior [ RunTime:0.058623s ]
INFO: [ view_parse ] --END-- [ RunTime:0.058954s ]
INFO: [ view_filter ] --START--
INFO: Run Behavior\WriteHtmlCacheBehavior [ RunTime:0.001086s ]
INFO: [ view_filter ] --END-- [ RunTime:0.001239s ]
INFO: [ app_end ] --START--
INFO: Run Behavior\ShowPageTraceBehavior [ RunTime:0.001226s ]
INFO: [ app_end ] --END-- [ RunTime:0.001372s ]

[ 2018-03-03T10:02:05+08:00 ] 127.0.0.1 /tp/shop/index.php/Admin/js/transport.js
INFO: [ app_init ] --START--
INFO: Run Behavior\BuildLiteBehavior [ RunTime:0.000061s ]
INFO: [ app_init ] --END-- [ RunTime:0.001201s ]
INFO: [ app_begin ] --START--
INFO: Run Behavior\ReadHtmlCacheBehavior [ RunTime:0.000802s ]
INFO: [ app_begin ] --END-- [ RunTime:0.000959s ]
ERR: 无法加载控制器:Js

[ 2018-03-03T10:02:05+08:00 ] 127.0.0.1 /tp/shop/index.php/Admin/Index/Public/Admin/js/js/utils.js
INFO: [ app_init ] --START--
INFO: Run Behavior\BuildLiteBehavior [ RunTime:0.000035s ]
INFO: [ app_init ] --END-- [ RunTime:0.000812s ]
INFO: [ app_begin ] --START--
INFO: Run Behavior\ReadHtmlCacheBehavior [ RunTime:0.001081s ]
INFO: [ app_begin ] --END-- [ RunTime:0.001230s ]
ERR: 非法操作:Public

[ 2018-03-03T10:02:05+08:00 ] 127.0.0.1 /tp/shop/index.php/Admin/Index/Public/Admin/js/js/transport.js
INFO: [ app_init ] --START--
INFO: Run Behavior\BuildLiteBehavior [ RunTime:0.000032s ]
INFO: [ app_init ] --END-- [ RunTime:0.000651s ]
INFO: [ app_begin ] --START--
INFO: Run Behavior\ReadHtmlCacheBehavior [ RunTime:0.000801s ]
INFO: [ app_begin ] --END-- [ RunTime:0.000956s ]
ERR: 非法操作:Public

[ 2018-03-03T10:02:05+08:00 ] 127.0.0.1 /tp/shop/index.php/Admin/Index/Public/Admin/js/menu.js
INFO: [ app_init ] --START--
INFO: Run Behavior\BuildLiteBehavior [ RunTime:0.000054s ]
INFO: [ app_init ] --END-- [ RunTime:0.000766s ]
INFO: [ app_begin ] --START--
INFO: Run Behavior\ReadHtmlCacheBehavior [ RunTime:0.000796s ]
INFO: [ app_begin ] --END-- [ RunTime:0.000948s ]
ERR: 非法操作:Public

[ 2018-03-03T10:02:06+08:00 ] 127.0.0.1 /tp/shop/index.php/Admin/js/transport.js
INFO: [ app_init ] --START--
INFO: Run Behavior\BuildLiteBehavior [ RunTime:0.000059s ]
INFO: [ app_init ] --END-- [ RunTime:0.002704s ]
INFO: [ app_begin ] --START--
INFO: Run Behavior\ReadHtmlCacheBehavior [ RunTime:0.001279s ]
INFO: [ app_begin ] --END-- [ RunTime:0.001579s ]
ERR: 无法加载控制器:Js

[ 2018-03-03T10:02:06+08:00 ] 127.0.0.1 /tp/shop/index.php/Admin/Index/Public/Admin/js/js/utils.js
INFO: [ app_init ] --START--
INFO: Run Behavior\BuildLiteBehavior [ RunTime:0.000058s ]
INFO: [ app_init ] --END-- [ RunTime:0.001077s ]
INFO: [ app_begin ] --START--
INFO: Run Behavior\ReadHtmlCacheBehavior [ RunTime:0.001301s ]
INFO: [ app_begin ] --END-- [ RunTime:0.001598s ]
ERR: 非法操作:Public

[ 2018-03-03T10:02:06+08:00 ] 127.0.0.1 /tp/shop/index.php/Admin/js/utils.js
INFO: [ app_init ] --START--
INFO: Run Behavior\BuildLiteBehavior [ RunTime:0.000061s ]
INFO: [ app_init ] --END-- [ RunTime:0.001033s ]
INFO: [ app_begin ] --START--
INFO: Run Behavior\ReadHtmlCacheBehavior [ RunTime:0.001687s ]
INFO: [ app_begin ] --END-- [ RunTime:0.002037s ]
ERR: 无法加载控制器:Js

[ 2018-03-03T10:02:06+08:00 ] 127.0.0.1 /tp/shop/index.php/Admin/Index/js/common.js
INFO: [ app_init ] --START--
INFO: Run Behavior\BuildLiteBehavior [ RunTime:0.000061s ]
INFO: [ app_init ] --END-- [ RunTime:0.001184s ]
INFO: [ app_begin ] --START--
INFO: Run Behavior\ReadHtmlCacheBehavior [ RunTime:0.001281s ]
INFO: [ app_begin ] --END-- [ RunTime:0.001802s ]
ERR: 非法操作:js

[ 2018-03-03T10:02:06+08:00 ] 127.0.0.1 /tp/shop/index.php/Admin/Index/Public/Admin/js/js/transport.js
INFO: [ app_init ] --START--
INFO: Run Behavior\BuildLiteBehavior [ RunTime:0.000060s ]
INFO: [ app_init ] --END-- [ RunTime:0.001099s ]
INFO: [ app_begin ] --START--
INFO: Run Behavior\ReadHtmlCacheBehavior [ RunTime:0.001770s ]
INFO: [ app_begin ] --END-- [ RunTime:0.001972s ]
ERR: 非法操作:Public

[ 2018-03-03T10:02:06+08:00 ] 127.0.0.1 /tp/shop/index.php/Admin/js/utils.js
INFO: [ app_init ] --START--
INFO: Run Behavior\BuildLiteBehavior [ RunTime:0.000054s ]
INFO: [ app_init ] --END-- [ RunTime:0.001162s ]
INFO: [ app_begin ] --START--
INFO: Run Behavior\ReadHtmlCacheBehavior [ RunTime:0.001478s ]
INFO: [ app_begin ] --END-- [ RunTime:0.001717s ]
ERR: 无法加载控制器:Js

[ 2018-03-03T10:02:06+08:00 ] 127.0.0.1 /tp/shop/index.php/Admin/Index/Public/Admin/js/menu.js
INFO: [ app_init ] --START--
INFO: Run Behavior\BuildLiteBehavior [ RunTime:0.000066s ]
INFO: [ app_init ] --END-- [ RunTime:0.002096s ]
INFO: [ app_begin ] --START--
INFO: Run Behavior\ReadHtmlCacheBehavior [ RunTime:0.001381s ]
INFO: [ app_begin ] --END-- [ RunTime:0.001677s ]
ERR: 非法操作:Public

[ 2018-03-03T10:02:07+08:00 ] 127.0.0.1 /tp/shop/index.php/Admin/Goods/showlist
INFO: [ app_init ] --START--
INFO: Run Behavior\BuildLiteBehavior [ RunTime:0.000058s ]
INFO: [ app_init ] --END-- [ RunTime:0.001029s ]
INFO: [ app_begin ] --START--
INFO: Run Behavior\ReadHtmlCacheBehavior [ RunTime:0.001402s ]
INFO: [ app_begin ] --END-- [ RunTime:0.001782s ]
INFO: [ view_parse ] --START--
INFO: [ template_filter ] --START--
INFO: Run Behavior\ContentReplaceBehavior [ RunTime:0.000213s ]
INFO: [ template_filter ] --END-- [ RunTime:0.000386s ]
NOTIC: [8] Undefined variable: list C:\wamp\www\tp\shop\Runtime\Cache\Admin\41b338d2da7a49106b2ca8a3ed7e7885.php 第 111 行.
NOTIC: [2] Invalid argument supplied for foreach() C:\wamp\www\tp\shop\Runtime\Cache\Admin\41b338d2da7a49106b2ca8a3ed7e7885.php 第 111 行.
NOTIC: [8] Undefined variable: count C:\wamp\www\tp\shop\Runtime\Cache\Admin\41b338d2da7a49106b2ca8a3ed7e7885.php 第 132 行.
NOTIC: [8] Undefined variable: pagecount C:\wamp\www\tp\shop\Runtime\Cache\Admin\41b338d2da7a49106b2ca8a3ed7e7885.php 第 133 行.
NOTIC: [8] Undefined variable: pageno C:\wamp\www\tp\shop\Runtime\Cache\Admin\41b338d2da7a49106b2ca8a3ed7e7885.php 第 134 行.
NOTIC: [8] Undefined variable: pagesize C:\wamp\www\tp\shop\Runtime\Cache\Admin\41b338d2da7a49106b2ca8a3ed7e7885.php 第 135 行.
NOTIC: [8] Undefined variable: pageno C:\wamp\www\tp\shop\Runtime\Cache\Admin\41b338d2da7a49106b2ca8a3ed7e7885.php 第 138 行.
NOTIC: [8] Undefined variable: pageno C:\wamp\www\tp\shop\Runtime\Cache\Admin\41b338d2da7a49106b2ca8a3ed7e7885.php 第 139 行.
NOTIC: [8] Undefined variable: pagecount C:\wamp\www\tp\shop\Runtime\Cache\Admin\41b338d2da7a49106b2ca8a3ed7e7885.php 第 140 行.
INFO: Run Behavior\ParseTemplateBehavior [ RunTime:0.032230s ]
INFO: [ view_parse ] --END-- [ RunTime:0.032413s ]
INFO: [ view_filter ] --START--
INFO: Run Behavior\WriteHtmlCacheBehavior [ RunTime:0.001095s ]
INFO: [ view_filter ] --END-- [ RunTime:0.001250s ]
INFO: [ app_end ] --START--
INFO: Run Behavior\ShowPageTraceBehavior [ RunTime:0.001788s ]
INFO: [ app_end ] --END-- [ RunTime:0.002147s ]

[ 2018-03-03T10:02:07+08:00 ] 127.0.0.1 /tp/shop/index.php/Admin/Goods/js/common.js
INFO: [ app_init ] --START--
INFO: Run Behavior\BuildLiteBehavior [ RunTime:0.000032s ]
INFO: [ app_init ] --END-- [ RunTime:0.000637s ]
INFO: [ app_begin ] --START--
INFO: Run Behavior\ReadHtmlCacheBehavior [ RunTime:0.001511s ]
INFO: [ app_begin ] --END-- [ RunTime:0.001785s ]
ERR: 非法操作:js

[ 2018-03-03T10:02:07+08:00 ] 127.0.0.1 /tp/shop/index.php/Admin/Goods/js/listtable.js
INFO: [ app_init ] --START--
INFO: Run Behavior\BuildLiteBehavior [ RunTime:0.000079s ]
INFO: [ app_init ] --END-- [ RunTime:0.001327s ]
INFO: [ app_begin ] --START--
INFO: Run Behavior\ReadHtmlCacheBehavior [ RunTime:0.001187s ]
INFO: [ app_begin ] --END-- [ RunTime:0.001423s ]
ERR: 非法操作:js

[ 2018-03-03T10:02:10+08:00 ] 127.0.0.1 /tp/shop/index.php/Admin/Goods/showlist
INFO: [ app_init ] --START--
INFO: Run Behavior\BuildLiteBehavior [ RunTime:0.000036s ]
INFO: [ app_init ] --END-- [ RunTime:0.000695s ]
INFO: [ app_begin ] --START--
INFO: Run Behavior\ReadHtmlCacheBehavior [ RunTime:0.000879s ]
INFO: [ app_begin ] --END-- [ RunTime:0.001046s ]
INFO: [ view_parse ] --START--
INFO: [ template_filter ] --START--
INFO: Run Behavior\ContentReplaceBehavior [ RunTime:0.000209s ]
INFO: [ template_filter ] --END-- [ RunTime:0.000393s ]
NOTIC: [8] Undefined variable: list C:\wamp\www\tp\shop\Runtime\Cache\Admin\41b338d2da7a49106b2ca8a3ed7e7885.php 第 111 行.
NOTIC: [2] Invalid argument supplied for foreach() C:\wamp\www\tp\shop\Runtime\Cache\Admin\41b338d2da7a49106b2ca8a3ed7e7885.php 第 111 行.
NOTIC: [8] Undefined variable: count C:\wamp\www\tp\shop\Runtime\Cache\Admin\41b338d2da7a49106b2ca8a3ed7e7885.php 第 132 行.
NOTIC: [8] Undefined variable: pagecount C:\wamp\www\tp\shop\Runtime\Cache\Admin\41b338d2da7a49106b2ca8a3ed7e7885.php 第 133 行.
NOTIC: [8] Undefined variable: pageno C:\wamp\www\tp\shop\Runtime\Cache\Admin\41b338d2da7a49106b2ca8a3ed7e7885.php 第 134 行.
NOTIC: [8] Undefined variable: pagesize C:\wamp\www\tp\shop\Runtime\Cache\Admin\41b338d2da7a49106b2ca8a3ed7e7885.php 第 135 行.
NOTIC: [8] Undefined variable: pageno C:\wamp\www\tp\shop\Runtime\Cache\Admin\41b338d2da7a49106b2ca8a3ed7e7885.php 第 138 行.
NOTIC: [8] Undefined variable: pageno C:\wamp\www\tp\shop\Runtime\Cache\Admin\41b338d2da7a49106b2ca8a3ed7e7885.php 第 139 行.
NOTIC: [8] Undefined variable: pagecount C:\wamp\www\tp\shop\Runtime\Cache\Admin\41b338d2da7a49106b2ca8a3ed7e7885.php 第 140 行.
INFO: Run Behavior\ParseTemplateBehavior [ RunTime:0.016638s ]
INFO: [ view_parse ] --END-- [ RunTime:0.016851s ]
INFO: [ view_filter ] --START--
INFO: Run Behavior\WriteHtmlCacheBehavior [ RunTime:0.000839s ]
INFO: [ view_filter ] --END-- [ RunTime:0.001056s ]
INFO: [ app_end ] --START--
INFO: Run Behavior\ShowPageTraceBehavior [ RunTime:0.001675s ]
INFO: [ app_end ] --END-- [ RunTime:0.001917s ]

[ 2018-03-03T10:02:10+08:00 ] 127.0.0.1 /tp/shop/index.php/Admin/Goods/js/listtable.js
INFO: [ app_init ] --START--
INFO: Run Behavior\BuildLiteBehavior [ RunTime:0.000031s ]
INFO: [ app_init ] --END-- [ RunTime:0.000615s ]
INFO: [ app_begin ] --START--
INFO: Run Behavior\ReadHtmlCacheBehavior [ RunTime:0.000877s ]
INFO: [ app_begin ] --END-- [ RunTime:0.001155s ]
ERR: 非法操作:js

[ 2018-03-03T10:02:10+08:00 ] 127.0.0.1 /tp/shop/index.php/Admin/Goods/js/common.js
INFO: [ app_init ] --START--
INFO: Run Behavior\BuildLiteBehavior [ RunTime:0.000031s ]
INFO: [ app_init ] --END-- [ RunTime:0.000623s ]
INFO: [ app_begin ] --START--
INFO: Run Behavior\ReadHtmlCacheBehavior [ RunTime:0.000828s ]
INFO: [ app_begin ] --END-- [ RunTime:0.000977s ]
ERR: 非法操作:js

[ 2018-03-03T10:02:10+08:00 ] 127.0.0.1 /tp/shop/index.php/Admin/Goods/js/listtable.js
INFO: [ app_init ] --START--
INFO: Run Behavior\BuildLiteBehavior [ RunTime:0.000031s ]
INFO: [ app_init ] --END-- [ RunTime:0.000632s ]
INFO: [ app_begin ] --START--
INFO: Run Behavior\ReadHtmlCacheBehavior [ RunTime:0.000756s ]
INFO: [ app_begin ] --END-- [ RunTime:0.000904s ]
ERR: 非法操作:js

[ 2018-03-03T10:02:24+08:00 ] 127.0.0.1 /tp/shop/index.php/Admin/Goods/add
INFO: [ app_init ] --START--
INFO: Run Behavior\BuildLiteBehavior [ RunTime:0.000036s ]
INFO: [ app_init ] --END-- [ RunTime:0.000742s ]
INFO: [ app_begin ] --START--
INFO: Run Behavior\ReadHtmlCacheBehavior [ RunTime:0.000954s ]
INFO: [ app_begin ] --END-- [ RunTime:0.001129s ]
INFO: [ view_parse ] --START--
INFO: [ template_filter ] --START--
INFO: Run Behavior\ContentReplaceBehavior [ RunTime:0.000244s ]
INFO: [ template_filter ] --END-- [ RunTime:0.000396s ]
NOTIC: [8] Undefined variable: cat_list C:\wamp\www\tp\shop\Runtime\Cache\Admin\c6f228e288c3b14388c5675337f0a65d.php 第 87 行.
NOTIC: [2] Invalid argument supplied for foreach() C:\wamp\www\tp\shop\Runtime\Cache\Admin\c6f228e288c3b14388c5675337f0a65d.php 第 87 行.
INFO: Run Behavior\ParseTemplateBehavior [ RunTime:0.028976s ]
INFO: [ view_parse ] --END-- [ RunTime:0.029147s ]
INFO: [ view_filter ] --START--
INFO: Run Behavior\WriteHtmlCacheBehavior [ RunTime:0.000598s ]
INFO: [ view_filter ] --END-- [ RunTime:0.000740s ]
INFO: [ app_end ] --START--
INFO: Run Behavior\ShowPageTraceBehavior [ RunTime:0.000888s ]
INFO: [ app_end ] --END-- [ RunTime:0.001037s ]

[ 2018-03-03T10:02:24+08:00 ] 127.0.0.1 /tp/shop/index.php/Admin/Goods/js/colorselector.js
INFO: [ app_init ] --START--
INFO: Run Behavior\BuildLiteBehavior [ RunTime:0.000058s ]
INFO: [ app_init ] --END-- [ RunTime:0.000949s ]
INFO: [ app_begin ] --START--
INFO: Run Behavior\ReadHtmlCacheBehavior [ RunTime:0.001197s ]
INFO: [ app_begin ] --END-- [ RunTime:0.001501s ]
ERR: 非法操作:js

[ 2018-03-03T10:02:24+08:00 ] 127.0.0.1 /tp/shop/index.php/Admin/Goods/js/selectzone.js
INFO: [ app_init ] --START--
INFO: Run Behavior\BuildLiteBehavior [ RunTime:0.000059s ]
INFO: [ app_init ] --END-- [ RunTime:0.001014s ]
INFO: [ app_begin ] --START--
INFO: Run Behavior\ReadHtmlCacheBehavior [ RunTime:0.001266s ]
INFO: [ app_begin ] --END-- [ RunTime:0.001548s ]
ERR: 非法操作:js

[ 2018-03-03T10:02:24+08:00 ] 127.0.0.1 /tp/shop/index.php/Admin/Goods/js/tab.js
INFO: [ app_init ] --START--
INFO: Run Behavior\BuildLiteBehavior [ RunTime:0.000052s ]
INFO: [ app_init ] --END-- [ RunTime:0.001005s ]
INFO: [ app_begin ] --START--
INFO: Run Behavior\ReadHtmlCacheBehavior [ RunTime:0.001239s ]
INFO: [ app_begin ] --END-- [ RunTime:0.001524s ]
ERR: 非法操作:js

[ 2018-03-03T10:02:24+08:00 ] 127.0.0.1 /tp/shop/index.php/Admin/Goods/js/validator.js
INFO: [ app_init ] --START--
INFO: Run Behavior\BuildLiteBehavior [ RunTime:0.000056s ]
INFO: [ app_init ] --END-- [ RunTime:0.000994s ]
INFO: [ app_begin ] --START--
INFO: Run Behavior\ReadHtmlCacheBehavior [ RunTime:0.001275s ]
INFO: [ app_begin ] --END-- [ RunTime:0.001567s ]
ERR: 非法操作:js

[ 2018-03-03T10:02:24+08:00 ] 127.0.0.1 /tp/shop/index.php/Admin/Goods/js/common.js
INFO: [ app_init ] --START--
INFO: Run Behavior\BuildLiteBehavior [ RunTime:0.000053s ]
INFO: [ app_init ] --END-- [ RunTime:0.001002s ]
INFO: [ app_begin ] --START--
INFO: Run Behavior\ReadHtmlCacheBehavior [ RunTime:0.001210s ]
INFO: [ app_begin ] --END-- [ RunTime:0.001512s ]
ERR: 非法操作:js

[ 2018-03-03T10:02:24+08:00 ] 127.0.0.1 /tp/shop/index.php/Admin/Goods/js/selectzone.js
INFO: [ app_init ] --START--
INFO: Run Behavior\BuildLiteBehavior [ RunTime:0.000031s ]
INFO: [ app_init ] --END-- [ RunTime:0.000597s ]
INFO: [ app_begin ] --START--
INFO: Run Behavior\ReadHtmlCacheBehavior [ RunTime:0.000758s ]
INFO: [ app_begin ] --END-- [ RunTime:0.000914s ]
ERR: 非法操作:js

[ 2018-03-03T10:02:24+08:00 ] 127.0.0.1 /tp/shop/index.php/Admin/Goods/js/colorselector.js
INFO: [ app_init ] --START--
INFO: Run Behavior\BuildLiteBehavior [ RunTime:0.000031s ]
INFO: [ app_init ] --END-- [ RunTime:0.000604s ]
INFO: [ app_begin ] --START--
INFO: Run Behavior\ReadHtmlCacheBehavior [ RunTime:0.000764s ]
INFO: [ app_begin ] --END-- [ RunTime:0.000911s ]
ERR: 非法操作:js

[ 2018-03-03T10:02:24+08:00 ] 127.0.0.1 /tp/shop/index.php/Admin/Goods/js/validator.js
INFO: [ app_init ] --START--
INFO: Run Behavior\BuildLiteBehavior [ RunTime:0.000034s ]
INFO: [ app_init ] --END-- [ RunTime:0.000652s ]
INFO: [ app_begin ] --START--
INFO: Run Behavior\ReadHtmlCacheBehavior [ RunTime:0.001162s ]
INFO: [ app_begin ] --END-- [ RunTime:0.001395s ]
ERR: 非法操作:js

[ 2018-03-03T10:02:24+08:00 ] 127.0.0.1 /tp/shop/index.php/Admin/Goods/js/tab.js
INFO: [ app_init ] --START--
INFO: Run Behavior\BuildLiteBehavior [ RunTime:0.000031s ]
INFO: [ app_init ] --END-- [ RunTime:0.000604s ]
INFO: [ app_begin ] --START--
INFO: Run Behavior\ReadHtmlCacheBehavior [ RunTime:0.000760s ]
INFO: [ app_begin ] --END-- [ RunTime:0.000908s ]
ERR: 非法操作:js

[ 2018-03-03T10:02:26+08:00 ] 127.0.0.1 /tp/shop/index.php/Admin/Goods/showlist
INFO: [ app_init ] --START--
INFO: Run Behavior\BuildLiteBehavior [ RunTime:0.000032s ]
INFO: [ app_init ] --END-- [ RunTime:0.000999s ]
INFO: [ app_begin ] --START--
INFO: Run Behavior\ReadHtmlCacheBehavior [ RunTime:0.000929s ]
INFO: [ app_begin ] --END-- [ RunTime:0.001090s ]
INFO: [ view_parse ] --START--
INFO: [ template_filter ] --START--
INFO: Run Behavior\ContentReplaceBehavior [ RunTime:0.000176s ]
INFO: [ template_filter ] --END-- [ RunTime:0.000342s ]
NOTIC: [8] Undefined variable: list C:\wamp\www\tp\shop\Runtime\Cache\Admin\41b338d2da7a49106b2ca8a3ed7e7885.php 第 111 行.
NOTIC: [2] Invalid argument supplied for foreach() C:\wamp\www\tp\shop\Runtime\Cache\Admin\41b338d2da7a49106b2ca8a3ed7e7885.php 第 111 行.
NOTIC: [8] Undefined variable: count C:\wamp\www\tp\shop\Runtime\Cache\Admin\41b338d2da7a49106b2ca8a3ed7e7885.php 第 132 行.
NOTIC: [8] Undefined variable: pagecount C:\wamp\www\tp\shop\Runtime\Cache\Admin\41b338d2da7a49106b2ca8a3ed7e7885.php 第 133 行.
NOTIC: [8] Undefined variable: pageno C:\wamp\www\tp\shop\Runtime\Cache\Admin\41b338d2da7a49106b2ca8a3ed7e7885.php 第 134 行.
NOTIC: [8] Undefined variable: pagesize C:\wamp\www\tp\shop\Runtime\Cache\Admin\41b338d2da7a49106b2ca8a3ed7e7885.php 第 135 行.
NOTIC: [8] Undefined variable: pageno C:\wamp\www\tp\shop\Runtime\Cache\Admin\41b338d2da7a49106b2ca8a3ed7e7885.php 第 138 行.
NOTIC: [8] Undefined variable: pageno C:\wamp\www\tp\shop\Runtime\Cache\Admin\41b338d2da7a49106b2ca8a3ed7e7885.php 第 139 行.
NOTIC: [8] Undefined variable: pagecount C:\wamp\www\tp\shop\Runtime\Cache\Admin\41b338d2da7a49106b2ca8a3ed7e7885.php 第 140 行.
INFO: Run Behavior\ParseTemplateBehavior [ RunTime:0.014568s ]
INFO: [ view_parse ] --END-- [ RunTime:0.014812s ]
INFO: [ view_filter ] --START--
INFO: Run Behavior\WriteHtmlCacheBehavior [ RunTime:0.000949s ]
INFO: [ view_filter ] --END-- [ RunTime:0.001232s ]
INFO: [ app_end ] --START--
INFO: Run Behavior\ShowPageTraceBehavior [ RunTime:0.001332s ]
INFO: [ app_end ] --END-- [ RunTime:0.001620s ]

[ 2018-03-03T10:02:26+08:00 ] 127.0.0.1 /tp/shop/index.php/Admin/Goods/js/listtable.js
INFO: [ app_init ] --START--
INFO: Run Behavior\BuildLiteBehavior [ RunTime:0.000033s ]
INFO: [ app_init ] --END-- [ RunTime:0.000900s ]
INFO: [ app_begin ] --START--
INFO: Run Behavior\ReadHtmlCacheBehavior [ RunTime:0.001268s ]
INFO: [ app_begin ] --END-- [ RunTime:0.001547s ]
ERR: 非法操作:js

[ 2018-03-03T10:02:26+08:00 ] 127.0.0.1 /tp/shop/index.php/Admin/Goods/js/common.js
INFO: [ app_init ] --START--
INFO: Run Behavior\BuildLiteBehavior [ RunTime:0.000057s ]
INFO: [ app_init ] --END-- [ RunTime:0.001038s ]
INFO: [ app_begin ] --START--
INFO: Run Behavior\ReadHtmlCacheBehavior [ RunTime:0.001217s ]
INFO: [ app_begin ] --END-- [ RunTime:0.001490s ]
ERR: 非法操作:js

[ 2018-03-03T10:02:26+08:00 ] 127.0.0.1 /tp/shop/index.php/Admin/Goods/js/listtable.js
INFO: [ app_init ] --START--
INFO: Run Behavior\BuildLiteBehavior [ RunTime:0.000051s ]
INFO: [ app_init ] --END-- [ RunTime:0.000897s ]
INFO: [ app_begin ] --START--
INFO: Run Behavior\ReadHtmlCacheBehavior [ RunTime:0.001365s ]
INFO: [ app_begin ] --END-- [ RunTime:0.001666s ]
ERR: 非法操作:js

