[ 2018-03-11T07:39:01+08:00 ] 127.0.0.1 /tp/shop/index.php/Admin/Cat/catlist
INFO: [ app_init ] --START--
INFO: Run Behavior\BuildLiteBehavior [ RunTime:0.000087s ]
INFO: [ app_init ] --END-- [ RunTime:0.058456s ]
INFO: [ app_begin ] --START--
INFO: Run Behavior\ReadHtmlCacheBehavior [ RunTime:0.028772s ]
INFO: [ app_begin ] --END-- [ RunTime:0.029178s ]
SQL: SHOW COLUMNS FROM `sw_cat` [ RunTime:0.3455s ]
SQL: SELECT * FROM `sw_cat`  [ RunTime:0.0014s ]
INFO: [ view_parse ] --START--
NOTIC: [8] Undefined index: cat_order C:\wamp\www\tp\shop\Runtime\Cache\b8f7fe90e80c54a18204a3b457a456d537bee287.file.catlist.html.php 第 89 行.
NOTIC: [8] Undefined index: cat_order C:\wamp\www\tp\shop\Runtime\Cache\b8f7fe90e80c54a18204a3b457a456d537bee287.file.catlist.html.php 第 89 行.
NOTIC: [8] Undefined index: cat_order C:\wamp\www\tp\shop\Runtime\Cache\b8f7fe90e80c54a18204a3b457a456d537bee287.file.catlist.html.php 第 89 行.
NOTIC: [8] Undefined index: cat_order C:\wamp\www\tp\shop\Runtime\Cache\b8f7fe90e80c54a18204a3b457a456d537bee287.file.catlist.html.php 第 89 行.
NOTIC: [8] Undefined index: cat_order C:\wamp\www\tp\shop\Runtime\Cache\b8f7fe90e80c54a18204a3b457a456d537bee287.file.catlist.html.php 第 89 行.
NOTIC: [8] Undefined index: cat_order C:\wamp\www\tp\shop\Runtime\Cache\b8f7fe90e80c54a18204a3b457a456d537bee287.file.catlist.html.php 第 89 行.
NOTIC: [8] Undefined index: cat_order C:\wamp\www\tp\shop\Runtime\Cache\b8f7fe90e80c54a18204a3b457a456d537bee287.file.catlist.html.php 第 89 行.
NOTIC: [8] Undefined index: cat_order C:\wamp\www\tp\shop\Runtime\Cache\b8f7fe90e80c54a18204a3b457a456d537bee287.file.catlist.html.php 第 89 行.
NOTIC: [8] Undefined index: cat_order C:\wamp\www\tp\shop\Runtime\Cache\b8f7fe90e80c54a18204a3b457a456d537bee287.file.catlist.html.php 第 89 行.
NOTIC: [8] Undefined index: cat_order C:\wamp\www\tp\shop\Runtime\Cache\b8f7fe90e80c54a18204a3b457a456d537bee287.file.catlist.html.php 第 89 行.
NOTIC: [8] Undefined index: cat_order C:\wamp\www\tp\shop\Runtime\Cache\b8f7fe90e80c54a18204a3b457a456d537bee287.file.catlist.html.php 第 89 行.
INFO: Run Behavior\ParseTemplateBehavior [ RunTime:0.151948s ]
INFO: [ view_parse ] --END-- [ RunTime:0.152346s ]
INFO: [ view_filter ] --START--
INFO: Run Behavior\WriteHtmlCacheBehavior [ RunTime:0.025525s ]
INFO: [ view_filter ] --END-- [ RunTime:0.025903s ]
INFO: [ app_end ] --START--
INFO: Run Behavior\ShowPageTraceBehavior [ RunTime:0.008357s ]
INFO: [ app_end ] --END-- [ RunTime:0.009183s ]

[ 2018-03-11T07:39:01+08:00 ] 127.0.0.1 /tp/shop/index.php/Admin/Cat/Public/Admin/images//menu_minus.gif
INFO: [ app_init ] --START--
INFO: Run Behavior\BuildLiteBehavior [ RunTime:0.000059s ]
INFO: [ app_init ] --END-- [ RunTime:0.001043s ]

[ 2018-03-11T12:53:33+08:00 ] 127.0.0.1 /tp/shop/index.php/Admin/Index/index.html
INFO: [ app_init ] --START--
INFO: Run Behavior\BuildLiteBehavior [ RunTime:0.000039s ]
INFO: [ app_init ] --END-- [ RunTime:0.037932s ]
INFO: [ app_begin ] --START--
INFO: Run Behavior\ReadHtmlCacheBehavior [ RunTime:0.043476s ]
INFO: [ app_begin ] --END-- [ RunTime:0.043654s ]

[ 2018-03-11T12:53:36+08:00 ] 127.0.0.1 /tp/shop/index.php/Admin/Manager/login.html
INFO: [ app_init ] --START--
INFO: Run Behavior\BuildLiteBehavior [ RunTime:0.000087s ]
INFO: [ app_init ] --END-- [ RunTime:0.000961s ]
INFO: [ app_begin ] --START--
INFO: Run Behavior\ReadHtmlCacheBehavior [ RunTime:0.000591s ]
INFO: [ app_begin ] --END-- [ RunTime:0.000748s ]
INFO: [ view_parse ] --START--
INFO: Run Behavior\ParseTemplateBehavior [ RunTime:0.450102s ]
INFO: [ view_parse ] --END-- [ RunTime:0.450434s ]
INFO: [ view_filter ] --START--
INFO: Run Behavior\WriteHtmlCacheBehavior [ RunTime:0.045536s ]
INFO: [ view_filter ] --END-- [ RunTime:0.045941s ]
INFO: [ app_end ] --START--
INFO: Run Behavior\ShowPageTraceBehavior [ RunTime:0.020710s ]
INFO: [ app_end ] --END-- [ RunTime:0.021153s ]

[ 2018-03-11T12:53:36+08:00 ] 127.0.0.1 /tp/shop/index.php/Admin/Manager/js/validator.js
INFO: [ app_init ] --START--
INFO: Run Behavior\BuildLiteBehavior [ RunTime:0.000056s ]
INFO: [ app_init ] --END-- [ RunTime:0.000863s ]
INFO: [ app_begin ] --START--
INFO: Run Behavior\ReadHtmlCacheBehavior [ RunTime:0.001053s ]
INFO: [ app_begin ] --END-- [ RunTime:0.001342s ]
ERR: 非法操作:js

[ 2018-03-11T12:53:36+08:00 ] 127.0.0.1 /tp/shop/index.php/Admin/js/utils.js
INFO: [ app_init ] --START--
INFO: Run Behavior\BuildLiteBehavior [ RunTime:0.000052s ]
INFO: [ app_init ] --END-- [ RunTime:0.001062s ]
INFO: [ app_begin ] --START--
INFO: Run Behavior\ReadHtmlCacheBehavior [ RunTime:0.000994s ]
INFO: [ app_begin ] --END-- [ RunTime:0.001291s ]
ERR: 无法加载控制器:Js

[ 2018-03-11T12:53:36+08:00 ] 127.0.0.1 /tp/shop/index.php/Admin/Manager/js/validator.js
INFO: [ app_init ] --START--
INFO: Run Behavior\BuildLiteBehavior [ RunTime:0.000060s ]
INFO: [ app_init ] --END-- [ RunTime:0.000824s ]
INFO: [ app_begin ] --START--
INFO: Run Behavior\ReadHtmlCacheBehavior [ RunTime:0.000873s ]
INFO: [ app_begin ] --END-- [ RunTime:0.001089s ]
ERR: 非法操作:js

[ 2018-03-11T12:53:37+08:00 ] 127.0.0.1 /tp/shop/index.php/Admin/Manager/Verify
INFO: [ app_init ] --START--
INFO: Run Behavior\BuildLiteBehavior [ RunTime:0.000061s ]
INFO: [ app_init ] --END-- [ RunTime:0.000993s ]
INFO: [ app_begin ] --START--
INFO: Run Behavior\ReadHtmlCacheBehavior [ RunTime:0.000828s ]
INFO: [ app_begin ] --END-- [ RunTime:0.001024s ]
INFO: [ app_end ] --START--
INFO: Run Behavior\ShowPageTraceBehavior [ RunTime:0.001141s ]
INFO: [ app_end ] --END-- [ RunTime:0.001433s ]

[ 2018-03-11T18:10:59+08:00 ] 127.0.0.1 /tp/shop/index.php/Admin/Index/index.html
INFO: [ app_init ] --START--
INFO: Run Behavior\BuildLiteBehavior [ RunTime:0.000033s ]
INFO: [ app_init ] --END-- [ RunTime:0.000692s ]
INFO: [ app_begin ] --START--
INFO: Run Behavior\ReadHtmlCacheBehavior [ RunTime:0.001265s ]
INFO: [ app_begin ] --END-- [ RunTime:0.001518s ]

[ 2018-03-11T18:11:02+08:00 ] 127.0.0.1 /tp/shop/index.php/Admin/Manager/login.html
INFO: [ app_init ] --START--
INFO: Run Behavior\BuildLiteBehavior [ RunTime:0.000057s ]
INFO: [ app_init ] --END-- [ RunTime:0.001187s ]
INFO: [ app_begin ] --START--
INFO: Run Behavior\ReadHtmlCacheBehavior [ RunTime:0.001579s ]
INFO: [ app_begin ] --END-- [ RunTime:0.001934s ]
INFO: [ view_parse ] --START--
INFO: Run Behavior\ParseTemplateBehavior [ RunTime:0.047299s ]
INFO: [ view_parse ] --END-- [ RunTime:0.047759s ]
INFO: [ view_filter ] --START--
INFO: Run Behavior\WriteHtmlCacheBehavior [ RunTime:0.000948s ]
INFO: [ view_filter ] --END-- [ RunTime:0.001172s ]
INFO: [ app_end ] --START--
INFO: Run Behavior\ShowPageTraceBehavior [ RunTime:0.001688s ]
INFO: [ app_end ] --END-- [ RunTime:0.002704s ]

[ 2018-03-11T18:11:02+08:00 ] 127.0.0.1 /tp/shop/index.php/Admin/js/utils.js
INFO: [ app_init ] --START--
INFO: Run Behavior\BuildLiteBehavior [ RunTime:0.000065s ]
INFO: [ app_init ] --END-- [ RunTime:0.000903s ]
INFO: [ app_begin ] --START--
INFO: Run Behavior\ReadHtmlCacheBehavior [ RunTime:0.001146s ]
INFO: [ app_begin ] --END-- [ RunTime:0.001462s ]
ERR: 无法加载控制器:Js

[ 2018-03-11T18:11:02+08:00 ] 127.0.0.1 /tp/shop/index.php/Admin/Manager/js/validator.js
INFO: [ app_init ] --START--
INFO: Run Behavior\BuildLiteBehavior [ RunTime:0.000058s ]
INFO: [ app_init ] --END-- [ RunTime:0.009596s ]
INFO: [ app_begin ] --START--
INFO: Run Behavior\ReadHtmlCacheBehavior [ RunTime:0.001833s ]
INFO: [ app_begin ] --END-- [ RunTime:0.002209s ]
ERR: 非法操作:js

[ 2018-03-11T18:11:02+08:00 ] 127.0.0.1 /tp/shop/index.php/Admin/Manager/Verify
INFO: [ app_init ] --START--
INFO: Run Behavior\BuildLiteBehavior [ RunTime:0.000063s ]
INFO: [ app_init ] --END-- [ RunTime:0.000996s ]
INFO: [ app_begin ] --START--
INFO: Run Behavior\ReadHtmlCacheBehavior [ RunTime:0.001027s ]
INFO: [ app_begin ] --END-- [ RunTime:0.001250s ]
INFO: [ app_end ] --START--
INFO: Run Behavior\ShowPageTraceBehavior [ RunTime:0.001334s ]
INFO: [ app_end ] --END-- [ RunTime:0.001572s ]

[ 2018-03-11T18:11:02+08:00 ] 127.0.0.1 /tp/shop/index.php/Admin/js/utils.js
INFO: [ app_init ] --START--
INFO: Run Behavior\BuildLiteBehavior [ RunTime:0.000060s ]
INFO: [ app_init ] --END-- [ RunTime:0.000987s ]
INFO: [ app_begin ] --START--
INFO: Run Behavior\ReadHtmlCacheBehavior [ RunTime:0.001365s ]
INFO: [ app_begin ] --END-- [ RunTime:0.001686s ]
ERR: 无法加载控制器:Js

[ 2018-03-11T18:11:02+08:00 ] 127.0.0.1 /tp/shop/index.php/Admin/Manager/js/validator.js
INFO: [ app_init ] --START--
INFO: Run Behavior\BuildLiteBehavior [ RunTime:0.000035s ]
INFO: [ app_init ] --END-- [ RunTime:0.000743s ]
INFO: [ app_begin ] --START--
INFO: Run Behavior\ReadHtmlCacheBehavior [ RunTime:0.000883s ]
INFO: [ app_begin ] --END-- [ RunTime:0.001137s ]
ERR: 非法操作:js

